#
# There is insufficient memory for the Java Runtime Environment to continue.
# Native memory allocation (malloc) failed to allocate 2288016 bytes. Error detail: Chunk::new
# Possible reasons:
#   The system is out of physical RAM or swap space
#   This process is running with CompressedOops enabled, and the Java Heap may be blocking the growth of the native heap
# Possible solutions:
#   Reduce memory load on the system
#   Increase physical memory or swap space
#   Check if swap backing store is full
#   Decrease Java heap size (-Xmx/-Xms)
#   Decrease number of Java threads
#   Decrease Java thread stack sizes (-Xss)
#   Set larger code cache with -XX:ReservedCodeCacheSize=
#   JVM is running with Unscaled Compressed Oops mode in which the Java heap is
#     placed in the first 4GB address space. The Java Heap base address is the
#     maximum limit for the native heap growth. Please use -XX:HeapBaseMinAddress
#     to set the Java Heap base and to place the Java Heap above 4GB virtual address.
# This output file may be truncated or incomplete.
#
#  Out of Memory Error (arena.cpp:191), pid=16964, tid=5856
#
# JRE version: OpenJDK Runtime Environment Temurin-17.0.13+11 (17.0.13+11) (build 17.0.13+11)
# Java VM: OpenJDK 64-Bit Server VM Temurin-17.0.13+11 (17.0.13+11, mixed mode, tiered, compressed oops, compressed class ptrs, parallel gc, windows-amd64)
# No core dump will be written. Minidumps are not enabled by default on client versions of Windows
#

---------------  S U M M A R Y ------------

Command Line: --add-modules=ALL-SYSTEM --add-opens=java.base/java.util=ALL-UNNAMED --add-opens=java.base/java.lang=ALL-UNNAMED --add-opens=java.base/sun.nio.fs=ALL-UNNAMED -Declipse.application=org.eclipse.jdt.ls.core.id1 -Dosgi.bundles.defaultStartLevel=4 -Declipse.product=org.eclipse.jdt.ls.core.product -Djava.import.generatesMetadataFilesAtProjectRoot=false -DDetectVMInstallationsJob.disabled=true -Dfile.encoding=utf8 -XX:+UseParallelGC -XX:GCTimeRatio=4 -XX:AdaptiveSizePolicyWeight=90 -Dsun.zip.disableMemoryMapping=true -Xmx1G -Xms100m -Xlog:disable -javaagent:c:\Users\ManSiek\.cursor\extensions\redhat.java-1.36.0-win32-x64\lombok\lombok-1.18.35.jar -XX:+HeapDumpOnOutOfMemoryError -XX:HeapDumpPath=c:\Users\ManSiek\AppData\Roaming\Cursor\User\workspaceStorage\1fb9b20678c8910858ca9e0fdacec41e\redhat.java -Daether.dependencyCollector.impl=bf c:\Users\ManSiek\.cursor\extensions\redhat.java-1.36.0-win32-x64\server\plugins\org.eclipse.equinox.launcher_1.6.900.v20240613-2009.jar -configuration c:\Users\ManSiek\AppData\Roaming\Cursor\User\globalStorage\redhat.java\1.36.0\config_win -data c:\Users\ManSiek\AppData\Roaming\Cursor\User\workspaceStorage\1fb9b20678c8910858ca9e0fdacec41e\redhat.java\jdt_ws --pipe=\\.\pipe\lsp-51bc9b5af07d4fc2669f2a177d94d373-sock

Host: Intel(R) Core(TM) i5-1035G1 CPU @ 1.00GHz, 8 cores, 7G,  Windows 11 , 64 bit Build 22621 (10.0.22621.4391)
Time: Wed Nov 13 23:59:49 2024 SE Asia Standard Time elapsed time: 77.440686 seconds (0d 0h 1m 17s)

---------------  T H R E A D  ---------------

Current thread (0x000001d2f3082760):  JavaThread "C2 CompilerThread0" daemon [_thread_in_native, id=5856, stack(0x00000040c8b00000,0x00000040c8c00000)]


Current CompileTask:
C2:  77440 9385   !   4       org.eclipse.jdt.internal.compiler.lookup.BinaryTypeBinding::superInterfaces (286 bytes)

Stack: [0x00000040c8b00000,0x00000040c8c00000]
Native frames: (J=compiled Java code, j=interpreted, Vv=VM code, C=native code)
V  [jvm.dll+0x682a19]
V  [jvm.dll+0x839538]
V  [jvm.dll+0x83afe3]
V  [jvm.dll+0x83b653]
V  [jvm.dll+0x24704f]
V  [jvm.dll+0xace34]
V  [jvm.dll+0xad4cc]
V  [jvm.dll+0x36592f]
V  [jvm.dll+0x32fbd8]
V  [jvm.dll+0x32f05a]
V  [jvm.dll+0x21804f]
V  [jvm.dll+0x21748f]
V  [jvm.dll+0x1a3070]
V  [jvm.dll+0x22788c]
V  [jvm.dll+0x2259eb]
V  [jvm.dll+0x7eec98]
V  [jvm.dll+0x7e8ffc]
V  [jvm.dll+0x6818f7]
C  [ucrtbase.dll+0x29333]
C  [KERNEL32.DLL+0x1259d]
C  [ntdll.dll+0x5af38]


---------------  P R O C E S S  ---------------

Threads class SMR info:
_java_thread_list=0x000001d2f7be9610, length=62, elements={
0x000001d2d81421b0, 0x000001d2d81e6bc0, 0x000001d2edf19010, 0x000001d2f3079330,
0x000001d2f3079c00, 0x000001d2f307c4a0, 0x000001d2f307d510, 0x000001d2f3082760,
0x000001d2f30874a0, 0x000001d2f3088550, 0x000001d2f316fa80, 0x000001d2f33a9710,
0x000001d2f4c1dcc0, 0x000001d2f4c10740, 0x000001d2f4b55010, 0x000001d2f4b55900,
0x000001d2f4816900, 0x000001d2f31c9f10, 0x000001d2f31ca420, 0x000001d2f31c9a00,
0x000001d2f31c8fe0, 0x000001d2f31ca930, 0x000001d2f31cae40, 0x000001d2f31c85c0,
0x000001d2f31c80b0, 0x000001d2f31c8ad0, 0x000001d2f7286190, 0x000001d2f7285c80,
0x000001d2f72875d0, 0x000001d2f72866a0, 0x000001d2f72870c0, 0x000001d2f7284840,
0x000001d2f72829e0, 0x000001d2f7286bb0, 0x000001d2f7283400, 0x000001d2f72824d0,
0x000001d2f7283910, 0x000001d2f7288500, 0x000001d2f7287ff0, 0x000001d2f7285260,
0x000001d2f7285770, 0x000001d2f31cb350, 0x000001d2f31cb860, 0x000001d2f7bf6a20,
0x000001d2f7bf8880, 0x000001d2f7bf55e0, 0x000001d2f7bf7950, 0x000001d2f7bf9cc0,
0x000001d2f7bf92a0, 0x000001d2f7bf3c90, 0x000001d2f7bf8d90, 0x000001d2f7bf97b0,
0x000001d2f7bfa1d0, 0x000001d2f7bf6f30, 0x000001d2f7bf5af0, 0x000001d2f7bf41a0,
0x000001d2f7bf8370, 0x000001d2f7bf2d60, 0x000001d2f85d3ff0, 0x000001d2f7bf3270,
0x000001d2f7bf7440, 0x000001d2f7bf46b0
}

Java Threads: ( => current thread )
  0x000001d2d81421b0 JavaThread "main" [_thread_blocked, id=15688, stack(0x00000040c8200000,0x00000040c8300000)]
  0x000001d2d81e6bc0 JavaThread "Reference Handler" daemon [_thread_blocked, id=20124, stack(0x00000040c8500000,0x00000040c8600000)]
  0x000001d2edf19010 JavaThread "Finalizer" daemon [_thread_blocked, id=8412, stack(0x00000040c8600000,0x00000040c8700000)]
  0x000001d2f3079330 JavaThread "Signal Dispatcher" daemon [_thread_blocked, id=14312, stack(0x00000040c8700000,0x00000040c8800000)]
  0x000001d2f3079c00 JavaThread "Attach Listener" daemon [_thread_blocked, id=15540, stack(0x00000040c8800000,0x00000040c8900000)]
  0x000001d2f307c4a0 JavaThread "Service Thread" daemon [_thread_blocked, id=6384, stack(0x00000040c8900000,0x00000040c8a00000)]
  0x000001d2f307d510 JavaThread "Monitor Deflation Thread" daemon [_thread_blocked, id=8512, stack(0x00000040c8a00000,0x00000040c8b00000)]
=>0x000001d2f3082760 JavaThread "C2 CompilerThread0" daemon [_thread_in_native, id=5856, stack(0x00000040c8b00000,0x00000040c8c00000)]
  0x000001d2f30874a0 JavaThread "C1 CompilerThread0" daemon [_thread_in_native, id=12540, stack(0x00000040c8c00000,0x00000040c8d00000)]
  0x000001d2f3088550 JavaThread "Sweeper thread" daemon [_thread_blocked, id=7448, stack(0x00000040c8d00000,0x00000040c8e00000)]
  0x000001d2f316fa80 JavaThread "Common-Cleaner" daemon [_thread_blocked, id=21300, stack(0x00000040c8e00000,0x00000040c8f00000)]
  0x000001d2f33a9710 JavaThread "Notification Thread" daemon [_thread_blocked, id=20812, stack(0x00000040c9100000,0x00000040c9200000)]
  0x000001d2f4c1dcc0 JavaThread "Active Thread: Equinox Container: d52a7d56-d30a-4dbf-9c3f-d01dac01df76" [_thread_blocked, id=21424, stack(0x00000040c9900000,0x00000040c9a00000)]
  0x000001d2f4c10740 JavaThread "Refresh Thread: Equinox Container: d52a7d56-d30a-4dbf-9c3f-d01dac01df76" daemon [_thread_blocked, id=20188, stack(0x00000040c8f00000,0x00000040c9000000)]
  0x000001d2f4b55010 JavaThread "Framework Event Dispatcher: Equinox Container: d52a7d56-d30a-4dbf-9c3f-d01dac01df76" daemon [_thread_blocked, id=17164, stack(0x00000040c9000000,0x00000040c9100000)]
  0x000001d2f4b55900 JavaThread "Start Level: Equinox Container: d52a7d56-d30a-4dbf-9c3f-d01dac01df76" daemon [_thread_blocked, id=9524, stack(0x00000040c9a00000,0x00000040c9b00000)]
  0x000001d2f4816900 JavaThread "Bundle File Closer" daemon [_thread_blocked, id=19816, stack(0x00000040c9d00000,0x00000040c9e00000)]
  0x000001d2f31c9f10 JavaThread "SCR Component Actor" daemon [_thread_blocked, id=13992, stack(0x00000040c9c00000,0x00000040c9d00000)]
  0x000001d2f31ca420 JavaThread "Worker-JM" [_thread_blocked, id=21332, stack(0x00000040c9f00000,0x00000040ca000000)]
  0x000001d2f31c9a00 JavaThread "JNA Cleaner" daemon [_thread_blocked, id=3768, stack(0x00000040ca000000,0x00000040ca100000)]
  0x000001d2f31c8fe0 JavaThread "Worker-0: Java indexing... " [_thread_blocked, id=16992, stack(0x00000040ca100000,0x00000040ca200000)]
  0x000001d2f31ca930 JavaThread "Worker-1" [_thread_blocked, id=16620, stack(0x00000040ca200000,0x00000040ca300000)]
  0x000001d2f31cae40 JavaThread "Worker-2" [_thread_blocked, id=2788, stack(0x00000040ca300000,0x00000040ca400000)]
  0x000001d2f31c85c0 JavaThread "Worker-3" [_thread_blocked, id=20116, stack(0x00000040ca500000,0x00000040ca600000)]
  0x000001d2f31c80b0 JavaThread "Java indexing" daemon [_thread_in_Java, id=20356, stack(0x00000040ca700000,0x00000040ca800000)]
  0x000001d2f31c8ad0 JavaThread "Worker-4" [_thread_blocked, id=21448, stack(0x00000040caa00000,0x00000040cab00000)]
  0x000001d2f7286190 JavaThread "Thread-2" daemon [_thread_in_native, id=14732, stack(0x00000040cab00000,0x00000040cac00000)]
  0x000001d2f7285c80 JavaThread "Thread-3" daemon [_thread_in_native, id=17100, stack(0x00000040cac00000,0x00000040cad00000)]
  0x000001d2f72875d0 JavaThread "Thread-4" daemon [_thread_in_native, id=21436, stack(0x00000040cad00000,0x00000040cae00000)]
  0x000001d2f72866a0 JavaThread "Thread-5" daemon [_thread_in_native, id=20964, stack(0x00000040cae00000,0x00000040caf00000)]
  0x000001d2f72870c0 JavaThread "Thread-6" daemon [_thread_in_native, id=8124, stack(0x00000040caf00000,0x00000040cb000000)]
  0x000001d2f7284840 JavaThread "Thread-7" daemon [_thread_in_native, id=13984, stack(0x00000040cb000000,0x00000040cb100000)]
  0x000001d2f72829e0 JavaThread "Thread-8" daemon [_thread_in_native, id=5552, stack(0x00000040cb100000,0x00000040cb200000)]
  0x000001d2f7286bb0 JavaThread "Thread-9" daemon [_thread_in_native, id=19704, stack(0x00000040cb200000,0x00000040cb300000)]
  0x000001d2f7283400 JavaThread "Thread-10" daemon [_thread_in_native, id=6896, stack(0x00000040cb300000,0x00000040cb400000)]
  0x000001d2f72824d0 JavaThread "pool-2-thread-1" [_thread_blocked, id=19876, stack(0x00000040cb400000,0x00000040cb500000)]
  0x000001d2f7283910 JavaThread "Worker-5" [_thread_blocked, id=21304, stack(0x00000040cb500000,0x00000040cb600000)]
  0x000001d2f7288500 JavaThread "WorkspaceEventsHandler" [_thread_blocked, id=17868, stack(0x00000040cb600000,0x00000040cb700000)]
  0x000001d2f7287ff0 JavaThread "pool-1-thread-1" [_thread_blocked, id=11512, stack(0x00000040cb700000,0x00000040cb800000)]
  0x000001d2f7285260 JavaThread "Worker-6: Building" [_thread_blocked, id=17348, stack(0x00000040ca600000,0x00000040ca700000)]
  0x000001d2f7285770 JavaThread "LocalFile Deleter" daemon [_thread_blocked, id=18300, stack(0x00000040c8000000,0x00000040c8100000)]
  0x000001d2f31cb350 JavaThread "LocalFile Deleter" daemon [_thread_blocked, id=20684, stack(0x00000040c8100000,0x00000040c8200000)]
  0x000001d2f31cb860 JavaThread "LocalFile Deleter" daemon [_thread_blocked, id=20664, stack(0x00000040c9e00000,0x00000040c9f00000)]
  0x000001d2f7bf6a20 JavaThread "LocalFile Deleter" daemon [_thread_blocked, id=7708, stack(0x00000040ca400000,0x00000040ca500000)]
  0x000001d2f7bf8880 JavaThread "LocalFile Deleter" daemon [_thread_blocked, id=9564, stack(0x00000040cb800000,0x00000040cb900000)]
  0x000001d2f7bf55e0 JavaThread "LocalFile Deleter" daemon [_thread_blocked, id=2232, stack(0x00000040cb900000,0x00000040cba00000)]
  0x000001d2f7bf7950 JavaThread "LocalFile Deleter" daemon [_thread_blocked, id=12992, stack(0x00000040cba00000,0x00000040cbb00000)]
  0x000001d2f7bf9cc0 JavaThread "LocalFile Deleter" daemon [_thread_blocked, id=3256, stack(0x00000040cbb00000,0x00000040cbc00000)]
  0x000001d2f7bf92a0 JavaThread "Compiler Source File Reader" daemon [_thread_blocked, id=2872, stack(0x00000040cbc00000,0x00000040cbd00000)]
  0x000001d2f7bf3c90 JavaThread "Compiler Source File Reader" daemon [_thread_blocked, id=1080, stack(0x00000040cbd00000,0x00000040cbe00000)]
  0x000001d2f7bf8d90 JavaThread "Compiler Source File Reader" daemon [_thread_blocked, id=11168, stack(0x00000040cbe00000,0x00000040cbf00000)]
  0x000001d2f7bf97b0 JavaThread "Compiler Source File Reader" daemon [_thread_blocked, id=5792, stack(0x00000040cbf00000,0x00000040cc000000)]
  0x000001d2f7bfa1d0 JavaThread "Compiler Source File Reader" daemon [_thread_blocked, id=10212, stack(0x00000040cc000000,0x00000040cc100000)]
  0x000001d2f7bf6f30 JavaThread "Compiler Source File Reader" daemon [_thread_blocked, id=15008, stack(0x00000040cc100000,0x00000040cc200000)]
  0x000001d2f7bf5af0 JavaThread "Compiler Processing Task" daemon [_thread_in_Java, id=12276, stack(0x00000040cc200000,0x00000040cc300000)]
  0x000001d2f7bf41a0 JavaThread "Compiler Class File Writer" daemon [_thread_blocked, id=17552, stack(0x00000040cc300000,0x00000040cc400000)]
  0x000001d2f7bf8370 JavaThread "Compiler Class File Writer" daemon [_thread_blocked, id=13292, stack(0x00000040cc500000,0x00000040cc600000)]
  0x000001d2f7bf2d60 JavaThread "Compiler Class File Writer" daemon [_thread_blocked, id=18180, stack(0x00000040cc600000,0x00000040cc700000)]
  0x000001d2f85d3ff0 JavaThread "C2 CompilerThread1" daemon [_thread_in_native, id=17704, stack(0x00000040cc400000,0x00000040cc500000)]
  0x000001d2f7bf3270 JavaThread "Compiler Class File Writer" daemon [_thread_blocked, id=15456, stack(0x00000040cc700000,0x00000040cc800000)]
  0x000001d2f7bf7440 JavaThread "Compiler Class File Writer" daemon [_thread_blocked, id=9492, stack(0x00000040cc800000,0x00000040cc900000)]
  0x000001d2f7bf46b0 JavaThread "Compiler Class File Writer" daemon [_thread_blocked, id=4436, stack(0x00000040cc900000,0x00000040cca00000)]

Other Threads:
  0x000001d2d81ca9a0 VMThread "VM Thread" [stack: 0x00000040c8400000,0x00000040c8500000] [id=11572]
  0x000001d2f33b0170 WatcherThread [stack: 0x00000040c9200000,0x00000040c9300000] [id=12564]
  0x000001d2d8156c40 GCTaskThread "GC Thread#0" [stack: 0x00000040c8300000,0x00000040c8400000] [id=7816]
  0x000001d2f47ba180 GCTaskThread "GC Thread#1" [stack: 0x00000040c9300000,0x00000040c9400000] [id=10080]
  0x000001d2f4998020 GCTaskThread "GC Thread#2" [stack: 0x00000040c9400000,0x00000040c9500000] [id=11844]
  0x000001d2f49982e0 GCTaskThread "GC Thread#3" [stack: 0x00000040c9500000,0x00000040c9600000] [id=12656]
  0x000001d2f49985a0 GCTaskThread "GC Thread#4" [stack: 0x00000040c9600000,0x00000040c9700000] [id=16276]
  0x000001d2f4998860 GCTaskThread "GC Thread#5" [stack: 0x00000040c9700000,0x00000040c9800000] [id=18904]
  0x000001d2f4998b20 GCTaskThread "GC Thread#6" [stack: 0x00000040c9800000,0x00000040c9900000] [id=18052]
  0x000001d2f4b5ad80 GCTaskThread "GC Thread#7" [stack: 0x00000040c9b00000,0x00000040c9c00000] [id=19004]

Threads with active compile tasks:
C2 CompilerThread0    77593 9385   !   4       org.eclipse.jdt.internal.compiler.lookup.BinaryTypeBinding::superInterfaces (286 bytes)
C2 CompilerThread1    77593 9372   !   4       org.eclipse.jdt.internal.compiler.lookup.BinaryTypeBinding::superclass (207 bytes)

VM state: not at safepoint (normal execution)

VM Mutex/Monitor currently owned by a thread: None

Heap address: 0x00000000c0000000, size: 1024 MB, Compressed Oops mode: 32-bit

CDS archive(s) not mapped
Compressed class space mapped at: 0x0000000100000000-0x0000000140000000, reserved size: 1073741824
Narrow klass base: 0x0000000000000000, Narrow klass shift: 3, Narrow klass range: 0x140000000

GC Precious Log:
 CPUs: 8 total, 8 available
 Memory: 7967M
 Large Page Support: Disabled
 NUMA Support: Disabled
 Compressed Oops: Enabled (32-bit)
 Alignments: Space 512K, Generation 512K, Heap 2M
 Heap Min Capacity: 100M
 Heap Initial Capacity: 100M
 Heap Max Capacity: 1G
 Pre-touch: Disabled
 Parallel Workers: 8

Heap:
 PSYoungGen      total 11264K, used 8385K [0x00000000eab00000, 0x00000000eb880000, 0x0000000100000000)
  eden space 8704K, 72% used [0x00000000eab00000,0x00000000eb1329b8,0x00000000eb380000)
  from space 2560K, 82% used [0x00000000eb600000,0x00000000eb810db8,0x00000000eb880000)
  to   space 2560K, 0% used [0x00000000eb380000,0x00000000eb380000,0x00000000eb600000)
 ParOldGen       total 95744K, used 68582K [0x00000000c0000000, 0x00000000c5d80000, 0x00000000eab00000)
  object space 95744K, 71% used [0x00000000c0000000,0x00000000c42f9a00,0x00000000c5d80000)
 Metaspace       used 65080K, committed 66112K, reserved 1114112K
  class space    used 6705K, committed 7168K, reserved 1048576K

Card table byte_map: [0x000001d2eb7b0000,0x000001d2eb9c0000] _byte_map_base: 0x000001d2eb1b0000

Marking Bits: (ParMarkBitMap*) 0x00007ffddb0d6940
 Begin Bits: [0x000001d2ebb20000, 0x000001d2ecb20000)
 End Bits:   [0x000001d2ecb20000, 0x000001d2edb20000)

Polling page: 0x000001d2d81f0000

Metaspace:

Usage:
  Non-class:     57.01 MB used.
      Class:      6.55 MB used.
       Both:     63.56 MB used.

Virtual space:
  Non-class space:       64.00 MB reserved,      57.56 MB ( 90%) committed,  1 nodes.
      Class space:        1.00 GB reserved,       7.00 MB ( <1%) committed,  1 nodes.
             Both:        1.06 GB reserved,      64.56 MB (  6%) committed. 

Chunk freelists:
   Non-Class:  6.19 MB
       Class:  9.01 MB
        Both:  15.20 MB

MaxMetaspaceSize: unlimited
CompressedClassSpaceSize: 1.00 GB
Initial GC threshold: 21.00 MB
Current GC threshold: 107.31 MB
CDS: off
MetaspaceReclaimPolicy: balanced
 - commit_granule_bytes: 65536.
 - commit_granule_words: 8192.
 - virtual_space_node_default_size: 8388608.
 - enlarge_chunks_in_place: 1.
 - new_chunks_are_fully_committed: 0.
 - uncommit_free_chunks: 1.
 - use_allocation_guard: 0.
 - handle_deallocations: 1.


Internal statistics:

num_allocs_failed_limit: 9.
num_arena_births: 670.
num_arena_deaths: 18.
num_vsnodes_births: 2.
num_vsnodes_deaths: 0.
num_space_committed: 1033.
num_space_uncommitted: 0.
num_chunks_returned_to_freelist: 29.
num_chunks_taken_from_freelist: 3253.
num_chunk_merges: 13.
num_chunk_splits: 2054.
num_chunks_enlarged: 1242.
num_inconsistent_stats: 0.

CodeHeap 'non-profiled nmethods': size=120000Kb used=5770Kb max_used=5770Kb free=114229Kb
 bounds [0x000001d2e40a0000, 0x000001d2e4650000, 0x000001d2eb5d0000]
CodeHeap 'profiled nmethods': size=120000Kb used=18872Kb max_used=18872Kb free=101127Kb
 bounds [0x000001d2dc5d0000, 0x000001d2dd840000, 0x000001d2e3b00000]
CodeHeap 'non-nmethods': size=5760Kb used=1364Kb max_used=1461Kb free=4396Kb
 bounds [0x000001d2e3b00000, 0x000001d2e3d70000, 0x000001d2e40a0000]
 total_blobs=8946 nmethods=8251 adapters=607
 compilation: enabled
              stopped_count=0, restarted_count=0
 full_count=0

Compilation events (20 events):
Event: 77.412 Thread 0x000001d2f30874a0 9648       2       org.eclipse.jdt.internal.compiler.lookup.LookupEnvironment::getTopLevelPackage (86 bytes)
Event: 77.413 Thread 0x000001d2f30874a0 nmethod 9648 0x000001d2dd80f890 code [0x000001d2dd80fac0, 0x000001d2dd80ffd8]
Event: 77.413 Thread 0x000001d2f30874a0 9649       2       org.eclipse.jdt.internal.compiler.lookup.CompilationUnitScope::findImport (467 bytes)
Event: 77.416 Thread 0x000001d2f30874a0 nmethod 9649 0x000001d2dd810390 code [0x000001d2dd810740, 0x000001d2dd811a68]
Event: 77.416 Thread 0x000001d2f30874a0 9651       3       org.eclipse.jdt.internal.compiler.util.HashtableOfObject::putUnsafely (78 bytes)
Event: 77.417 Thread 0x000001d2f30874a0 nmethod 9651 0x000001d2dd812510 code [0x000001d2dd812700, 0x000001d2dd812cf8]
Event: 77.417 Thread 0x000001d2f30874a0 9652       2       org.eclipse.jdt.internal.compiler.lookup.MethodVerifier15::canSkipInheritedMethods (32 bytes)
Event: 77.418 Thread 0x000001d2f30874a0 nmethod 9652 0x000001d2dd812f90 code [0x000001d2dd813140, 0x000001d2dd8132f8]
Event: 77.418 Thread 0x000001d2f30874a0 9650       2       org.eclipse.jdt.internal.compiler.lookup.LocalVariableBinding::<init> (15 bytes)
Event: 77.418 Thread 0x000001d2f30874a0 nmethod 9650 0x000001d2dd813410 code [0x000001d2dd8135a0, 0x000001d2dd8136e8]
Event: 77.421 Thread 0x000001d2f30874a0 9653       2       org.eclipse.jdt.internal.compiler.ast.Assignment::resolveType (389 bytes)
Event: 77.423 Thread 0x000001d2f30874a0 nmethod 9653 0x000001d2dd813790 code [0x000001d2dd813ae0, 0x000001d2dd814498]
Event: 77.423 Thread 0x000001d2f30874a0 9654       2       org.eclipse.jdt.internal.compiler.ast.Assignment::getLastField (97 bytes)
Event: 77.423 Thread 0x000001d2f30874a0 nmethod 9654 0x000001d2dd814a90 code [0x000001d2dd814c60, 0x000001d2dd815058]
Event: 77.427 Thread 0x000001d2f30874a0 9656       1       org.eclipse.jdt.internal.compiler.ast.AbstractMethodDeclaration::getPropagatedRecordComponentAnnotations (2 bytes)
Event: 77.428 Thread 0x000001d2f30874a0 nmethod 9656 0x000001d2e4641a90 code [0x000001d2e4641c20, 0x000001d2e4641cf8]
Event: 77.428 Thread 0x000001d2f30874a0 9657       2       org.eclipse.jdt.internal.compiler.parser.Parser::consumeBlock (224 bytes)
Event: 77.429 Thread 0x000001d2f30874a0 nmethod 9657 0x000001d2dd815290 code [0x000001d2dd8154a0, 0x000001d2dd815ba8]
Event: 77.430 Thread 0x000001d2f30874a0 9658       2       org.eclipse.jdt.internal.compiler.ast.Block::doesNotCompleteNormally (39 bytes)
Event: 77.430 Thread 0x000001d2f30874a0 nmethod 9658 0x000001d2dd815f10 code [0x000001d2dd8160c0, 0x000001d2dd816268]

GC Heap History (20 events):
Event: 70.528 GC heap before
{Heap before GC invocations=39 (full 3):
 PSYoungGen      total 16896K, used 15882K [0x00000000eab00000, 0x00000000ebd00000, 0x0000000100000000)
  eden space 14848K, 100% used [0x00000000eab00000,0x00000000eb980000,0x00000000eb980000)
  from space 2048K, 50% used [0x00000000eb980000,0x00000000eba82b38,0x00000000ebb80000)
  to   space 1536K, 0% used [0x00000000ebb80000,0x00000000ebb80000,0x00000000ebd00000)
 ParOldGen       total 68608K, used 50536K [0x00000000c0000000, 0x00000000c4300000, 0x00000000eab00000)
  object space 68608K, 73% used [0x00000000c0000000,0x00000000c315a2a8,0x00000000c4300000)
 Metaspace       used 60428K, committed 61504K, reserved 1114112K
  class space    used 6433K, committed 6912K, reserved 1048576K
}
Event: 70.529 GC heap after
{Heap after GC invocations=39 (full 3):
 PSYoungGen      total 15360K, used 1529K [0x00000000eab00000, 0x00000000ebf80000, 0x0000000100000000)
  eden space 13824K, 0% used [0x00000000eab00000,0x00000000eab00000,0x00000000eb880000)
  from space 1536K, 99% used [0x00000000ebb80000,0x00000000ebcfe5d0,0x00000000ebd00000)
  to   space 3072K, 0% used [0x00000000eb880000,0x00000000eb880000,0x00000000ebb80000)
 ParOldGen       total 68608K, used 51509K [0x00000000c0000000, 0x00000000c4300000, 0x00000000eab00000)
  object space 68608K, 75% used [0x00000000c0000000,0x00000000c324d5f0,0x00000000c4300000)
 Metaspace       used 60428K, committed 61504K, reserved 1114112K
  class space    used 6433K, committed 6912K, reserved 1048576K
}
Event: 70.847 GC heap before
{Heap before GC invocations=40 (full 3):
 PSYoungGen      total 15360K, used 15353K [0x00000000eab00000, 0x00000000ebf80000, 0x0000000100000000)
  eden space 13824K, 100% used [0x00000000eab00000,0x00000000eb880000,0x00000000eb880000)
  from space 1536K, 99% used [0x00000000ebb80000,0x00000000ebcfe5d0,0x00000000ebd00000)
  to   space 3072K, 0% used [0x00000000eb880000,0x00000000eb880000,0x00000000ebb80000)
 ParOldGen       total 68608K, used 51509K [0x00000000c0000000, 0x00000000c4300000, 0x00000000eab00000)
  object space 68608K, 75% used [0x00000000c0000000,0x00000000c324d5f0,0x00000000c4300000)
 Metaspace       used 60700K, committed 61824K, reserved 1114112K
  class space    used 6467K, committed 6976K, reserved 1048576K
}
Event: 70.850 GC heap after
{Heap after GC invocations=40 (full 3):
 PSYoungGen      total 16384K, used 2314K [0x00000000eab00000, 0x00000000ebd80000, 0x0000000100000000)
  eden space 13824K, 0% used [0x00000000eab00000,0x00000000eab00000,0x00000000eb880000)
  from space 2560K, 90% used [0x00000000eb880000,0x00000000ebac2a90,0x00000000ebb00000)
  to   space 2560K, 0% used [0x00000000ebb00000,0x00000000ebb00000,0x00000000ebd80000)
 ParOldGen       total 68608K, used 52835K [0x00000000c0000000, 0x00000000c4300000, 0x00000000eab00000)
  object space 68608K, 77% used [0x00000000c0000000,0x00000000c3398d30,0x00000000c4300000)
 Metaspace       used 60700K, committed 61824K, reserved 1114112K
  class space    used 6467K, committed 6976K, reserved 1048576K
}
Event: 72.632 GC heap before
{Heap before GC invocations=41 (full 3):
 PSYoungGen      total 16384K, used 16138K [0x00000000eab00000, 0x00000000ebd80000, 0x0000000100000000)
  eden space 13824K, 100% used [0x00000000eab00000,0x00000000eb880000,0x00000000eb880000)
  from space 2560K, 90% used [0x00000000eb880000,0x00000000ebac2a90,0x00000000ebb00000)
  to   space 2560K, 0% used [0x00000000ebb00000,0x00000000ebb00000,0x00000000ebd80000)
 ParOldGen       total 68608K, used 52835K [0x00000000c0000000, 0x00000000c4300000, 0x00000000eab00000)
  object space 68608K, 77% used [0x00000000c0000000,0x00000000c3398d30,0x00000000c4300000)
 Metaspace       used 61868K, committed 63040K, reserved 1114112K
  class space    used 6528K, committed 7040K, reserved 1048576K
}
Event: 72.639 GC heap after
{Heap after GC invocations=41 (full 3):
 PSYoungGen      total 13312K, used 2549K [0x00000000eab00000, 0x00000000ec380000, 0x0000000100000000)
  eden space 10752K, 0% used [0x00000000eab00000,0x00000000eab00000,0x00000000eb580000)
  from space 2560K, 99% used [0x00000000ebb00000,0x00000000ebd7d510,0x00000000ebd80000)
  to   space 5632K, 0% used [0x00000000eb580000,0x00000000eb580000,0x00000000ebb00000)
 ParOldGen       total 68608K, used 55284K [0x00000000c0000000, 0x00000000c4300000, 0x00000000eab00000)
  object space 68608K, 80% used [0x00000000c0000000,0x00000000c35fd108,0x00000000c4300000)
 Metaspace       used 61868K, committed 63040K, reserved 1114112K
  class space    used 6528K, committed 7040K, reserved 1048576K
}
Event: 72.821 GC heap before
{Heap before GC invocations=42 (full 3):
 PSYoungGen      total 13312K, used 13301K [0x00000000eab00000, 0x00000000ec380000, 0x0000000100000000)
  eden space 10752K, 100% used [0x00000000eab00000,0x00000000eb580000,0x00000000eb580000)
  from space 2560K, 99% used [0x00000000ebb00000,0x00000000ebd7d510,0x00000000ebd80000)
  to   space 5632K, 0% used [0x00000000eb580000,0x00000000eb580000,0x00000000ebb00000)
 ParOldGen       total 68608K, used 55284K [0x00000000c0000000, 0x00000000c4300000, 0x00000000eab00000)
  object space 68608K, 80% used [0x00000000c0000000,0x00000000c35fd108,0x00000000c4300000)
 Metaspace       used 61916K, committed 63104K, reserved 1114112K
  class space    used 6537K, committed 7040K, reserved 1048576K
}
Event: 72.829 GC heap after
{Heap after GC invocations=42 (full 3):
 PSYoungGen      total 13824K, used 2752K [0x00000000eab00000, 0x00000000ebc80000, 0x0000000100000000)
  eden space 10752K, 0% used [0x00000000eab00000,0x00000000eab00000,0x00000000eb580000)
  from space 3072K, 89% used [0x00000000eb580000,0x00000000eb830010,0x00000000eb880000)
  to   space 3584K, 0% used [0x00000000eb900000,0x00000000eb900000,0x00000000ebc80000)
 ParOldGen       total 68608K, used 57765K [0x00000000c0000000, 0x00000000c4300000, 0x00000000eab00000)
  object space 68608K, 84% used [0x00000000c0000000,0x00000000c3869400,0x00000000c4300000)
 Metaspace       used 61916K, committed 63104K, reserved 1114112K
  class space    used 6537K, committed 7040K, reserved 1048576K
}
Event: 73.548 GC heap before
{Heap before GC invocations=43 (full 3):
 PSYoungGen      total 13824K, used 13504K [0x00000000eab00000, 0x00000000ebc80000, 0x0000000100000000)
  eden space 10752K, 100% used [0x00000000eab00000,0x00000000eb580000,0x00000000eb580000)
  from space 3072K, 89% used [0x00000000eb580000,0x00000000eb830010,0x00000000eb880000)
  to   space 3584K, 0% used [0x00000000eb900000,0x00000000eb900000,0x00000000ebc80000)
 ParOldGen       total 68608K, used 57765K [0x00000000c0000000, 0x00000000c4300000, 0x00000000eab00000)
  object space 68608K, 84% used [0x00000000c0000000,0x00000000c3869400,0x00000000c4300000)
 Metaspace       used 62379K, committed 63488K, reserved 1114112K
  class space    used 6573K, committed 7040K, reserved 1048576K
}
Event: 73.555 GC heap after
{Heap after GC invocations=43 (full 3):
 PSYoungGen      total 12800K, used 1861K [0x00000000eab00000, 0x00000000ebb00000, 0x0000000100000000)
  eden space 10752K, 0% used [0x00000000eab00000,0x00000000eab00000,0x00000000eb580000)
  from space 2048K, 90% used [0x00000000eb900000,0x00000000ebad1768,0x00000000ebb00000)
  to   space 2560K, 0% used [0x00000000eb600000,0x00000000eb600000,0x00000000eb880000)
 ParOldGen       total 68608K, used 60400K [0x00000000c0000000, 0x00000000c4300000, 0x00000000eab00000)
  object space 68608K, 88% used [0x00000000c0000000,0x00000000c3afc1f0,0x00000000c4300000)
 Metaspace       used 62379K, committed 63488K, reserved 1114112K
  class space    used 6573K, committed 7040K, reserved 1048576K
}
Event: 74.687 GC heap before
{Heap before GC invocations=44 (full 3):
 PSYoungGen      total 12800K, used 12613K [0x00000000eab00000, 0x00000000ebb00000, 0x0000000100000000)
  eden space 10752K, 99% used [0x00000000eab00000,0x00000000eb57fe90,0x00000000eb580000)
  from space 2048K, 90% used [0x00000000eb900000,0x00000000ebad1768,0x00000000ebb00000)
  to   space 2560K, 0% used [0x00000000eb600000,0x00000000eb600000,0x00000000eb880000)
 ParOldGen       total 68608K, used 60400K [0x00000000c0000000, 0x00000000c4300000, 0x00000000eab00000)
  object space 68608K, 88% used [0x00000000c0000000,0x00000000c3afc1f0,0x00000000c4300000)
 Metaspace       used 63407K, committed 64512K, reserved 1114112K
  class space    used 6686K, committed 7168K, reserved 1048576K
}
Event: 74.690 GC heap after
{Heap after GC invocations=44 (full 3):
 PSYoungGen      total 12800K, used 1722K [0x00000000eab00000, 0x00000000eb980000, 0x0000000100000000)
  eden space 10752K, 0% used [0x00000000eab00000,0x00000000eab00000,0x00000000eb580000)
  from space 2048K, 84% used [0x00000000eb600000,0x00000000eb7ae9e0,0x00000000eb800000)
  to   space 1536K, 0% used [0x00000000eb800000,0x00000000eb800000,0x00000000eb980000)
 ParOldGen       total 68608K, used 62185K [0x00000000c0000000, 0x00000000c4300000, 0x00000000eab00000)
  object space 68608K, 90% used [0x00000000c0000000,0x00000000c3cba690,0x00000000c4300000)
 Metaspace       used 63407K, committed 64512K, reserved 1114112K
  class space    used 6686K, committed 7168K, reserved 1048576K
}
Event: 75.426 GC heap before
{Heap before GC invocations=45 (full 3):
 PSYoungGen      total 12800K, used 12474K [0x00000000eab00000, 0x00000000eb980000, 0x0000000100000000)
  eden space 10752K, 100% used [0x00000000eab00000,0x00000000eb580000,0x00000000eb580000)
  from space 2048K, 84% used [0x00000000eb600000,0x00000000eb7ae9e0,0x00000000eb800000)
  to   space 1536K, 0% used [0x00000000eb800000,0x00000000eb800000,0x00000000eb980000)
 ParOldGen       total 68608K, used 62185K [0x00000000c0000000, 0x00000000c4300000, 0x00000000eab00000)
  object space 68608K, 90% used [0x00000000c0000000,0x00000000c3cba690,0x00000000c4300000)
 Metaspace       used 63716K, committed 64832K, reserved 1114112K
  class space    used 6698K, committed 7168K, reserved 1048576K
}
Event: 75.431 GC heap after
{Heap after GC invocations=45 (full 3):
 PSYoungGen      total 10240K, used 1536K [0x00000000eab00000, 0x00000000ebe80000, 0x0000000100000000)
  eden space 8704K, 0% used [0x00000000eab00000,0x00000000eab00000,0x00000000eb380000)
  from space 1536K, 100% used [0x00000000eb800000,0x00000000eb980000,0x00000000eb980000)
  to   space 4608K, 0% used [0x00000000eb380000,0x00000000eb380000,0x00000000eb800000)
 ParOldGen       total 68608K, used 64563K [0x00000000c0000000, 0x00000000c4300000, 0x00000000eab00000)
  object space 68608K, 94% used [0x00000000c0000000,0x00000000c3f0cea8,0x00000000c4300000)
 Metaspace       used 63716K, committed 64832K, reserved 1114112K
  class space    used 6698K, committed 7168K, reserved 1048576K
}
Event: 76.217 GC heap before
{Heap before GC invocations=46 (full 3):
 PSYoungGen      total 10240K, used 10240K [0x00000000eab00000, 0x00000000ebe80000, 0x0000000100000000)
  eden space 8704K, 100% used [0x00000000eab00000,0x00000000eb380000,0x00000000eb380000)
  from space 1536K, 100% used [0x00000000eb800000,0x00000000eb980000,0x00000000eb980000)
  to   space 4608K, 0% used [0x00000000eb380000,0x00000000eb380000,0x00000000eb800000)
 ParOldGen       total 68608K, used 64563K [0x00000000c0000000, 0x00000000c4300000, 0x00000000eab00000)
  object space 68608K, 94% used [0x00000000c0000000,0x00000000c3f0cea8,0x00000000c4300000)
 Metaspace       used 64258K, committed 65344K, reserved 1114112K
  class space    used 6699K, committed 7168K, reserved 1048576K
}
Event: 76.222 GC heap after
{Heap after GC invocations=46 (full 3):
 PSYoungGen      total 10752K, used 2000K [0x00000000eab00000, 0x00000000eb980000, 0x0000000100000000)
  eden space 8704K, 0% used [0x00000000eab00000,0x00000000eab00000,0x00000000eb380000)
  from space 2048K, 97% used [0x00000000eb380000,0x00000000eb5743d8,0x00000000eb580000)
  to   space 3072K, 0% used [0x00000000eb680000,0x00000000eb680000,0x00000000eb980000)
 ParOldGen       total 68608K, used 66028K [0x00000000c0000000, 0x00000000c4300000, 0x00000000eab00000)
  object space 68608K, 96% used [0x00000000c0000000,0x00000000c407b248,0x00000000c4300000)
 Metaspace       used 64258K, committed 65344K, reserved 1114112K
  class space    used 6699K, committed 7168K, reserved 1048576K
}
Event: 76.665 GC heap before
{Heap before GC invocations=47 (full 3):
 PSYoungGen      total 10752K, used 10704K [0x00000000eab00000, 0x00000000eb980000, 0x0000000100000000)
  eden space 8704K, 100% used [0x00000000eab00000,0x00000000eb380000,0x00000000eb380000)
  from space 2048K, 97% used [0x00000000eb380000,0x00000000eb5743d8,0x00000000eb580000)
  to   space 3072K, 0% used [0x00000000eb680000,0x00000000eb680000,0x00000000eb980000)
 ParOldGen       total 68608K, used 66028K [0x00000000c0000000, 0x00000000c4300000, 0x00000000eab00000)
  object space 68608K, 96% used [0x00000000c0000000,0x00000000c407b248,0x00000000c4300000)
 Metaspace       used 64545K, committed 65600K, reserved 1114112K
  class space    used 6701K, committed 7168K, reserved 1048576K
}
Event: 76.670 GC heap after
{Heap after GC invocations=47 (full 3):
 PSYoungGen      total 11264K, used 2126K [0x00000000eab00000, 0x00000000eb900000, 0x0000000100000000)
  eden space 8704K, 0% used [0x00000000eab00000,0x00000000eab00000,0x00000000eb380000)
  from space 2560K, 83% used [0x00000000eb680000,0x00000000eb893bd8,0x00000000eb900000)
  to   space 2560K, 0% used [0x00000000eb400000,0x00000000eb400000,0x00000000eb680000)
 ParOldGen       total 68608K, used 67848K [0x00000000c0000000, 0x00000000c4300000, 0x00000000eab00000)
  object space 68608K, 98% used [0x00000000c0000000,0x00000000c4242020,0x00000000c4300000)
 Metaspace       used 64545K, committed 65600K, reserved 1114112K
  class space    used 6701K, committed 7168K, reserved 1048576K
}
Event: 77.146 GC heap before
{Heap before GC invocations=48 (full 4):
 PSYoungGen      total 11264K, used 10830K [0x00000000eab00000, 0x00000000eb900000, 0x0000000100000000)
  eden space 8704K, 100% used [0x00000000eab00000,0x00000000eb380000,0x00000000eb380000)
  from space 2560K, 83% used [0x00000000eb680000,0x00000000eb893bd8,0x00000000eb900000)
  to   space 2560K, 0% used [0x00000000eb400000,0x00000000eb400000,0x00000000eb680000)
 ParOldGen       total 68608K, used 67848K [0x00000000c0000000, 0x00000000c4300000, 0x00000000eab00000)
  object space 68608K, 98% used [0x00000000c0000000,0x00000000c4242020,0x00000000c4300000)
 Metaspace       used 64862K, committed 65920K, reserved 1114112K
  class space    used 6703K, committed 7168K, reserved 1048576K
}
Event: 77.297 GC heap after
{Heap after GC invocations=48 (full 4):
 PSYoungGen      total 9216K, used 0K [0x00000000eab00000, 0x00000000eb880000, 0x0000000100000000)
  eden space 8704K, 0% used [0x00000000eab00000,0x00000000eab00000,0x00000000eb380000)
  from space 512K, 0% used [0x00000000eb400000,0x00000000eb400000,0x00000000eb480000)
  to   space 2560K, 0% used [0x00000000eb600000,0x00000000eb600000,0x00000000eb880000)
 ParOldGen       total 95744K, used 68582K [0x00000000c0000000, 0x00000000c5d80000, 0x00000000eab00000)
  object space 95744K, 71% used [0x00000000c0000000,0x00000000c42f9a00,0x00000000c5d80000)
 Metaspace       used 64862K, committed 65920K, reserved 1114112K
  class space    used 6703K, committed 7168K, reserved 1048576K
}

Dll operation events (10 events):
Event: 0.011 Loaded shared library c:\Users\ManSiek\.cursor\extensions\redhat.java-1.36.0-win32-x64\jre\17.0.13-win32-x86_64\bin\java.dll
Event: 0.153 Loaded shared library c:\Users\ManSiek\.cursor\extensions\redhat.java-1.36.0-win32-x64\jre\17.0.13-win32-x86_64\bin\zip.dll
Event: 0.157 Loaded shared library C:\Users\ManSiek\.cursor\extensions\redhat.java-1.36.0-win32-x64\jre\17.0.13-win32-x86_64\bin\instrument.dll
Event: 0.169 Loaded shared library C:\Users\ManSiek\.cursor\extensions\redhat.java-1.36.0-win32-x64\jre\17.0.13-win32-x86_64\bin\net.dll
Event: 0.171 Loaded shared library C:\Users\ManSiek\.cursor\extensions\redhat.java-1.36.0-win32-x64\jre\17.0.13-win32-x86_64\bin\nio.dll
Event: 0.180 Loaded shared library C:\Users\ManSiek\.cursor\extensions\redhat.java-1.36.0-win32-x64\jre\17.0.13-win32-x86_64\bin\zip.dll
Event: 0.209 Loaded shared library C:\Users\ManSiek\.cursor\extensions\redhat.java-1.36.0-win32-x64\jre\17.0.13-win32-x86_64\bin\jimage.dll
Event: 0.286 Loaded shared library c:\Users\ManSiek\.cursor\extensions\redhat.java-1.36.0-win32-x64\jre\17.0.13-win32-x86_64\bin\verify.dll
Event: 6.706 Loaded shared library C:\Users\ManSiek\AppData\Roaming\Cursor\User\globalStorage\redhat.java\1.36.0\config_win\org.eclipse.equinox.launcher\org.eclipse.equinox.launcher.win32.win32.x86_64_1.2.1100.v20240722-2106\eclipse_11904.dll
Event: 38.151 Loaded shared library C:\Users\ManSiek\AppData\Local\Temp\jna--1795468842\jna17676037982984140650.dll

Deoptimization events (20 events):
Event: 76.980 Thread 0x000001d2f7bf5af0 Uncommon trap: trap_request=0xffffff45 fr.pc=0x000001d2e41a2c88 relative=0x0000000000000348
Event: 76.980 Thread 0x000001d2f7bf5af0 Uncommon trap: reason=unstable_if action=reinterpret pc=0x000001d2e41a2c88 method=java.util.HashMap.getNode(Ljava/lang/Object;)Ljava/util/HashMap$Node; @ 131 c2
Event: 76.980 Thread 0x000001d2f7bf5af0 DEOPT PACKING pc=0x000001d2e41a2c88 sp=0x00000040cc2fe390
Event: 76.980 Thread 0x000001d2f7bf5af0 DEOPT UNPACKING pc=0x000001d2e3b59ea3 sp=0x00000040cc2fe310 mode 2
Event: 77.106 Thread 0x000001d2f7bf5af0 Uncommon trap: trap_request=0xffffff45 fr.pc=0x000001d2e461a254 relative=0x0000000000000f94
Event: 77.106 Thread 0x000001d2f7bf5af0 Uncommon trap: reason=unstable_if action=reinterpret pc=0x000001d2e461a254 method=org.eclipse.jdt.internal.compiler.parser.Parser.consumeToken(I)V @ 1495 c2
Event: 77.106 Thread 0x000001d2f7bf5af0 DEOPT PACKING pc=0x000001d2e461a254 sp=0x00000040cc2fd940
Event: 77.106 Thread 0x000001d2f7bf5af0 DEOPT UNPACKING pc=0x000001d2e3b59ea3 sp=0x00000040cc2fd918 mode 2
Event: 77.130 Thread 0x000001d2f7bf5af0 Uncommon trap: trap_request=0xffffff45 fr.pc=0x000001d2e40c74a8 relative=0x0000000000000128
Event: 77.130 Thread 0x000001d2f7bf5af0 Uncommon trap: reason=unstable_if action=reinterpret pc=0x000001d2e40c74a8 method=java.lang.String.getBytes([BIIBI)V @ 6 c2
Event: 77.130 Thread 0x000001d2f7bf5af0 DEOPT PACKING pc=0x000001d2e40c74a8 sp=0x00000040cc2fe3a0
Event: 77.130 Thread 0x000001d2f7bf5af0 DEOPT UNPACKING pc=0x000001d2e3b59ea3 sp=0x00000040cc2fe338 mode 2
Event: 77.347 Thread 0x000001d2f7bf5af0 Uncommon trap: trap_request=0xffffff45 fr.pc=0x000001d2e45fc128 relative=0x0000000000000748
Event: 77.347 Thread 0x000001d2f7bf5af0 Uncommon trap: reason=unstable_if action=reinterpret pc=0x000001d2e45fc128 method=org.eclipse.jdt.internal.compiler.util.HashtableOfObject.putUnsafely([CLjava/lang/Object;)V @ 23 c2
Event: 77.347 Thread 0x000001d2f7bf5af0 DEOPT PACKING pc=0x000001d2e45fc128 sp=0x00000040cc2fe7a0
Event: 77.347 Thread 0x000001d2f7bf5af0 DEOPT UNPACKING pc=0x000001d2e3b59ea3 sp=0x00000040cc2fe6c0 mode 2
Event: 77.413 Thread 0x000001d2f7bf5af0 Uncommon trap: trap_request=0xffffff45 fr.pc=0x000001d2e450b6a4 relative=0x0000000000000304
Event: 77.413 Thread 0x000001d2f7bf5af0 Uncommon trap: reason=unstable_if action=reinterpret pc=0x000001d2e450b6a4 method=org.eclipse.jdt.internal.compiler.util.HashtableOfObject.putUnsafely([CLjava/lang/Object;)V @ 23 c2
Event: 77.413 Thread 0x000001d2f7bf5af0 DEOPT PACKING pc=0x000001d2e450b6a4 sp=0x00000040cc2fe750
Event: 77.413 Thread 0x000001d2f7bf5af0 DEOPT UNPACKING pc=0x000001d2e3b59ea3 sp=0x00000040cc2fe6e0 mode 2

Classes loaded (20 events):
Event: 72.758 Loading class java/util/stream/ReduceOps$4ReducingSink
Event: 72.759 Loading class java/util/stream/ReduceOps$4ReducingSink done
Event: 72.762 Loading class java/nio/file/Files$2
Event: 72.762 Loading class java/nio/file/Files$2 done
Event: 73.388 Loading class java/util/concurrent/ArrayBlockingQueue
Event: 73.389 Loading class java/util/concurrent/ArrayBlockingQueue done
Event: 74.104 Loading class java/util/Hashtable$ValueCollection
Event: 74.105 Loading class java/util/Hashtable$ValueCollection done
Event: 74.108 Loading class java/util/stream/ReferencePipeline$4
Event: 74.108 Loading class java/util/stream/ReferencePipeline$4 done
Event: 74.109 Loading class java/util/concurrent/ConcurrentHashMap$KeySpliterator
Event: 74.110 Loading class java/util/concurrent/ConcurrentHashMap$KeySpliterator done
Event: 74.118 Loading class java/util/stream/Nodes$IntFixedNodeBuilder
Event: 74.119 Loading class java/util/stream/Node$Builder$OfInt
Event: 74.119 Loading class java/util/stream/Node$Builder$OfInt done
Event: 74.119 Loading class java/util/stream/Nodes$IntArrayNode
Event: 74.120 Loading class java/util/stream/Nodes$IntArrayNode done
Event: 74.120 Loading class java/util/stream/Nodes$IntFixedNodeBuilder done
Event: 74.120 Loading class java/util/stream/ReferencePipeline$4$1
Event: 74.120 Loading class java/util/stream/ReferencePipeline$4$1 done

Classes unloaded (9 events):
Event: 43.253 Thread 0x000001d2d81ca9a0 Unloading class 0x0000000100383000 'java/lang/invoke/LambdaForm$MH+0x0000000100383000'
Event: 43.253 Thread 0x000001d2d81ca9a0 Unloading class 0x0000000100382800 'java/lang/invoke/LambdaForm$MH+0x0000000100382800'
Event: 43.253 Thread 0x000001d2d81ca9a0 Unloading class 0x0000000100252000 'java/lang/invoke/LambdaForm$MH+0x0000000100252000'
Event: 43.253 Thread 0x000001d2d81ca9a0 Unloading class 0x0000000100251c00 'java/lang/invoke/LambdaForm$MH+0x0000000100251c00'
Event: 43.253 Thread 0x000001d2d81ca9a0 Unloading class 0x0000000100251800 'java/lang/invoke/LambdaForm$MH+0x0000000100251800'
Event: 43.253 Thread 0x000001d2d81ca9a0 Unloading class 0x0000000100251400 'java/lang/invoke/LambdaForm$MH+0x0000000100251400'
Event: 43.253 Thread 0x000001d2d81ca9a0 Unloading class 0x0000000100251000 'java/lang/invoke/LambdaForm$BMH+0x0000000100251000'
Event: 43.253 Thread 0x000001d2d81ca9a0 Unloading class 0x0000000100250c00 'java/lang/invoke/LambdaForm$DMH+0x0000000100250c00'
Event: 43.253 Thread 0x000001d2d81ca9a0 Unloading class 0x000000010024c400 'java/lang/invoke/LambdaForm$DMH+0x000000010024c400'

Classes redefined (0 events):
No events

Internal exceptions (20 events):
Event: 66.344 Thread 0x000001d2f7285260 Exception <a 'sun/nio/fs/WindowsException'{0x00000000eba817a0}> (0x00000000eba817a0) 
thrown [s\src\hotspot\share\prims\jni.cpp, line 516]
Event: 66.355 Thread 0x000001d2f7285260 Exception <a 'sun/nio/fs/WindowsException'{0x00000000eba8b028}> (0x00000000eba8b028) 
thrown [s\src\hotspot\share\prims\jni.cpp, line 516]
Event: 66.361 Thread 0x000001d2f7285260 Exception <a 'sun/nio/fs/WindowsException'{0x00000000eba94668}> (0x00000000eba94668) 
thrown [s\src\hotspot\share\prims\jni.cpp, line 516]
Event: 66.375 Thread 0x000001d2f7285260 Exception <a 'sun/nio/fs/WindowsException'{0x00000000eba9dcb0}> (0x00000000eba9dcb0) 
thrown [s\src\hotspot\share\prims\jni.cpp, line 516]
Event: 66.383 Thread 0x000001d2f7285260 Exception <a 'sun/nio/fs/WindowsException'{0x00000000ebac0118}> (0x00000000ebac0118) 
thrown [s\src\hotspot\share\prims\jni.cpp, line 516]
Event: 66.394 Thread 0x000001d2f7285260 Exception <a 'sun/nio/fs/WindowsException'{0x00000000eab08a98}> (0x00000000eab08a98) 
thrown [s\src\hotspot\share\prims\jni.cpp, line 516]
Event: 66.400 Thread 0x000001d2f7285260 Exception <a 'sun/nio/fs/WindowsException'{0x00000000eab120e8}> (0x00000000eab120e8) 
thrown [s\src\hotspot\share\prims\jni.cpp, line 516]
Event: 66.412 Thread 0x000001d2f7285260 Exception <a 'sun/nio/fs/WindowsException'{0x00000000eab1b740}> (0x00000000eab1b740) 
thrown [s\src\hotspot\share\prims\jni.cpp, line 516]
Event: 66.422 Thread 0x000001d2f7285260 Exception <a 'sun/nio/fs/WindowsException'{0x00000000eabfb2e0}> (0x00000000eabfb2e0) 
thrown [s\src\hotspot\share\prims\jni.cpp, line 516]
Event: 66.438 Thread 0x000001d2f7285260 Exception <a 'sun/nio/fs/WindowsException'{0x00000000eac04a18}> (0x00000000eac04a18) 
thrown [s\src\hotspot\share\prims\jni.cpp, line 516]
Event: 66.482 Thread 0x000001d2f7285260 Exception <a 'sun/nio/fs/WindowsException'{0x00000000eac0e138}> (0x00000000eac0e138) 
thrown [s\src\hotspot\share\prims\jni.cpp, line 516]
Event: 66.496 Thread 0x000001d2f7285260 Exception <a 'sun/nio/fs/WindowsException'{0x00000000ead0c158}> (0x00000000ead0c158) 
thrown [s\src\hotspot\share\prims\jni.cpp, line 516]
Event: 66.506 Thread 0x000001d2f7285260 Exception <a 'sun/nio/fs/WindowsException'{0x00000000ead15740}> (0x00000000ead15740) 
thrown [s\src\hotspot\share\prims\jni.cpp, line 516]
Event: 70.796 Thread 0x000001d2f31c80b0 Implicit null exception at 0x000001d2e45dc9b0 to 0x000001d2e45e0b24
Event: 72.765 Thread 0x000001d2f7285260 Exception <a 'java/lang/NoSuchMethodError'{0x00000000eb461930}: 'int java.lang.invoke.DirectMethodHandle$Holder.invokeSpecialIFC(java.lang.Object, java.lang.Object, java.lang.Object)'> (0x00000000eb461930) 
thrown [s\src\hotspot\share\interpreter\linkResolver.cpp, line 759]
Event: 73.588 Thread 0x000001d2f7bf5af0 Implicit null exception at 0x000001d2e42029c1 to 0x000001d2e4202f64
Event: 74.052 Thread 0x000001d2f7bf5af0 Exception <a 'java/lang/NoSuchMethodError'{0x00000000eb07ccd0}: 'int java.lang.invoke.DirectMethodHandle$Holder.invokeStatic(java.lang.Object, int, java.lang.Object)'> (0x00000000eb07ccd0) 
thrown [s\src\hotspot\share\interpreter\linkResolver.cpp, line 759]
Event: 74.110 Thread 0x000001d2f7285260 Exception <a 'java/lang/NoSuchMethodError'{0x00000000eb1427e8}: 'java.lang.Object java.lang.invoke.DirectMethodHandle$Holder.invokeInterface(java.lang.Object, java.lang.Object, java.lang.Object)'> (0x00000000eb1427e8) 
thrown [s\src\hotspot\share\interpreter\linkResolver.cpp, line 759]
Event: 74.123 Thread 0x000001d2f7285260 Exception <a 'java/lang/NoSuchMethodError'{0x00000000eb16fd08}: 'java.lang.Object java.lang.invoke.DirectMethodHandle$Holder.newInvokeSpecial(java.lang.Object, java.lang.Object, int, int, java.lang.Object)'> (0x00000000eb16fd08) 
thrown [s\src\hotspot\share\interpreter\linkResolver.cpp, line 759]
Event: 74.261 Thread 0x000001d2f7bf5af0 Exception <a 'java/lang/NoSuchMethodError'{0x00000000eb361a00}: 'void java.lang.invoke.DirectMethodHandle$Holder.invokeStatic(java.lang.Object, int, java.lang.Object)'> (0x00000000eb361a00) 
thrown [s\src\hotspot\share\interpreter\linkResolver.cpp, line 759]

VM Operations (20 events):
Event: 73.548 Executing VM operation: ParallelGCFailedAllocation
Event: 73.555 Executing VM operation: ParallelGCFailedAllocation done
Event: 73.588 Executing VM operation: HandshakeAllThreads
Event: 73.660 Executing VM operation: HandshakeAllThreads done
Event: 74.670 Executing VM operation: ParallelGCFailedAllocation
Event: 74.690 Executing VM operation: ParallelGCFailedAllocation done
Event: 75.426 Executing VM operation: ParallelGCFailedAllocation
Event: 75.431 Executing VM operation: ParallelGCFailedAllocation done
Event: 75.866 Executing VM operation: ParallelGCFailedAllocation
Event: 76.222 Executing VM operation: ParallelGCFailedAllocation done
Event: 76.456 Executing VM operation: HandshakeAllThreads
Event: 76.472 Executing VM operation: HandshakeAllThreads done
Event: 76.637 Executing VM operation: HandshakeAllThreads
Event: 76.637 Executing VM operation: HandshakeAllThreads done
Event: 76.644 Executing VM operation: ParallelGCFailedAllocation
Event: 76.670 Executing VM operation: ParallelGCFailedAllocation done
Event: 76.997 Executing VM operation: ICBufferFull
Event: 77.015 Executing VM operation: ICBufferFull done
Event: 77.146 Executing VM operation: ParallelGCFailedAllocation
Event: 77.297 Executing VM operation: ParallelGCFailedAllocation done

Memory protections (0 events):
No events

Nmethod flushes (20 events):
Event: 70.382 Thread 0x000001d2f3088550 flushing  nmethod 0x000001d2dd2d5390
Event: 70.382 Thread 0x000001d2f3088550 flushing  nmethod 0x000001d2dd2dab10
Event: 70.382 Thread 0x000001d2f3088550 flushing  nmethod 0x000001d2dd2dc410
Event: 70.382 Thread 0x000001d2f3088550 flushing  nmethod 0x000001d2dd30e010
Event: 70.383 Thread 0x000001d2f3088550 flushing  nmethod 0x000001d2dd3bee10
Event: 73.666 Thread 0x000001d2f3088550 flushing  nmethod 0x000001d2dc77b410
Event: 73.666 Thread 0x000001d2f3088550 flushing  nmethod 0x000001d2dc77e390
Event: 73.666 Thread 0x000001d2f3088550 flushing  nmethod 0x000001d2dc81ac90
Event: 73.667 Thread 0x000001d2f3088550 flushing  nmethod 0x000001d2dc871e10
Event: 73.668 Thread 0x000001d2f3088550 flushing  nmethod 0x000001d2dc923510
Event: 73.671 Thread 0x000001d2f3088550 flushing  nmethod 0x000001d2dcd47710
Event: 73.671 Thread 0x000001d2f3088550 flushing  nmethod 0x000001d2dcd55290
Event: 73.671 Thread 0x000001d2f3088550 flushing  nmethod 0x000001d2dcd59890
Event: 73.672 Thread 0x000001d2f3088550 flushing  nmethod 0x000001d2dcd6a290
Event: 73.672 Thread 0x000001d2f3088550 flushing osr nmethod 0x000001d2dcde4490
Event: 73.672 Thread 0x000001d2f3088550 flushing  nmethod 0x000001d2dce01d90
Event: 73.674 Thread 0x000001d2f3088550 flushing  nmethod 0x000001d2dcfdd690
Event: 73.674 Thread 0x000001d2f3088550 flushing  nmethod 0x000001d2dd0bb810
Event: 73.676 Thread 0x000001d2f3088550 flushing  nmethod 0x000001d2dd28f790
Event: 73.677 Thread 0x000001d2f3088550 flushing  nmethod 0x000001d2dd3a2310

Events (20 events):
Event: 66.543 Thread 0x000001d2f7285260 Thread added: 0x000001d2f7bfa1d0
Event: 66.543 Thread 0x000001d2f7285260 Thread added: 0x000001d2f7bf6f30
Event: 66.690 Thread 0x000001d2f30874a0 Thread added: 0x000001d2f3380f90
Event: 66.690 Thread 0x000001d2f30874a0 Thread added: 0x000001d2f33ca730
Event: 69.040 Thread 0x000001d2f33ca730 Thread exited: 0x000001d2f33ca730
Event: 70.312 Thread 0x000001d2f3380f90 Thread added: 0x000001d2f85d3ff0
Event: 73.307 Thread 0x000001d2f85d3ff0 Thread exited: 0x000001d2f85d3ff0
Event: 73.308 Thread 0x000001d2f3380f90 Thread exited: 0x000001d2f3380f90
Event: 73.390 Thread 0x000001d2f7285260 Thread added: 0x000001d2f7bf5af0
Event: 74.125 Thread 0x000001d2f7285260 Thread added: 0x000001d2f7bf41a0
Event: 74.146 Thread 0x000001d2f30874a0 Thread added: 0x000001d2f85d3ff0
Event: 74.386 Thread 0x000001d2f7285260 Thread added: 0x000001d2f7bf8370
Event: 74.606 Thread 0x000001d2f85d3ff0 Thread exited: 0x000001d2f85d3ff0
Event: 74.962 Thread 0x000001d2f30874a0 Thread added: 0x000001d2f85d3ff0
Event: 75.165 Thread 0x000001d2f7285260 Thread added: 0x000001d2f7bf2d60
Event: 75.420 Thread 0x000001d2f85d3ff0 Thread exited: 0x000001d2f85d3ff0
Event: 75.573 Thread 0x000001d2f30874a0 Thread added: 0x000001d2f85d3ff0
Event: 76.226 Thread 0x000001d2f7285260 Thread added: 0x000001d2f7bf3270
Event: 76.227 Thread 0x000001d2f7285260 Thread added: 0x000001d2f7bf7440
Event: 76.358 Thread 0x000001d2f7285260 Thread added: 0x000001d2f7bf46b0


Dynamic libraries:
0x00007ff63ae60000 - 0x00007ff63ae6e000 	c:\Users\ManSiek\.cursor\extensions\redhat.java-1.36.0-win32-x64\jre\17.0.13-win32-x86_64\bin\java.exe
0x00007ffe54670000 - 0x00007ffe54887000 	C:\WINDOWS\SYSTEM32\ntdll.dll
0x00007ffe52eb0000 - 0x00007ffe52f74000 	C:\WINDOWS\System32\KERNEL32.DLL
0x00007ffe51d70000 - 0x00007ffe52129000 	C:\WINDOWS\System32\KERNELBASE.dll
0x00007ffe51c50000 - 0x00007ffe51d61000 	C:\WINDOWS\System32\ucrtbase.dll
0x00007ffe49c40000 - 0x00007ffe49c57000 	c:\Users\ManSiek\.cursor\extensions\redhat.java-1.36.0-win32-x64\jre\17.0.13-win32-x86_64\bin\jli.dll
0x00007ffe49a50000 - 0x00007ffe49a6e000 	c:\Users\ManSiek\.cursor\extensions\redhat.java-1.36.0-win32-x64\jre\17.0.13-win32-x86_64\bin\VCRUNTIME140.dll
0x00007ffe52920000 - 0x00007ffe52ace000 	C:\WINDOWS\System32\USER32.dll
0x00007ffe522a0000 - 0x00007ffe522c6000 	C:\WINDOWS\System32\win32u.dll
0x00007ffe53520000 - 0x00007ffe53549000 	C:\WINDOWS\System32\GDI32.dll
0x00007ffe51ac0000 - 0x00007ffe51bdb000 	C:\WINDOWS\System32\gdi32full.dll
0x00007ffe519a0000 - 0x00007ffe51a3a000 	C:\WINDOWS\System32\msvcp_win.dll
0x00007ffe476d0000 - 0x00007ffe47962000 	C:\WINDOWS\WinSxS\amd64_microsoft.windows.common-controls_6595b64144ccf1df_6.0.22621.4391_none_2715d37f73803e96\COMCTL32.dll
0x00007ffe52ba0000 - 0x00007ffe52c47000 	C:\WINDOWS\System32\msvcrt.dll
0x00007ffe534d0000 - 0x00007ffe53501000 	C:\WINDOWS\System32\IMM32.DLL
0x00007ffe49d00000 - 0x00007ffe49d0c000 	c:\Users\ManSiek\.cursor\extensions\redhat.java-1.36.0-win32-x64\jre\17.0.13-win32-x86_64\bin\vcruntime140_1.dll
0x00007ffe2e3c0000 - 0x00007ffe2e44d000 	c:\Users\ManSiek\.cursor\extensions\redhat.java-1.36.0-win32-x64\jre\17.0.13-win32-x86_64\bin\msvcp140.dll
0x00007ffdda530000 - 0x00007ffddb19b000 	c:\Users\ManSiek\.cursor\extensions\redhat.java-1.36.0-win32-x64\jre\17.0.13-win32-x86_64\bin\server\jvm.dll
0x00007ffe52f80000 - 0x00007ffe53032000 	C:\WINDOWS\System32\ADVAPI32.dll
0x00007ffe52870000 - 0x00007ffe52917000 	C:\WINDOWS\System32\sechost.dll
0x00007ffe51970000 - 0x00007ffe51998000 	C:\WINDOWS\System32\bcrypt.dll
0x00007ffe53550000 - 0x00007ffe53664000 	C:\WINDOWS\System32\RPCRT4.dll
0x00007ffe52b20000 - 0x00007ffe52b91000 	C:\WINDOWS\System32\WS2_32.dll
0x00007ffe28180000 - 0x00007ffe281b4000 	C:\WINDOWS\SYSTEM32\WINMM.dll
0x00007ffe51850000 - 0x00007ffe5189d000 	C:\WINDOWS\SYSTEM32\POWRPROF.dll
0x00007ffe497f0000 - 0x00007ffe497fa000 	C:\WINDOWS\SYSTEM32\VERSION.dll
0x00007ffe51820000 - 0x00007ffe51833000 	C:\WINDOWS\SYSTEM32\UMPDC.dll
0x00007ffe509b0000 - 0x00007ffe509c8000 	C:\WINDOWS\SYSTEM32\kernel.appcore.dll
0x00007ffe49b00000 - 0x00007ffe49b0a000 	c:\Users\ManSiek\.cursor\extensions\redhat.java-1.36.0-win32-x64\jre\17.0.13-win32-x86_64\bin\jimage.dll
0x00007ffe4f440000 - 0x00007ffe4f672000 	C:\WINDOWS\SYSTEM32\DBGHELP.DLL
0x00007ffe542a0000 - 0x00007ffe5462f000 	C:\WINDOWS\System32\combase.dll
0x00007ffe54000000 - 0x00007ffe540d7000 	C:\WINDOWS\System32\OLEAUT32.dll
0x00007ffe36620000 - 0x00007ffe36652000 	C:\WINDOWS\SYSTEM32\dbgcore.DLL
0x00007ffe51a40000 - 0x00007ffe51abb000 	C:\WINDOWS\System32\bcryptPrimitives.dll
0x00007ffe49a20000 - 0x00007ffe49a2e000 	c:\Users\ManSiek\.cursor\extensions\redhat.java-1.36.0-win32-x64\jre\17.0.13-win32-x86_64\bin\instrument.dll
0x00007ffe480a0000 - 0x00007ffe480c5000 	c:\Users\ManSiek\.cursor\extensions\redhat.java-1.36.0-win32-x64\jre\17.0.13-win32-x86_64\bin\java.dll
0x00007ffe472d0000 - 0x00007ffe472e8000 	c:\Users\ManSiek\.cursor\extensions\redhat.java-1.36.0-win32-x64\jre\17.0.13-win32-x86_64\bin\zip.dll
0x00007ffe536d0000 - 0x00007ffe53f46000 	C:\WINDOWS\System32\SHELL32.dll
0x00007ffe4f8b0000 - 0x00007ffe501b3000 	C:\WINDOWS\SYSTEM32\windows.storage.dll
0x00007ffe4f770000 - 0x00007ffe4f8af000 	C:\WINDOWS\SYSTEM32\wintypes.dll
0x00007ffe52770000 - 0x00007ffe52869000 	C:\WINDOWS\System32\SHCORE.dll
0x00007ffe52390000 - 0x00007ffe523ee000 	C:\WINDOWS\System32\shlwapi.dll
0x00007ffe518a0000 - 0x00007ffe518cb000 	C:\WINDOWS\SYSTEM32\profapi.dll
0x00007ffe47250000 - 0x00007ffe47269000 	C:\Users\ManSiek\.cursor\extensions\redhat.java-1.36.0-win32-x64\jre\17.0.13-win32-x86_64\bin\net.dll
0x00007ffe4a1f0000 - 0x00007ffe4a326000 	C:\WINDOWS\SYSTEM32\WINHTTP.dll
0x00007ffe50e30000 - 0x00007ffe50e99000 	C:\WINDOWS\system32\mswsock.dll
0x00007ffe3d9b0000 - 0x00007ffe3d9c6000 	C:\Users\ManSiek\.cursor\extensions\redhat.java-1.36.0-win32-x64\jre\17.0.13-win32-x86_64\bin\nio.dll
0x00007ffe49390000 - 0x00007ffe493a0000 	c:\Users\ManSiek\.cursor\extensions\redhat.java-1.36.0-win32-x64\jre\17.0.13-win32-x86_64\bin\verify.dll
0x00007ffe16f10000 - 0x00007ffe16f55000 	C:\Users\ManSiek\AppData\Roaming\Cursor\User\globalStorage\redhat.java\1.36.0\config_win\org.eclipse.equinox.launcher\org.eclipse.equinox.launcher.win32.win32.x86_64_1.2.1100.v20240722-2106\eclipse_11904.dll
0x00007ffe52520000 - 0x00007ffe526c5000 	C:\WINDOWS\System32\ole32.dll
0x00007ffe51090000 - 0x00007ffe510ab000 	C:\WINDOWS\SYSTEM32\CRYPTSP.dll
0x00007ffe50910000 - 0x00007ffe50945000 	C:\WINDOWS\system32\rsaenh.dll
0x00007ffe50f20000 - 0x00007ffe50f48000 	C:\WINDOWS\SYSTEM32\USERENV.dll
0x00007ffe51080000 - 0x00007ffe5108c000 	C:\WINDOWS\SYSTEM32\CRYPTBASE.dll
0x00007ffe50420000 - 0x00007ffe5044d000 	C:\WINDOWS\SYSTEM32\IPHLPAPI.DLL
0x00007ffe53510000 - 0x00007ffe53519000 	C:\WINDOWS\System32\NSI.dll
0x00007ffe49e80000 - 0x00007ffe49e99000 	C:\WINDOWS\SYSTEM32\dhcpcsvc6.DLL
0x00007ffe499a0000 - 0x00007ffe499bf000 	C:\WINDOWS\SYSTEM32\dhcpcsvc.DLL
0x00007ffe50490000 - 0x00007ffe50592000 	C:\WINDOWS\SYSTEM32\DNSAPI.dll
0x00007ffe2e490000 - 0x00007ffe2e4d9000 	C:\Users\ManSiek\AppData\Local\Temp\jna--1795468842\jna17676037982984140650.dll
0x00007ffe534c0000 - 0x00007ffe534c8000 	C:\WINDOWS\System32\PSAPI.DLL

dbghelp: loaded successfully - version: 4.0.5 - missing functions: none
symbol engine: initialized successfully - sym options: 0x614 - pdb path: .;c:\Users\ManSiek\.cursor\extensions\redhat.java-1.36.0-win32-x64\jre\17.0.13-win32-x86_64\bin;C:\WINDOWS\SYSTEM32;C:\WINDOWS\WinSxS\amd64_microsoft.windows.common-controls_6595b64144ccf1df_6.0.22621.4391_none_2715d37f73803e96;c:\Users\ManSiek\.cursor\extensions\redhat.java-1.36.0-win32-x64\jre\17.0.13-win32-x86_64\bin\server;C:\Users\ManSiek\AppData\Roaming\Cursor\User\globalStorage\redhat.java\1.36.0\config_win\org.eclipse.equinox.launcher\org.eclipse.equinox.launcher.win32.win32.x86_64_1.2.1100.v20240722-2106;C:\Users\ManSiek\AppData\Local\Temp\jna--1795468842

VM Arguments:
jvm_args: --add-modules=ALL-SYSTEM --add-opens=java.base/java.util=ALL-UNNAMED --add-opens=java.base/java.lang=ALL-UNNAMED --add-opens=java.base/sun.nio.fs=ALL-UNNAMED -Declipse.application=org.eclipse.jdt.ls.core.id1 -Dosgi.bundles.defaultStartLevel=4 -Declipse.product=org.eclipse.jdt.ls.core.product -Djava.import.generatesMetadataFilesAtProjectRoot=false -DDetectVMInstallationsJob.disabled=true -Dfile.encoding=utf8 -XX:+UseParallelGC -XX:GCTimeRatio=4 -XX:AdaptiveSizePolicyWeight=90 -Dsun.zip.disableMemoryMapping=true -Xmx1G -Xms100m -Xlog:disable -javaagent:c:\Users\ManSiek\.cursor\extensions\redhat.java-1.36.0-win32-x64\lombok\lombok-1.18.35.jar -XX:+HeapDumpOnOutOfMemoryError -XX:HeapDumpPath=c:\Users\ManSiek\AppData\Roaming\Cursor\User\workspaceStorage\1fb9b20678c8910858ca9e0fdacec41e\redhat.java -Daether.dependencyCollector.impl=bf 
java_command: c:\Users\ManSiek\.cursor\extensions\redhat.java-1.36.0-win32-x64\server\plugins\org.eclipse.equinox.launcher_1.6.900.v20240613-2009.jar -configuration c:\Users\ManSiek\AppData\Roaming\Cursor\User\globalStorage\redhat.java\1.36.0\config_win -data c:\Users\ManSiek\AppData\Roaming\Cursor\User\workspaceStorage\1fb9b20678c8910858ca9e0fdacec41e\redhat.java\jdt_ws --pipe=\\.\pipe\lsp-51bc9b5af07d4fc2669f2a177d94d373-sock
java_class_path (initial): c:\Users\ManSiek\.cursor\extensions\redhat.java-1.36.0-win32-x64\server\plugins\org.eclipse.equinox.launcher_1.6.900.v20240613-2009.jar
Launcher Type: SUN_STANDARD

[Global flags]
    uintx AdaptiveSizePolicyWeight                 = 90                                        {product} {command line}
     intx CICompilerCount                          = 4                                         {product} {ergonomic}
    uintx GCTimeRatio                              = 4                                         {product} {command line}
     bool HeapDumpOnOutOfMemoryError               = true                                   {manageable} {command line}
    ccstr HeapDumpPath                             = c:\Users\ManSiek\AppData\Roaming\Cursor\User\workspaceStorage\1fb9b20678c8910858ca9e0fdacec41e\redhat.java         {manageable} {command line}
   size_t InitialHeapSize                          = 104857600                                 {product} {command line}
   size_t MaxHeapSize                              = 1073741824                                {product} {command line}
   size_t MaxNewSize                               = 357564416                                 {product} {ergonomic}
   size_t MinHeapDeltaBytes                        = 524288                                    {product} {ergonomic}
   size_t MinHeapSize                              = 104857600                                 {product} {command line}
   size_t NewSize                                  = 34603008                                  {product} {ergonomic}
    uintx NonNMethodCodeHeapSize                   = 5839372                                {pd product} {ergonomic}
    uintx NonProfiledCodeHeapSize                  = 122909434                              {pd product} {ergonomic}
   size_t OldSize                                  = 70254592                                  {product} {ergonomic}
    uintx ProfiledCodeHeapSize                     = 122909434                              {pd product} {ergonomic}
    uintx ReservedCodeCacheSize                    = 251658240                              {pd product} {ergonomic}
     bool SegmentedCodeCache                       = true                                      {product} {ergonomic}
   size_t SoftMaxHeapSize                          = 1073741824                             {manageable} {ergonomic}
     bool UseCompressedClassPointers               = true                           {product lp64_product} {ergonomic}
     bool UseCompressedOops                        = true                           {product lp64_product} {ergonomic}
     bool UseLargePagesIndividualAllocation        = false                                  {pd product} {ergonomic}
     bool UseParallelGC                            = true                                      {product} {command line}

Logging:
Log output configuration:
 #0: stdout all=off uptime,level,tags
 #1: stderr all=off uptime,level,tags

Environment Variables:
PATH=C:\Program Files\Common Files\Oracle\Java\javapath;C:\WINDOWS\system32;C:\WINDOWS;C:\WINDOWS\System32\Wbem;C:\WINDOWS\System32\WindowsPowerShell\v1.0\;C:\WINDOWS\System32\OpenSSH\;C:\Program Files\Microsoft SQL Server\Client SDK\ODBC\170\Tools\Binn\;C:\Program Files (x86)\Microsoft SQL Server\160\DTS\Binn\;C:\Program Files (x86)\Microsoft SQL Server\160\Tools\Binn\;C:\Program Files\Microsoft SQL Server\160\Tools\Binn\;C:\Program Files\Microsoft SQL Server\160\DTS\Binn\;C:\Program Files\Microsoft SQL Server\150\Tools\Binn\;C:\Program Files\dotnet\;C:\Program Files\nodejs\;C:\Users\ManSiek\AppData\Local\Microsoft\WindowsApps;D:\Application\Microsoft VS Code\bin;C:\Users\ManSiek\.dotnet\tools;C:\Users\ManSiek\AppData\Roaming\npm
USERNAME=ManSiek
OS=Windows_NT
PROCESSOR_IDENTIFIER=Intel64 Family 6 Model 126 Stepping 5, GenuineIntel
TMP=C:\Users\ManSiek\AppData\Local\Temp
TEMP=C:\Users\ManSiek\AppData\Local\Temp



Periodic native trim disabled


---------------  S Y S T E M  ---------------

OS:
 Windows 11 , 64 bit Build 22621 (10.0.22621.4391)
OS uptime: 1 days 8:56 hours

CPU: total 8 (initial active 8) (4 cores per cpu, 2 threads per core) family 6 model 126 stepping 5 microcode 0x86, cx8, cmov, fxsr, ht, mmx, 3dnowpref, sse, sse2, sse3, ssse3, sse4.1, sse4.2, popcnt, lzcnt, tsc, tscinvbit, avx, avx2, aes, erms, clmul, bmi1, bmi2, adx, avx512f, avx512dq, avx512cd, avx512bw, avx512vl, sha, fma, vzeroupper, avx512_vpopcntdq, avx512_vpclmulqdq, avx512_vaes, avx512_vnni, clflush, clflushopt, avx512_vbmi2, avx512_vbmi
Processor Information for all 8 processors :
  Max Mhz: 1190, Current Mhz: 991, Mhz Limit: 987

Memory: 4k page, system-wide physical 7967M (434M free)
TotalPageFile size 16599M (AvailPageFile size 0M)
current process WorkingSet (physical memory assigned to process): 297M, peak: 299M
current process commit charge ("private bytes"): 355M, peak: 357M

vm_info: OpenJDK 64-Bit Server VM (17.0.13+11) for windows-amd64 JRE (17.0.13+11), built on Oct 16 2024 00:10:08 by "admin" with MS VC++ 17.7 (VS2022)

END.
