#
# There is insufficient memory for the Java Runtime Environment to continue.
# Native memory allocation (malloc) failed to allocate 689936 bytes. Error detail: Chunk::new
# Possible reasons:
#   The system is out of physical RAM or swap space
#   This process is running with CompressedOops enabled, and the Java Heap may be blocking the growth of the native heap
# Possible solutions:
#   Reduce memory load on the system
#   Increase physical memory or swap space
#   Check if swap backing store is full
#   Decrease Java heap size (-Xmx/-Xms)
#   Decrease number of Java threads
#   Decrease Java thread stack sizes (-Xss)
#   Set larger code cache with -XX:ReservedCodeCacheSize=
#   JVM is running with Unscaled Compressed Oops mode in which the Java heap is
#     placed in the first 4GB address space. The Java Heap base address is the
#     maximum limit for the native heap growth. Please use -XX:HeapBaseMinAddress
#     to set the Java Heap base and to place the Java Heap above 4GB virtual address.
# This output file may be truncated or incomplete.
#
#  Out of Memory Error (arena.cpp:191), pid=14792, tid=18872
#
# JRE version: OpenJDK Runtime Environment Temurin-17.0.13+11 (17.0.13+11) (build 17.0.13+11)
# Java VM: OpenJDK 64-Bit Server VM Temurin-17.0.13+11 (17.0.13+11, mixed mode, tiered, compressed oops, compressed class ptrs, parallel gc, windows-amd64)
# No core dump will be written. Minidumps are not enabled by default on client versions of Windows
#

---------------  S U M M A R Y ------------

Command Line: --add-modules=ALL-SYSTEM --add-opens=java.base/java.util=ALL-UNNAMED --add-opens=java.base/java.lang=ALL-UNNAMED --add-opens=java.base/sun.nio.fs=ALL-UNNAMED -Declipse.application=org.eclipse.jdt.ls.core.id1 -Dosgi.bundles.defaultStartLevel=4 -Declipse.product=org.eclipse.jdt.ls.core.product -Djava.import.generatesMetadataFilesAtProjectRoot=false -DDetectVMInstallationsJob.disabled=true -Dfile.encoding=utf8 -XX:+UseParallelGC -XX:GCTimeRatio=4 -XX:AdaptiveSizePolicyWeight=90 -Dsun.zip.disableMemoryMapping=true -Xmx1G -Xms100m -Xlog:disable -javaagent:c:\Users\ManSiek\.cursor\extensions\redhat.java-1.36.0-win32-x64\lombok\lombok-1.18.35.jar c:\Users\ManSiek\.cursor\extensions\redhat.java-1.36.0-win32-x64\server\plugins\org.eclipse.equinox.launcher_1.6.900.v20240613-2009.jar -configuration c:\Users\ManSiek\AppData\Roaming\Cursor\User\globalStorage\redhat.java\1.36.0\config_ss_win -data c:\Users\ManSiek\AppData\Roaming\Cursor\User\workspaceStorage\1fb9b20678c8910858ca9e0fdacec41e\redhat.java\ss_ws --pipe=\\.\pipe\lsp-716587f55daf1c37532bda8a2439aa4f-sock

Host: Intel(R) Core(TM) i5-1035G1 CPU @ 1.00GHz, 8 cores, 7G,  Windows 11 , 64 bit Build 22621 (10.0.22621.4391)
Time: Wed Nov 13 23:59:55 2024 SE Asia Standard Time elapsed time: 2.701685 seconds (0d 0h 0m 2s)

---------------  T H R E A D  ---------------

Current thread (0x00000229644e0cf0):  JavaThread "C2 CompilerThread1" daemon [_thread_in_native, id=18872, stack(0x000000ec02400000,0x000000ec02500000)]


Current CompileTask:
C2:   2701 1443       4       java.io.WinNTFileSystem::normalize (143 bytes)

Stack: [0x000000ec02400000,0x000000ec02500000]
Native frames: (J=compiled Java code, j=interpreted, Vv=VM code, C=native code)
V  [jvm.dll+0x682a19]
V  [jvm.dll+0x839538]
V  [jvm.dll+0x83afe3]
V  [jvm.dll+0x83b653]
V  [jvm.dll+0x24704f]
V  [jvm.dll+0xace34]
V  [jvm.dll+0xad4cc]
V  [jvm.dll+0x36597e]
V  [jvm.dll+0x32fbd8]
V  [jvm.dll+0x32f05a]
V  [jvm.dll+0x21804f]
V  [jvm.dll+0x21748f]
V  [jvm.dll+0x1a3070]
V  [jvm.dll+0x22788c]
V  [jvm.dll+0x2259eb]
V  [jvm.dll+0x7eec98]
V  [jvm.dll+0x7e8ffc]
V  [jvm.dll+0x6818f7]
C  [ucrtbase.dll+0x29333]
C  [KERNEL32.DLL+0x1259d]
C  [ntdll.dll+0x5af38]


---------------  P R O C E S S  ---------------

Threads class SMR info:
_java_thread_list=0x00000229646c9fe0, length=17, elements={
0x0000022949c7e190, 0x000002295db05020, 0x0000022949d2a650, 0x000002295db0d2a0,
0x000002295db0db70, 0x000002295db0e640, 0x0000022962c14010, 0x0000022962c16820,
0x0000022962c7dc10, 0x0000022962c808e0, 0x0000022949ce20c0, 0x0000022963df7f70,
0x00000229644e0cf0, 0x0000022964677310, 0x000002296468d430, 0x000002296463a800,
0x000002296463afb0
}

Java Threads: ( => current thread )
  0x0000022949c7e190 JavaThread "main" [_thread_blocked, id=17304, stack(0x000000ec01700000,0x000000ec01800000)]
  0x000002295db05020 JavaThread "Reference Handler" daemon [_thread_blocked, id=12108, stack(0x000000ec01a00000,0x000000ec01b00000)]
  0x0000022949d2a650 JavaThread "Finalizer" daemon [_thread_blocked, id=11120, stack(0x000000ec01b00000,0x000000ec01c00000)]
  0x000002295db0d2a0 JavaThread "Signal Dispatcher" daemon [_thread_blocked, id=15176, stack(0x000000ec01c00000,0x000000ec01d00000)]
  0x000002295db0db70 JavaThread "Attach Listener" daemon [_thread_blocked, id=3244, stack(0x000000ec01d00000,0x000000ec01e00000)]
  0x000002295db0e640 JavaThread "Service Thread" daemon [_thread_blocked, id=18232, stack(0x000000ec01e00000,0x000000ec01f00000)]
  0x0000022962c14010 JavaThread "Monitor Deflation Thread" daemon [_thread_blocked, id=20280, stack(0x000000ec01f00000,0x000000ec02000000)]
  0x0000022962c16820 JavaThread "C2 CompilerThread0" daemon [_thread_blocked, id=21128, stack(0x000000ec02000000,0x000000ec02100000)]
  0x0000022962c7dc10 JavaThread "C1 CompilerThread0" daemon [_thread_blocked, id=18036, stack(0x000000ec02100000,0x000000ec02200000)]
  0x0000022962c808e0 JavaThread "Sweeper thread" daemon [_thread_blocked, id=18032, stack(0x000000ec02200000,0x000000ec02300000)]
  0x0000022949ce20c0 JavaThread "Common-Cleaner" daemon [_thread_blocked, id=19668, stack(0x000000ec02300000,0x000000ec02400000)]
  0x0000022963df7f70 JavaThread "Notification Thread" daemon [_thread_blocked, id=4008, stack(0x000000ec02600000,0x000000ec02700000)]
=>0x00000229644e0cf0 JavaThread "C2 CompilerThread1" daemon [_thread_in_native, id=18872, stack(0x000000ec02400000,0x000000ec02500000)]
  0x0000022964677310 JavaThread "C2 CompilerThread2" daemon [_thread_blocked, id=20912, stack(0x000000ec02500000,0x000000ec02600000)]
  0x000002296468d430 JavaThread "Active Thread: Equinox Container: 69a118d6-450f-42be-9c19-07fb17065775" [_thread_blocked, id=2396, stack(0x000000ec02e00000,0x000000ec02f00000)]
  0x000002296463a800 JavaThread "Framework Event Dispatcher: Equinox Container: 69a118d6-450f-42be-9c19-07fb17065775" daemon [_thread_blocked, id=19460, stack(0x000000ec02f00000,0x000000ec03000000)]
  0x000002296463afb0 JavaThread "Start Level: Equinox Container: 69a118d6-450f-42be-9c19-07fb17065775" daemon [_thread_in_native, id=11900, stack(0x000000ec03000000,0x000000ec03100000)]

Other Threads:
  0x0000022949d28af0 VMThread "VM Thread" [stack: 0x000000ec01900000,0x000000ec01a00000] [id=20548]
  0x0000022962f68f50 WatcherThread [stack: 0x000000ec02700000,0x000000ec02800000] [id=16492]
  0x0000022949c92620 GCTaskThread "GC Thread#0" [stack: 0x000000ec01800000,0x000000ec01900000] [id=12076]
  0x0000022964347a60 GCTaskThread "GC Thread#1" [stack: 0x000000ec02800000,0x000000ec02900000] [id=12368]
  0x0000022964550fc0 GCTaskThread "GC Thread#2" [stack: 0x000000ec02900000,0x000000ec02a00000] [id=19896]
  0x0000022963eae130 GCTaskThread "GC Thread#3" [stack: 0x000000ec02a00000,0x000000ec02b00000] [id=19396]
  0x0000022963eae3f0 GCTaskThread "GC Thread#4" [stack: 0x000000ec02b00000,0x000000ec02c00000] [id=18524]
  0x0000022963eae6b0 GCTaskThread "GC Thread#5" [stack: 0x000000ec02c00000,0x000000ec02d00000] [id=19376]
  0x0000022963eae970 GCTaskThread "GC Thread#6" [stack: 0x000000ec02d00000,0x000000ec02e00000] [id=11848]

Threads with active compile tasks:
C1 CompilerThread0     2732 1508       3       java.util.concurrent.locks.ReentrantLock$Sync::tryRelease (51 bytes)
C2 CompilerThread1     2732 1443       4       java.io.WinNTFileSystem::normalize (143 bytes)

VM state: not at safepoint (normal execution)

VM Mutex/Monitor currently owned by a thread: None

Heap address: 0x00000000c0000000, size: 1024 MB, Compressed Oops mode: 32-bit

CDS archive(s) not mapped
Compressed class space mapped at: 0x0000000100000000-0x0000000140000000, reserved size: 1073741824
Narrow klass base: 0x0000000000000000, Narrow klass shift: 3, Narrow klass range: 0x140000000

GC Precious Log:
 CPUs: 8 total, 8 available
 Memory: 7967M
 Large Page Support: Disabled
 NUMA Support: Disabled
 Compressed Oops: Enabled (32-bit)
 Alignments: Space 512K, Generation 512K, Heap 2M
 Heap Min Capacity: 100M
 Heap Initial Capacity: 100M
 Heap Max Capacity: 1G
 Pre-touch: Disabled
 Parallel Workers: 8

Heap:
 PSYoungGen      total 29696K, used 25800K [0x00000000eab00000, 0x00000000ecc00000, 0x0000000100000000)
  eden space 25600K, 88% used [0x00000000eab00000,0x00000000ec11ce90,0x00000000ec400000)
  from space 4096K, 77% used [0x00000000ec400000,0x00000000ec715350,0x00000000ec800000)
  to   space 4096K, 0% used [0x00000000ec800000,0x00000000ec800000,0x00000000ecc00000)
 ParOldGen       total 68608K, used 16K [0x00000000c0000000, 0x00000000c4300000, 0x00000000eab00000)
  object space 68608K, 0% used [0x00000000c0000000,0x00000000c0004000,0x00000000c4300000)
 Metaspace       used 14121K, committed 14336K, reserved 1114112K
  class space    used 1413K, committed 1536K, reserved 1048576K

Card table byte_map: [0x0000022949640000,0x0000022949850000] _byte_map_base: 0x0000022949040000

Marking Bits: (ParMarkBitMap*) 0x00007ffddb0d6940
 Begin Bits: [0x000002295b910000, 0x000002295c910000)
 End Bits:   [0x000002295c910000, 0x000002295d910000)

Polling page: 0x0000022949430000

Metaspace:

Usage:
  Non-class:     12.41 MB used.
      Class:      1.38 MB used.
       Both:     13.79 MB used.

Virtual space:
  Non-class space:       64.00 MB reserved,      12.50 MB ( 20%) committed,  1 nodes.
      Class space:        1.00 GB reserved,       1.50 MB ( <1%) committed,  1 nodes.
             Both:        1.06 GB reserved,      14.00 MB (  1%) committed. 

Chunk freelists:
   Non-Class:  3.08 MB
       Class:  14.43 MB
        Both:  17.51 MB

MaxMetaspaceSize: unlimited
CompressedClassSpaceSize: 1.00 GB
Initial GC threshold: 21.00 MB
Current GC threshold: 21.00 MB
CDS: off
MetaspaceReclaimPolicy: balanced
 - commit_granule_bytes: 65536.
 - commit_granule_words: 8192.
 - virtual_space_node_default_size: 8388608.
 - enlarge_chunks_in_place: 1.
 - new_chunks_are_fully_committed: 0.
 - uncommit_free_chunks: 1.
 - use_allocation_guard: 0.
 - handle_deallocations: 1.


Internal statistics:

num_allocs_failed_limit: 0.
num_arena_births: 60.
num_arena_deaths: 0.
num_vsnodes_births: 2.
num_vsnodes_deaths: 0.
num_space_committed: 224.
num_space_uncommitted: 0.
num_chunks_returned_to_freelist: 0.
num_chunks_taken_from_freelist: 249.
num_chunk_merges: 0.
num_chunk_splits: 163.
num_chunks_enlarged: 124.
num_inconsistent_stats: 0.

CodeHeap 'non-profiled nmethods': size=120000Kb used=654Kb max_used=654Kb free=119345Kb
 bounds [0x00000229543e0000, 0x0000022954650000, 0x000002295b910000]
CodeHeap 'profiled nmethods': size=120000Kb used=2663Kb max_used=2663Kb free=117336Kb
 bounds [0x000002294c910000, 0x000002294cbb0000, 0x0000022953e40000]
CodeHeap 'non-nmethods': size=5760Kb used=1168Kb max_used=1186Kb free=4591Kb
 bounds [0x0000022953e40000, 0x00000229540b0000, 0x00000229543e0000]
 total_blobs=1958 nmethods=1507 adapters=365
 compilation: enabled
              stopped_count=0, restarted_count=0
 full_count=0

Compilation events (20 events):
Event: 2.640 Thread 0x0000022962c7dc10 1457       3       java.lang.String::toCharArray (25 bytes)
Event: 2.640 Thread 0x0000022962c7dc10 nmethod 1457 0x000002294cb91710 code [0x000002294cb918e0, 0x000002294cb91b78]
Event: 2.640 Thread 0x0000022962c7dc10 1458       3       java.lang.StringLatin1::toChars (16 bytes)
Event: 2.641 Thread 0x0000022962c7dc10 nmethod 1458 0x000002294cb91c90 code [0x000002294cb91e40, 0x000002294cb92008]
Event: 2.644 Thread 0x0000022962c16820 nmethod 1456 0x000002295447c690 code [0x000002295447c800, 0x000002295447cab8]
Event: 2.646 Thread 0x0000022964677310 nmethod 1450 0x000002295447cb90 code [0x000002295447cd40, 0x000002295447d5d8]
Event: 2.647 Thread 0x0000022962c7dc10 1459       3       java.lang.Class::getComponentType (14 bytes)
Event: 2.648 Thread 0x0000022962c7dc10 nmethod 1459 0x000002294cb92110 code [0x000002294cb922c0, 0x000002294cb92468]
Event: 2.648 Thread 0x0000022962c7dc10 1460       3       java.io.File::slashify (84 bytes)
Event: 2.650 Thread 0x0000022962c7dc10 nmethod 1460 0x000002294cb92510 code [0x000002294cb92820, 0x000002294cb93668]
Event: 2.652 Thread 0x0000022962c7dc10 1461       3       sun.net.util.IPAddressUtil::scan (62 bytes)
Event: 2.654 Thread 0x0000022962c7dc10 nmethod 1461 0x000002294cb93b90 code [0x000002294cb93dc0, 0x000002294cb94668]
Event: 2.655 Thread 0x0000022962c7dc10 1462       3       org.eclipse.osgi.internal.framework.EquinoxConfiguration$ConfigValues::internalGet (24 bytes)
Event: 2.656 Thread 0x0000022962c16820 1463 %     4       java.io.WinNTFileSystem::normalize @ 58 (224 bytes)
Event: 2.657 Thread 0x0000022962c7dc10 nmethod 1462 0x000002294cb94a90 code [0x000002294cb94d40, 0x000002294cb95948]
Event: 2.659 Thread 0x0000022964677310 1464       4       java.util.concurrent.ConcurrentHashMap::get (162 bytes)
Event: 2.665 Thread 0x0000022962c7dc10 1465       3       java.lang.invoke.MemberName::checkForTypeAlias (172 bytes)
Event: 2.666 Thread 0x0000022964677310 nmethod 1464 0x000002295447da10 code [0x000002295447dba0, 0x000002295447de78]
Event: 2.666 Thread 0x0000022964677310 1470       4       java.lang.System::getSecurityManager (12 bytes)
Event: 2.667 Thread 0x0000022964677310 nmethod 1470 0x000002295447e110 code [0x000002295447e280, 0x000002295447e2f8]

GC Heap History (2 events):
Event: 1.777 GC heap before
{Heap before GC invocations=1 (full 0):
 PSYoungGen      total 29696K, used 25600K [0x00000000eab00000, 0x00000000ecc00000, 0x0000000100000000)
  eden space 25600K, 100% used [0x00000000eab00000,0x00000000ec400000,0x00000000ec400000)
  from space 4096K, 0% used [0x00000000ec800000,0x00000000ec800000,0x00000000ecc00000)
  to   space 4096K, 0% used [0x00000000ec400000,0x00000000ec400000,0x00000000ec800000)
 ParOldGen       total 68608K, used 0K [0x00000000c0000000, 0x00000000c4300000, 0x00000000eab00000)
  object space 68608K, 0% used [0x00000000c0000000,0x00000000c0000000,0x00000000c4300000)
 Metaspace       used 10934K, committed 11072K, reserved 1114112K
  class space    used 1087K, committed 1152K, reserved 1048576K
}
Event: 1.787 GC heap after
{Heap after GC invocations=1 (full 0):
 PSYoungGen      total 29696K, used 3156K [0x00000000eab00000, 0x00000000ecc00000, 0x0000000100000000)
  eden space 25600K, 0% used [0x00000000eab00000,0x00000000eab00000,0x00000000ec400000)
  from space 4096K, 77% used [0x00000000ec400000,0x00000000ec715350,0x00000000ec800000)
  to   space 4096K, 0% used [0x00000000ec800000,0x00000000ec800000,0x00000000ecc00000)
 ParOldGen       total 68608K, used 16K [0x00000000c0000000, 0x00000000c4300000, 0x00000000eab00000)
  object space 68608K, 0% used [0x00000000c0000000,0x00000000c0004000,0x00000000c4300000)
 Metaspace       used 10934K, committed 11072K, reserved 1114112K
  class space    used 1087K, committed 1152K, reserved 1048576K
}

Dll operation events (8 events):
Event: 0.016 Loaded shared library c:\Users\ManSiek\.cursor\extensions\redhat.java-1.36.0-win32-x64\jre\17.0.13-win32-x86_64\bin\java.dll
Event: 0.421 Loaded shared library c:\Users\ManSiek\.cursor\extensions\redhat.java-1.36.0-win32-x64\jre\17.0.13-win32-x86_64\bin\zip.dll
Event: 0.427 Loaded shared library C:\Users\ManSiek\.cursor\extensions\redhat.java-1.36.0-win32-x64\jre\17.0.13-win32-x86_64\bin\instrument.dll
Event: 0.456 Loaded shared library C:\Users\ManSiek\.cursor\extensions\redhat.java-1.36.0-win32-x64\jre\17.0.13-win32-x86_64\bin\net.dll
Event: 0.459 Loaded shared library C:\Users\ManSiek\.cursor\extensions\redhat.java-1.36.0-win32-x64\jre\17.0.13-win32-x86_64\bin\nio.dll
Event: 0.475 Loaded shared library C:\Users\ManSiek\.cursor\extensions\redhat.java-1.36.0-win32-x64\jre\17.0.13-win32-x86_64\bin\zip.dll
Event: 0.511 Loaded shared library C:\Users\ManSiek\.cursor\extensions\redhat.java-1.36.0-win32-x64\jre\17.0.13-win32-x86_64\bin\jimage.dll
Event: 0.634 Loaded shared library c:\Users\ManSiek\.cursor\extensions\redhat.java-1.36.0-win32-x64\jre\17.0.13-win32-x86_64\bin\verify.dll

Deoptimization events (20 events):
Event: 2.448 Thread 0x0000022949c7e190 DEOPT PACKING pc=0x00000229544640d8 sp=0x000000ec017fdd00
Event: 2.448 Thread 0x0000022949c7e190 DEOPT UNPACKING pc=0x0000022953e99ea3 sp=0x000000ec017fdc28 mode 2
Event: 2.452 Thread 0x0000022949c7e190 Uncommon trap: trap_request=0xffffffde fr.pc=0x00000229544640d8 relative=0x00000000000009b8
Event: 2.452 Thread 0x0000022949c7e190 Uncommon trap: reason=class_check action=maybe_recompile pc=0x00000229544640d8 method=java.util.HashMap.putVal(ILjava/lang/Object;Ljava/lang/Object;ZZ)Ljava/lang/Object; @ 253 c2
Event: 2.452 Thread 0x0000022949c7e190 DEOPT PACKING pc=0x00000229544640d8 sp=0x000000ec017fdd00
Event: 2.452 Thread 0x0000022949c7e190 DEOPT UNPACKING pc=0x0000022953e99ea3 sp=0x000000ec017fdc28 mode 2
Event: 2.453 Thread 0x0000022949c7e190 Uncommon trap: trap_request=0xffffffde fr.pc=0x00000229543eee2c relative=0x000000000000042c
Event: 2.453 Thread 0x0000022949c7e190 Uncommon trap: reason=class_check action=maybe_recompile pc=0x00000229543eee2c method=java.util.HashMap.putVal(ILjava/lang/Object;Ljava/lang/Object;ZZ)Ljava/lang/Object; @ 253 c2
Event: 2.453 Thread 0x0000022949c7e190 DEOPT PACKING pc=0x00000229543eee2c sp=0x000000ec017fdb80
Event: 2.453 Thread 0x0000022949c7e190 DEOPT UNPACKING pc=0x0000022953e99ea3 sp=0x000000ec017fdb20 mode 2
Event: 2.530 Thread 0x0000022949c7e190 DEOPT PACKING pc=0x000002294c9c9c80 sp=0x000000ec017fbff0
Event: 2.530 Thread 0x0000022949c7e190 DEOPT UNPACKING pc=0x0000022953e9a9e3 sp=0x000000ec017fb470 mode 0
Event: 2.530 Thread 0x0000022949c7e190 DEOPT PACKING pc=0x000002294ca20794 sp=0x000000ec017fc150
Event: 2.530 Thread 0x0000022949c7e190 DEOPT UNPACKING pc=0x0000022953e9a9e3 sp=0x000000ec017fb5d0 mode 0
Event: 2.532 Thread 0x0000022949c7e190 Uncommon trap: trap_request=0xffffff45 fr.pc=0x000002295441b0a0 relative=0x0000000000000100
Event: 2.532 Thread 0x0000022949c7e190 Uncommon trap: reason=unstable_if action=reinterpret pc=0x000002295441b0a0 method=java.math.BigInteger.addOne([IIII)I @ 55 c2
Event: 2.532 Thread 0x0000022949c7e190 DEOPT PACKING pc=0x000002295441b0a0 sp=0x000000ec017fc480
Event: 2.532 Thread 0x0000022949c7e190 DEOPT UNPACKING pc=0x0000022953e99ea3 sp=0x000000ec017fc400 mode 2
Event: 2.534 Thread 0x0000022949c7e190 DEOPT PACKING pc=0x000002294ca20794 sp=0x000000ec017fc440
Event: 2.534 Thread 0x0000022949c7e190 DEOPT UNPACKING pc=0x0000022953e9a9e3 sp=0x000000ec017fb8c0 mode 0

Classes loaded (20 events):
Event: 2.500 Loading class javax/xml/parsers/ParserConfigurationException
Event: 2.500 Loading class javax/xml/parsers/ParserConfigurationException done
Event: 2.504 Loading class java/security/KeyStoreException
Event: 2.504 Loading class java/security/KeyStoreException done
Event: 2.511 Loading class sun/security/x509/SubjectAlternativeNameExtension
Event: 2.512 Loading class sun/security/x509/SubjectAlternativeNameExtension done
Event: 2.512 Loading class sun/security/x509/RFC822Name
Event: 2.512 Loading class sun/security/x509/RFC822Name done
Event: 2.559 Loading class java/util/LinkedList$Node
Event: 2.561 Loading class java/util/LinkedList$Node done
Event: 2.561 Loading class java/util/LinkedList$ListItr
Event: 2.561 Loading class java/util/LinkedList$ListItr done
Event: 2.580 Loading class sun/nio/fs/WindowsChannelFactory
Event: 2.581 Loading class sun/nio/fs/WindowsChannelFactory done
Event: 2.581 Loading class sun/nio/fs/WindowsChannelFactory$1
Event: 2.581 Loading class sun/nio/fs/WindowsChannelFactory$1 done
Event: 2.581 Loading class sun/nio/fs/WindowsChannelFactory$Flags
Event: 2.581 Loading class sun/nio/fs/WindowsChannelFactory$Flags done
Event: 2.582 Loading class sun/nio/ch/FileChannelImpl$Closer
Event: 2.582 Loading class sun/nio/ch/FileChannelImpl$Closer done

Classes unloaded (0 events):
No events

Classes redefined (0 events):
No events

Internal exceptions (20 events):
Event: 1.191 Thread 0x0000022949c7e190 Exception <a 'java/io/FileNotFoundException'{0x00000000eb89c690}> (0x00000000eb89c690) 
thrown [s\src\hotspot\share\prims\jni.cpp, line 516]
Event: 1.191 Thread 0x0000022949c7e190 Exception <a 'java/io/FileNotFoundException'{0x00000000eb89d380}> (0x00000000eb89d380) 
thrown [s\src\hotspot\share\prims\jni.cpp, line 516]
Event: 1.202 Thread 0x0000022949c7e190 Implicit null exception at 0x00000229544070f2 to 0x0000022954407668
Event: 1.206 Thread 0x0000022949c7e190 Exception <a 'java/io/FileNotFoundException'{0x00000000eb8d7cb8}> (0x00000000eb8d7cb8) 
thrown [s\src\hotspot\share\prims\jni.cpp, line 516]
Event: 1.589 Thread 0x0000022949c7e190 Exception <a 'java/lang/ClassNotFoundException'{0x00000000ec1065e8}: sun/net/www/protocol/c/Handler> (0x00000000ec1065e8) 
thrown [s\src\hotspot\share\classfile\systemDictionary.cpp, line 256]
Event: 1.590 Thread 0x0000022949c7e190 Exception <a 'java/lang/ClassNotFoundException'{0x00000000ec107918}: sun/net/www/protocol/d/Handler> (0x00000000ec107918) 
thrown [s\src\hotspot\share\classfile\systemDictionary.cpp, line 256]
Event: 1.590 Thread 0x0000022949c7e190 Exception <a 'java/lang/ClassNotFoundException'{0x00000000ec108a68}: sun/net/www/protocol/c/Handler> (0x00000000ec108a68) 
thrown [s\src\hotspot\share\classfile\systemDictionary.cpp, line 256]
Event: 1.603 Thread 0x0000022949c7e190 Exception <a 'java/io/FileNotFoundException'{0x00000000ec12c3f0}> (0x00000000ec12c3f0) 
thrown [s\src\hotspot\share\prims\jni.cpp, line 516]
Event: 1.673 Thread 0x0000022949c7e190 Implicit null exception at 0x000002295442a75b to 0x000002295442b0a8
Event: 1.674 Thread 0x0000022949c7e190 Implicit null exception at 0x000002295443200c to 0x0000022954432224
Event: 1.674 Thread 0x0000022949c7e190 Implicit null exception at 0x0000022954428e0c to 0x000002295442901c
Event: 1.674 Thread 0x0000022949c7e190 Implicit null exception at 0x000002295442c10f to 0x000002295442c185
Event: 1.791 Thread 0x0000022949c7e190 Exception <a 'java/lang/NoSuchMethodError'{0x00000000eab0fb78}: 'int java.lang.invoke.DirectMethodHandle$Holder.invokeStaticInit(java.lang.Object, java.lang.Object, java.lang.Object, java.lang.Object)'> (0x00000000eab0fb78) 
thrown [s\src\hotspot\share\interpreter\linkResolver.cpp, line 759]
Event: 1.795 Thread 0x0000022949c7e190 Exception <a 'java/lang/NoSuchMethodError'{0x00000000eab1a2e0}: 'java.lang.Object java.lang.invoke.DirectMethodHandle$Holder.invokeInterface(java.lang.Object, java.lang.Object)'> (0x00000000eab1a2e0) 
thrown [s\src\hotspot\share\interpreter\linkResolver.cpp, line 759]
Event: 1.797 Thread 0x0000022949c7e190 Exception <a 'java/lang/IncompatibleClassChangeError'{0x00000000eab1dad8}: Found class java.lang.Object, but interface was expected> (0x00000000eab1dad8) 
thrown [s\src\hotspot\share\interpreter\linkResolver.cpp, line 826]
Event: 1.799 Thread 0x0000022949c7e190 Exception <a 'java/lang/NoSuchMethodError'{0x00000000eab21fb8}: 'void java.lang.invoke.DirectMethodHandle$Holder.invokeStatic(java.lang.Object, java.lang.Object)'> (0x00000000eab21fb8) 
thrown [s\src\hotspot\share\interpreter\linkResolver.cpp, line 759]
Event: 1.800 Thread 0x0000022949c7e190 Exception <a 'java/lang/NoSuchMethodError'{0x00000000eab257b8}: 'void java.lang.invoke.DirectMethodHandle$Holder.invokeStaticInit(java.lang.Object, java.lang.Object)'> (0x00000000eab257b8) 
thrown [s\src\hotspot\share\interpreter\linkResolver.cpp, line 759]
Event: 1.802 Thread 0x0000022949c7e190 Exception <a 'java/lang/NoSuchMethodError'{0x00000000eab2ccb8}: 'int java.lang.invoke.DirectMethodHandle$Holder.invokeStaticInit(java.lang.Object, java.lang.Object)'> (0x00000000eab2ccb8) 
thrown [s\src\hotspot\share\interpreter\linkResolver.cpp, line 759]
Event: 1.933 Thread 0x0000022949c7e190 Exception <a 'java/lang/NoSuchMethodError'{0x00000000eac98db8}: 'void java.lang.invoke.DirectMethodHandle$Holder.invokeSpecial(java.lang.Object, java.lang.Object, java.lang.Object)'> (0x00000000eac98db8) 
thrown [s\src\hotspot\share\interpreter\linkResolver.cpp, line 759]
Event: 2.411 Thread 0x0000022949c7e190 Exception <a 'java/lang/NoSuchMethodError'{0x00000000eb972c28}: 'java.lang.Object java.lang.invoke.DirectMethodHandle$Holder.newInvokeSpecial(java.lang.Object, int, java.lang.Object)'> (0x00000000eb972c28) 
thrown [s\src\hotspot\share\interpreter\linkResolver.cpp, line 759]

VM Operations (20 events):
Event: 0.372 Executing VM operation: HandshakeAllThreads
Event: 0.372 Executing VM operation: HandshakeAllThreads done
Event: 0.545 Executing VM operation: HandshakeAllThreads
Event: 0.545 Executing VM operation: HandshakeAllThreads done
Event: 1.142 Executing VM operation: HandshakeAllThreads
Event: 1.142 Executing VM operation: HandshakeAllThreads done
Event: 1.142 Executing VM operation: Cleanup
Event: 1.142 Executing VM operation: Cleanup done
Event: 1.174 Executing VM operation: HandshakeAllThreads
Event: 1.174 Executing VM operation: HandshakeAllThreads done
Event: 1.777 Executing VM operation: ParallelGCFailedAllocation
Event: 1.787 Executing VM operation: ParallelGCFailedAllocation done
Event: 2.356 Executing VM operation: HandshakeAllThreads
Event: 2.356 Executing VM operation: HandshakeAllThreads done
Event: 2.357 Executing VM operation: HandshakeAllThreads
Event: 2.357 Executing VM operation: HandshakeAllThreads done
Event: 2.370 Executing VM operation: HandshakeAllThreads
Event: 2.370 Executing VM operation: HandshakeAllThreads done
Event: 2.402 Executing VM operation: HandshakeAllThreads
Event: 2.402 Executing VM operation: HandshakeAllThreads done

Memory protections (0 events):
No events

Nmethod flushes (0 events):
No events

Events (19 events):
Event: 0.070 Thread 0x0000022949c7e190 Thread added: 0x0000022949c7e190
Event: 0.099 Thread 0x0000022949c7e190 Thread added: 0x000002295db05020
Event: 0.100 Thread 0x0000022949c7e190 Thread added: 0x0000022949d2a650
Event: 0.138 Thread 0x0000022949c7e190 Thread added: 0x000002295db0d2a0
Event: 0.138 Thread 0x0000022949c7e190 Thread added: 0x000002295db0db70
Event: 0.138 Thread 0x0000022949c7e190 Thread added: 0x000002295db0e640
Event: 0.138 Thread 0x0000022949c7e190 Thread added: 0x0000022962c14010
Event: 0.138 Thread 0x0000022949c7e190 Thread added: 0x0000022962c16820
Event: 0.151 Thread 0x0000022949c7e190 Thread added: 0x0000022962c7dc10
Event: 0.153 Thread 0x0000022949c7e190 Thread added: 0x0000022962c808e0
Event: 0.321 Thread 0x0000022949c7e190 Thread added: 0x0000022949ce20c0
Event: 0.630 Thread 0x0000022962c7dc10 Thread added: 0x0000022962eaa730
Event: 0.637 Thread 0x0000022962c7dc10 Thread added: 0x0000022962f5aa50
Event: 0.823 Thread 0x0000022949c7e190 Thread added: 0x0000022963df7f70
Event: 1.787 Thread 0x0000022962f5aa50 Thread exited: 0x0000022962f5aa50
Event: 1.787 Thread 0x0000022962eaa730 Thread exited: 0x0000022962eaa730
Event: 2.022 Thread 0x0000022962c7dc10 Thread added: 0x00000229644e0cf0
Event: 2.283 Thread 0x0000022962c16820 Thread added: 0x0000022964677310
Event: 2.337 Thread 0x0000022949c7e190 Thread added: 0x000002296468d430


Dynamic libraries:
0x00007ff63ae60000 - 0x00007ff63ae6e000 	c:\Users\ManSiek\.cursor\extensions\redhat.java-1.36.0-win32-x64\jre\17.0.13-win32-x86_64\bin\java.exe
0x00007ffe54670000 - 0x00007ffe54887000 	C:\WINDOWS\SYSTEM32\ntdll.dll
0x00007ffe52eb0000 - 0x00007ffe52f74000 	C:\WINDOWS\System32\KERNEL32.DLL
0x00007ffe51d70000 - 0x00007ffe52129000 	C:\WINDOWS\System32\KERNELBASE.dll
0x00007ffe51c50000 - 0x00007ffe51d61000 	C:\WINDOWS\System32\ucrtbase.dll
0x00007ffe49c40000 - 0x00007ffe49c57000 	c:\Users\ManSiek\.cursor\extensions\redhat.java-1.36.0-win32-x64\jre\17.0.13-win32-x86_64\bin\jli.dll
0x00007ffe52920000 - 0x00007ffe52ace000 	C:\WINDOWS\System32\USER32.dll
0x00007ffe522a0000 - 0x00007ffe522c6000 	C:\WINDOWS\System32\win32u.dll
0x00007ffe53520000 - 0x00007ffe53549000 	C:\WINDOWS\System32\GDI32.dll
0x00007ffe51ac0000 - 0x00007ffe51bdb000 	C:\WINDOWS\System32\gdi32full.dll
0x00007ffe519a0000 - 0x00007ffe51a3a000 	C:\WINDOWS\System32\msvcp_win.dll
0x00007ffe49a50000 - 0x00007ffe49a6e000 	c:\Users\ManSiek\.cursor\extensions\redhat.java-1.36.0-win32-x64\jre\17.0.13-win32-x86_64\bin\VCRUNTIME140.dll
0x00007ffe476d0000 - 0x00007ffe47962000 	C:\WINDOWS\WinSxS\amd64_microsoft.windows.common-controls_6595b64144ccf1df_6.0.22621.4391_none_2715d37f73803e96\COMCTL32.dll
0x00007ffe52ba0000 - 0x00007ffe52c47000 	C:\WINDOWS\System32\msvcrt.dll
0x00007ffe534d0000 - 0x00007ffe53501000 	C:\WINDOWS\System32\IMM32.DLL
0x00007ffe49d00000 - 0x00007ffe49d0c000 	c:\Users\ManSiek\.cursor\extensions\redhat.java-1.36.0-win32-x64\jre\17.0.13-win32-x86_64\bin\vcruntime140_1.dll
0x00007ffe2e3c0000 - 0x00007ffe2e44d000 	c:\Users\ManSiek\.cursor\extensions\redhat.java-1.36.0-win32-x64\jre\17.0.13-win32-x86_64\bin\msvcp140.dll
0x00007ffdda530000 - 0x00007ffddb19b000 	c:\Users\ManSiek\.cursor\extensions\redhat.java-1.36.0-win32-x64\jre\17.0.13-win32-x86_64\bin\server\jvm.dll
0x00007ffe52f80000 - 0x00007ffe53032000 	C:\WINDOWS\System32\ADVAPI32.dll
0x00007ffe52870000 - 0x00007ffe52917000 	C:\WINDOWS\System32\sechost.dll
0x00007ffe51970000 - 0x00007ffe51998000 	C:\WINDOWS\System32\bcrypt.dll
0x00007ffe53550000 - 0x00007ffe53664000 	C:\WINDOWS\System32\RPCRT4.dll
0x00007ffe52b20000 - 0x00007ffe52b91000 	C:\WINDOWS\System32\WS2_32.dll
0x00007ffe28180000 - 0x00007ffe281b4000 	C:\WINDOWS\SYSTEM32\WINMM.dll
0x00007ffe497f0000 - 0x00007ffe497fa000 	C:\WINDOWS\SYSTEM32\VERSION.dll
0x00007ffe51850000 - 0x00007ffe5189d000 	C:\WINDOWS\SYSTEM32\POWRPROF.dll
0x00007ffe51820000 - 0x00007ffe51833000 	C:\WINDOWS\SYSTEM32\UMPDC.dll
0x00007ffe509b0000 - 0x00007ffe509c8000 	C:\WINDOWS\SYSTEM32\kernel.appcore.dll
0x00007ffe49b00000 - 0x00007ffe49b0a000 	c:\Users\ManSiek\.cursor\extensions\redhat.java-1.36.0-win32-x64\jre\17.0.13-win32-x86_64\bin\jimage.dll
0x00007ffe4f440000 - 0x00007ffe4f672000 	C:\WINDOWS\SYSTEM32\DBGHELP.DLL
0x00007ffe542a0000 - 0x00007ffe5462f000 	C:\WINDOWS\System32\combase.dll
0x00007ffe54000000 - 0x00007ffe540d7000 	C:\WINDOWS\System32\OLEAUT32.dll
0x00007ffe36620000 - 0x00007ffe36652000 	C:\WINDOWS\SYSTEM32\dbgcore.DLL
0x00007ffe51a40000 - 0x00007ffe51abb000 	C:\WINDOWS\System32\bcryptPrimitives.dll
0x00007ffe49a20000 - 0x00007ffe49a2e000 	c:\Users\ManSiek\.cursor\extensions\redhat.java-1.36.0-win32-x64\jre\17.0.13-win32-x86_64\bin\instrument.dll
0x00007ffe480a0000 - 0x00007ffe480c5000 	c:\Users\ManSiek\.cursor\extensions\redhat.java-1.36.0-win32-x64\jre\17.0.13-win32-x86_64\bin\java.dll
0x00007ffe472d0000 - 0x00007ffe472e8000 	c:\Users\ManSiek\.cursor\extensions\redhat.java-1.36.0-win32-x64\jre\17.0.13-win32-x86_64\bin\zip.dll
0x00007ffe536d0000 - 0x00007ffe53f46000 	C:\WINDOWS\System32\SHELL32.dll
0x00007ffe4f8b0000 - 0x00007ffe501b3000 	C:\WINDOWS\SYSTEM32\windows.storage.dll
0x00007ffe4f770000 - 0x00007ffe4f8af000 	C:\WINDOWS\SYSTEM32\wintypes.dll
0x00007ffe52770000 - 0x00007ffe52869000 	C:\WINDOWS\System32\SHCORE.dll
0x00007ffe52390000 - 0x00007ffe523ee000 	C:\WINDOWS\System32\shlwapi.dll
0x00007ffe518a0000 - 0x00007ffe518cb000 	C:\WINDOWS\SYSTEM32\profapi.dll
0x00007ffe47250000 - 0x00007ffe47269000 	C:\Users\ManSiek\.cursor\extensions\redhat.java-1.36.0-win32-x64\jre\17.0.13-win32-x86_64\bin\net.dll
0x00007ffe4a1f0000 - 0x00007ffe4a326000 	C:\WINDOWS\SYSTEM32\WINHTTP.dll
0x00007ffe50e30000 - 0x00007ffe50e99000 	C:\WINDOWS\system32\mswsock.dll
0x00007ffe3d9b0000 - 0x00007ffe3d9c6000 	C:\Users\ManSiek\.cursor\extensions\redhat.java-1.36.0-win32-x64\jre\17.0.13-win32-x86_64\bin\nio.dll
0x00007ffe49390000 - 0x00007ffe493a0000 	c:\Users\ManSiek\.cursor\extensions\redhat.java-1.36.0-win32-x64\jre\17.0.13-win32-x86_64\bin\verify.dll
0x00007ffe2f200000 - 0x00007ffe2f245000 	C:\Users\ManSiek\AppData\Roaming\Cursor\User\globalStorage\redhat.java\1.36.0\config_ss_win\org.eclipse.equinox.launcher\org.eclipse.equinox.launcher.win32.win32.x86_64_1.2.1100.v20240722-2106\eclipse_11904.dll
0x00007ffe52520000 - 0x00007ffe526c5000 	C:\WINDOWS\System32\ole32.dll

dbghelp: loaded successfully - version: 4.0.5 - missing functions: none
symbol engine: initialized successfully - sym options: 0x614 - pdb path: .;c:\Users\ManSiek\.cursor\extensions\redhat.java-1.36.0-win32-x64\jre\17.0.13-win32-x86_64\bin;C:\WINDOWS\SYSTEM32;C:\WINDOWS\WinSxS\amd64_microsoft.windows.common-controls_6595b64144ccf1df_6.0.22621.4391_none_2715d37f73803e96;c:\Users\ManSiek\.cursor\extensions\redhat.java-1.36.0-win32-x64\jre\17.0.13-win32-x86_64\bin\server;C:\Users\ManSiek\AppData\Roaming\Cursor\User\globalStorage\redhat.java\1.36.0\config_ss_win\org.eclipse.equinox.launcher\org.eclipse.equinox.launcher.win32.win32.x86_64_1.2.1100.v20240722-2106

VM Arguments:
jvm_args: --add-modules=ALL-SYSTEM --add-opens=java.base/java.util=ALL-UNNAMED --add-opens=java.base/java.lang=ALL-UNNAMED --add-opens=java.base/sun.nio.fs=ALL-UNNAMED -Declipse.application=org.eclipse.jdt.ls.core.id1 -Dosgi.bundles.defaultStartLevel=4 -Declipse.product=org.eclipse.jdt.ls.core.product -Djava.import.generatesMetadataFilesAtProjectRoot=false -DDetectVMInstallationsJob.disabled=true -Dfile.encoding=utf8 -XX:+UseParallelGC -XX:GCTimeRatio=4 -XX:AdaptiveSizePolicyWeight=90 -Dsun.zip.disableMemoryMapping=true -Xmx1G -Xms100m -Xlog:disable -javaagent:c:\Users\ManSiek\.cursor\extensions\redhat.java-1.36.0-win32-x64\lombok\lombok-1.18.35.jar 
java_command: c:\Users\ManSiek\.cursor\extensions\redhat.java-1.36.0-win32-x64\server\plugins\org.eclipse.equinox.launcher_1.6.900.v20240613-2009.jar -configuration c:\Users\ManSiek\AppData\Roaming\Cursor\User\globalStorage\redhat.java\1.36.0\config_ss_win -data c:\Users\ManSiek\AppData\Roaming\Cursor\User\workspaceStorage\1fb9b20678c8910858ca9e0fdacec41e\redhat.java\ss_ws --pipe=\\.\pipe\lsp-716587f55daf1c37532bda8a2439aa4f-sock
java_class_path (initial): c:\Users\ManSiek\.cursor\extensions\redhat.java-1.36.0-win32-x64\server\plugins\org.eclipse.equinox.launcher_1.6.900.v20240613-2009.jar
Launcher Type: SUN_STANDARD

[Global flags]
    uintx AdaptiveSizePolicyWeight                 = 90                                        {product} {command line}
     intx CICompilerCount                          = 4                                         {product} {ergonomic}
    uintx GCTimeRatio                              = 4                                         {product} {command line}
   size_t InitialHeapSize                          = 104857600                                 {product} {command line}
   size_t MaxHeapSize                              = 1073741824                                {product} {command line}
   size_t MaxNewSize                               = 357564416                                 {product} {ergonomic}
   size_t MinHeapDeltaBytes                        = 524288                                    {product} {ergonomic}
   size_t MinHeapSize                              = 104857600                                 {product} {command line}
   size_t NewSize                                  = 34603008                                  {product} {ergonomic}
    uintx NonNMethodCodeHeapSize                   = 5839372                                {pd product} {ergonomic}
    uintx NonProfiledCodeHeapSize                  = 122909434                              {pd product} {ergonomic}
   size_t OldSize                                  = 70254592                                  {product} {ergonomic}
    uintx ProfiledCodeHeapSize                     = 122909434                              {pd product} {ergonomic}
    uintx ReservedCodeCacheSize                    = 251658240                              {pd product} {ergonomic}
     bool SegmentedCodeCache                       = true                                      {product} {ergonomic}
   size_t SoftMaxHeapSize                          = 1073741824                             {manageable} {ergonomic}
     bool UseCompressedClassPointers               = true                           {product lp64_product} {ergonomic}
     bool UseCompressedOops                        = true                           {product lp64_product} {ergonomic}
     bool UseLargePagesIndividualAllocation        = false                                  {pd product} {ergonomic}
     bool UseParallelGC                            = true                                      {product} {command line}

Logging:
Log output configuration:
 #0: stdout all=off uptime,level,tags
 #1: stderr all=off uptime,level,tags

Environment Variables:
PATH=C:\Program Files\Common Files\Oracle\Java\javapath;C:\WINDOWS\system32;C:\WINDOWS;C:\WINDOWS\System32\Wbem;C:\WINDOWS\System32\WindowsPowerShell\v1.0\;C:\WINDOWS\System32\OpenSSH\;C:\Program Files\Microsoft SQL Server\Client SDK\ODBC\170\Tools\Binn\;C:\Program Files (x86)\Microsoft SQL Server\160\DTS\Binn\;C:\Program Files (x86)\Microsoft SQL Server\160\Tools\Binn\;C:\Program Files\Microsoft SQL Server\160\Tools\Binn\;C:\Program Files\Microsoft SQL Server\160\DTS\Binn\;C:\Program Files\Microsoft SQL Server\150\Tools\Binn\;C:\Program Files\dotnet\;C:\Program Files\nodejs\;C:\Users\ManSiek\AppData\Local\Microsoft\WindowsApps;D:\Application\Microsoft VS Code\bin;C:\Users\ManSiek\.dotnet\tools;C:\Users\ManSiek\AppData\Roaming\npm
USERNAME=ManSiek
OS=Windows_NT
PROCESSOR_IDENTIFIER=Intel64 Family 6 Model 126 Stepping 5, GenuineIntel
TMP=C:\Users\ManSiek\AppData\Local\Temp
TEMP=C:\Users\ManSiek\AppData\Local\Temp



Periodic native trim disabled


---------------  S Y S T E M  ---------------

OS:
 Windows 11 , 64 bit Build 22621 (10.0.22621.4391)
OS uptime: 1 days 8:56 hours

CPU: total 8 (initial active 8) (4 cores per cpu, 2 threads per core) family 6 model 126 stepping 5 microcode 0x86, cx8, cmov, fxsr, ht, mmx, 3dnowpref, sse, sse2, sse3, ssse3, sse4.1, sse4.2, popcnt, lzcnt, tsc, tscinvbit, avx, avx2, aes, erms, clmul, bmi1, bmi2, adx, avx512f, avx512dq, avx512cd, avx512bw, avx512vl, sha, fma, vzeroupper, avx512_vpopcntdq, avx512_vpclmulqdq, avx512_vaes, avx512_vnni, clflush, clflushopt, avx512_vbmi2, avx512_vbmi
Processor Information for all 8 processors :
  Max Mhz: 1190, Current Mhz: 991, Mhz Limit: 987

Memory: 4k page, system-wide physical 7967M (688M free)
TotalPageFile size 16599M (AvailPageFile size 3M)
current process WorkingSet (physical memory assigned to process): 87M, peak: 87M
current process commit charge ("private bytes"): 207M, peak: 207M

vm_info: OpenJDK 64-Bit Server VM (17.0.13+11) for windows-amd64 JRE (17.0.13+11), built on Oct 16 2024 00:10:08 by "admin" with MS VC++ 17.7 (VS2022)

END.
