#
# There is insufficient memory for the Java Runtime Environment to continue.
# Native memory allocation (malloc) failed to allocate 32784 bytes. Error detail: Chunk::new
# Possible reasons:
#   The system is out of physical RAM or swap space
#   This process is running with CompressedOops enabled, and the Java Heap may be blocking the growth of the native heap
# Possible solutions:
#   Reduce memory load on the system
#   Increase physical memory or swap space
#   Check if swap backing store is full
#   Decrease Java heap size (-Xmx/-Xms)
#   Decrease number of Java threads
#   Decrease Java thread stack sizes (-Xss)
#   Set larger code cache with -XX:ReservedCodeCacheSize=
#   JVM is running with Unscaled Compressed Oops mode in which the Java heap is
#     placed in the first 4GB address space. The Java Heap base address is the
#     maximum limit for the native heap growth. Please use -XX:HeapBaseMinAddress
#     to set the Java Heap base and to place the Java Heap above 4GB virtual address.
# This output file may be truncated or incomplete.
#
#  Out of Memory Error (arena.cpp:191), pid=20852, tid=16344
#
# JRE version: OpenJDK Runtime Environment Temurin-17.0.13+11 (17.0.13+11) (build 17.0.13+11)
# Java VM: OpenJDK 64-Bit Server VM Temurin-17.0.13+11 (17.0.13+11, mixed mode, tiered, compressed oops, compressed class ptrs, parallel gc, windows-amd64)
# No core dump will be written. Minidumps are not enabled by default on client versions of Windows
#

---------------  S U M M A R Y ------------

Command Line: --add-modules=ALL-SYSTEM --add-opens=java.base/java.util=ALL-UNNAMED --add-opens=java.base/java.lang=ALL-UNNAMED --add-opens=java.base/sun.nio.fs=ALL-UNNAMED -Declipse.application=org.eclipse.jdt.ls.core.id1 -Dosgi.bundles.defaultStartLevel=4 -Declipse.product=org.eclipse.jdt.ls.core.product -Djava.import.generatesMetadataFilesAtProjectRoot=false -DDetectVMInstallationsJob.disabled=true -Dfile.encoding=utf8 -XX:+UseParallelGC -XX:GCTimeRatio=4 -XX:AdaptiveSizePolicyWeight=90 -Dsun.zip.disableMemoryMapping=true -Xmx1G -Xms100m -Xlog:disable -javaagent:c:\Users\ManSiek\.cursor\extensions\redhat.java-1.36.0-win32-x64\lombok\lombok-1.18.35.jar c:\Users\ManSiek\.cursor\extensions\redhat.java-1.36.0-win32-x64\server\plugins\org.eclipse.equinox.launcher_1.6.900.v20240613-2009.jar -configuration c:\Users\ManSiek\AppData\Roaming\Cursor\User\globalStorage\redhat.java\1.36.0\config_ss_win -data c:\Users\ManSiek\AppData\Roaming\Cursor\User\workspaceStorage\1fb9b20678c8910858ca9e0fdacec41e\redhat.java\ss_ws --pipe=\\.\pipe\lsp-f9b356da846b4cd2053817e4fba2891f-sock

Host: Intel(R) Core(TM) i5-1035G1 CPU @ 1.00GHz, 8 cores, 7G,  Windows 11 , 64 bit Build 22621 (10.0.22621.4391)
Time: Wed Nov 13 23:59:52 2024 SE Asia Standard Time elapsed time: 79.845834 seconds (0d 0h 1m 19s)

---------------  T H R E A D  ---------------

Current thread (0x000001aa5f3bdea0):  JavaThread "C2 CompilerThread0" daemon [_thread_in_native, id=16344, stack(0x0000008954100000,0x0000008954200000)]


Current CompileTask:
C2:  79846 7011       4       com.google.gson.stream.JsonWriter::beforeValue (139 bytes)

Stack: [0x0000008954100000,0x0000008954200000]
Native frames: (J=compiled Java code, j=interpreted, Vv=VM code, C=native code)
V  [jvm.dll+0x682a19]
V  [jvm.dll+0x839538]
V  [jvm.dll+0x83afe3]
V  [jvm.dll+0x83b653]
V  [jvm.dll+0x24704f]
V  [jvm.dll+0xace34]
V  [jvm.dll+0xad4cc]
V  [jvm.dll+0xacf44]
V  [jvm.dll+0x66043c]
V  [jvm.dll+0x60ead6]
V  [jvm.dll+0x613e17]
V  [jvm.dll+0x614c5c]
V  [jvm.dll+0x61312c]
V  [jvm.dll+0x217ece]
V  [jvm.dll+0x21748f]
V  [jvm.dll+0x1a3070]
V  [jvm.dll+0x22788c]
V  [jvm.dll+0x2259eb]
V  [jvm.dll+0x7eec98]
V  [jvm.dll+0x7e8ffc]
V  [jvm.dll+0x6818f7]
C  [ucrtbase.dll+0x29333]
C  [KERNEL32.DLL+0x1259d]
C  [ntdll.dll+0x5af38]


---------------  P R O C E S S  ---------------

Threads class SMR info:
_java_thread_list=0x000001aa63d3f2f0, length=52, elements={
0x000001aa444a3940, 0x000001aa5a283010, 0x000001aa5a284af0, 0x000001aa5f3aaaa0,
0x000001aa5f3ab370, 0x000001aa5f3b3fd0, 0x000001aa5f3b69f0, 0x000001aa5f3bdea0,
0x000001aa5f3bf870, 0x000001aa5a28cf30, 0x000001aa5f4ac5d0, 0x000001aa5f6fc6a0,
0x000001aa5f47c180, 0x000001aa5f47dfe0, 0x000001aa5f47f930, 0x000001aa5f47cba0,
0x000001aa5f47d0b0, 0x000001aa5f47e4f0, 0x000001aa5f47d5c0, 0x000001aa5f47dad0,
0x000001aa62880d90, 0x000001aa6287e510, 0x000001aa62881cc0, 0x000001aa6287f440,
0x000001aa6287ef30, 0x000001aa6287cbc0, 0x000001aa6287fe60, 0x000001aa628821d0,
0x000001aa6287ea20, 0x000001aa62880370, 0x000001aa62880880, 0x000001aa6287f950,
0x000001aa6287e000, 0x000001aa628817b0, 0x000001aa6287d0d0, 0x000001aa6287bc90,
0x000001aa6287daf0, 0x000001aa6287c6b0, 0x000001aa6287d5e0, 0x000001aa5f47c690,
0x000001aa63b9fe20, 0x000001aa63b9cb80, 0x000001aa63ba2190, 0x000001aa63ba0330,
0x000001aa63b9e4d0, 0x000001aa63b9e9e0, 0x000001aa63b9dab0, 0x000001aa63ba2bb0,
0x000001aa63b9eef0, 0x000001aa63ba0840, 0x000001aa6436f0c0, 0x000001aa643725e0
}

Java Threads: ( => current thread )
  0x000001aa444a3940 JavaThread "main" [_thread_blocked, id=9348, stack(0x0000008953800000,0x0000008953900000)]
  0x000001aa5a283010 JavaThread "Reference Handler" daemon [_thread_blocked, id=1596, stack(0x0000008953b00000,0x0000008953c00000)]
  0x000001aa5a284af0 JavaThread "Finalizer" daemon [_thread_blocked, id=8272, stack(0x0000008953c00000,0x0000008953d00000)]
  0x000001aa5f3aaaa0 JavaThread "Signal Dispatcher" daemon [_thread_blocked, id=10068, stack(0x0000008953d00000,0x0000008953e00000)]
  0x000001aa5f3ab370 JavaThread "Attach Listener" daemon [_thread_blocked, id=9668, stack(0x0000008953e00000,0x0000008953f00000)]
  0x000001aa5f3b3fd0 JavaThread "Service Thread" daemon [_thread_blocked, id=17956, stack(0x0000008953f00000,0x0000008954000000)]
  0x000001aa5f3b69f0 JavaThread "Monitor Deflation Thread" daemon [_thread_blocked, id=6012, stack(0x0000008954000000,0x0000008954100000)]
=>0x000001aa5f3bdea0 JavaThread "C2 CompilerThread0" daemon [_thread_in_native, id=16344, stack(0x0000008954100000,0x0000008954200000)]
  0x000001aa5f3bf870 JavaThread "C1 CompilerThread0" daemon [_thread_blocked, id=2816, stack(0x0000008954200000,0x0000008954300000)]
  0x000001aa5a28cf30 JavaThread "Sweeper thread" daemon [_thread_blocked, id=19088, stack(0x0000008954300000,0x0000008954400000)]
  0x000001aa5f4ac5d0 JavaThread "Common-Cleaner" daemon [_thread_blocked, id=20744, stack(0x0000008954400000,0x0000008954500000)]
  0x000001aa5f6fc6a0 JavaThread "Notification Thread" daemon [_thread_blocked, id=1348, stack(0x0000008954600000,0x0000008954700000)]
  0x000001aa5f47c180 JavaThread "Active Thread: Equinox Container: 75f71499-64ae-41f4-9776-36944d43ae6c" [_thread_blocked, id=5180, stack(0x0000008954e00000,0x0000008954f00000)]
  0x000001aa5f47dfe0 JavaThread "Framework Event Dispatcher: Equinox Container: 75f71499-64ae-41f4-9776-36944d43ae6c" daemon [_thread_blocked, id=7244, stack(0x0000008954500000,0x0000008954600000)]
  0x000001aa5f47f930 JavaThread "Start Level: Equinox Container: 75f71499-64ae-41f4-9776-36944d43ae6c" daemon [_thread_blocked, id=16284, stack(0x0000008954f00000,0x0000008955000000)]
  0x000001aa5f47cba0 JavaThread "SCR Component Actor" daemon [_thread_blocked, id=14988, stack(0x0000008955000000,0x0000008955100000)]
  0x000001aa5f47d0b0 JavaThread "Worker-JM" [_thread_blocked, id=12808, stack(0x0000008955300000,0x0000008955400000)]
  0x000001aa5f47e4f0 JavaThread "JNA Cleaner" daemon [_thread_blocked, id=792, stack(0x0000008955400000,0x0000008955500000)]
  0x000001aa5f47d5c0 JavaThread "Worker-0" [_thread_blocked, id=4784, stack(0x0000008955500000,0x0000008955600000)]
  0x000001aa5f47dad0 JavaThread "Worker-1" [_thread_blocked, id=14600, stack(0x0000008955600000,0x0000008955700000)]
  0x000001aa62880d90 JavaThread "Thread-2" daemon [_thread_in_native, id=3904, stack(0x0000008955b00000,0x0000008955c00000)]
  0x000001aa6287e510 JavaThread "Thread-3" daemon [_thread_in_native, id=1612, stack(0x0000008955c00000,0x0000008955d00000)]
  0x000001aa62881cc0 JavaThread "Thread-4" daemon [_thread_in_native, id=18992, stack(0x0000008955d00000,0x0000008955e00000)]
  0x000001aa6287f440 JavaThread "Thread-5" daemon [_thread_in_native, id=2088, stack(0x0000008955e00000,0x0000008955f00000)]
  0x000001aa6287ef30 JavaThread "Thread-6" daemon [_thread_in_native, id=20944, stack(0x0000008955f00000,0x0000008956000000)]
  0x000001aa6287cbc0 JavaThread "Thread-7" daemon [_thread_in_native, id=14004, stack(0x0000008956000000,0x0000008956100000)]
  0x000001aa6287fe60 JavaThread "Thread-8" daemon [_thread_in_native, id=15772, stack(0x0000008956100000,0x0000008956200000)]
  0x000001aa628821d0 JavaThread "Thread-9" daemon [_thread_in_native, id=16300, stack(0x0000008956200000,0x0000008956300000)]
  0x000001aa6287ea20 JavaThread "Thread-10" daemon [_thread_in_native, id=20704, stack(0x0000008956300000,0x0000008956400000)]
  0x000001aa62880370 JavaThread "pool-2-thread-1" [_thread_blocked, id=8756, stack(0x0000008955800000,0x0000008955900000)]
  0x000001aa62880880 JavaThread "WorkspaceEventsHandler" [_thread_blocked, id=17504, stack(0x0000008956500000,0x0000008956600000)]
  0x000001aa6287f950 JavaThread "pool-1-thread-1" [_thread_blocked, id=13684, stack(0x0000008956600000,0x0000008956700000)]
  0x000001aa6287e000 JavaThread "ForkJoinPool.commonPool-worker-1" daemon [_thread_blocked, id=15656, stack(0x0000008956800000,0x0000008956900000)]
  0x000001aa628817b0 JavaThread "ForkJoinPool.commonPool-worker-2" daemon [_thread_blocked, id=14008, stack(0x0000008956900000,0x0000008956a00000)]
  0x000001aa6287d0d0 JavaThread "LocalFile Deleter" daemon [_thread_blocked, id=19684, stack(0x0000008956a00000,0x0000008956b00000)]
  0x000001aa6287bc90 JavaThread "Compiler Source File Reader" daemon [_thread_blocked, id=4372, stack(0x0000008955700000,0x0000008955800000)]
  0x000001aa6287daf0 JavaThread "Compiler Source File Reader" daemon [_thread_blocked, id=19952, stack(0x0000008956700000,0x0000008956800000)]
  0x000001aa6287c6b0 JavaThread "Compiler Source File Reader" daemon [_thread_blocked, id=16636, stack(0x0000008956b00000,0x0000008956c00000)]
  0x000001aa6287d5e0 JavaThread "Compiler Source File Reader" daemon [_thread_blocked, id=13576, stack(0x0000008956c00000,0x0000008956d00000)]
  0x000001aa5f47c690 JavaThread "Compiler Source File Reader" daemon [_thread_blocked, id=16132, stack(0x0000008956d00000,0x0000008956e00000)]
  0x000001aa63b9fe20 JavaThread "Compiler Source File Reader" daemon [_thread_blocked, id=5188, stack(0x0000008956e00000,0x0000008956f00000)]
  0x000001aa63b9cb80 JavaThread "ForkJoinPool.commonPool-worker-3" daemon [_thread_blocked, id=20240, stack(0x0000008957100000,0x0000008957200000)]
  0x000001aa63ba2190 JavaThread "ForkJoinPool.commonPool-worker-4" daemon [_thread_blocked, id=14012, stack(0x0000008957200000,0x0000008957300000)]
  0x000001aa63ba0330 JavaThread "LocalFile Deleter" daemon [_thread_blocked, id=3856, stack(0x0000008957300000,0x0000008957400000)]
  0x000001aa63b9e4d0 JavaThread "Compiler Class File Writer" daemon [_thread_blocked, id=14672, stack(0x0000008957500000,0x0000008957600000)]
  0x000001aa63b9e9e0 JavaThread "Compiler Class File Writer" daemon [_thread_blocked, id=20896, stack(0x0000008957600000,0x0000008957700000)]
  0x000001aa63b9dab0 JavaThread "Compiler Class File Writer" daemon [_thread_blocked, id=11280, stack(0x0000008957700000,0x0000008957800000)]
  0x000001aa63ba2bb0 JavaThread "Compiler Class File Writer" daemon [_thread_blocked, id=9556, stack(0x0000008957000000,0x0000008957100000)]
  0x000001aa63b9eef0 JavaThread "Compiler Class File Writer" daemon [_thread_blocked, id=11496, stack(0x0000008957900000,0x0000008957a00000)]
  0x000001aa63ba0840 JavaThread "Compiler Class File Writer" daemon [_thread_blocked, id=15576, stack(0x0000008957a00000,0x0000008957b00000)]
  0x000001aa6436f0c0 JavaThread "C2 CompilerThread1" daemon [_thread_in_native, id=20040, stack(0x0000008953500000,0x0000008953600000)]
  0x000001aa643725e0 JavaThread "C2 CompilerThread2" daemon [_thread_in_native, id=4728, stack(0x0000008953600000,0x0000008953700000)]

Other Threads:
  0x000001aa5f3814b0 VMThread "VM Thread" [stack: 0x0000008953a00000,0x0000008953b00000] [id=8176]
  0x000001aa6052ccb0 WatcherThread [stack: 0x0000008954700000,0x0000008954800000] [id=11832]
  0x000001aa444b85d0 GCTaskThread "GC Thread#0" [stack: 0x0000008953900000,0x0000008953a00000] [id=9780]
  0x000001aa60adf040 GCTaskThread "GC Thread#1" [stack: 0x0000008954800000,0x0000008954900000] [id=16672]
  0x000001aa60d1e680 GCTaskThread "GC Thread#2" [stack: 0x0000008954900000,0x0000008954a00000] [id=16180]
  0x000001aa60adf510 GCTaskThread "GC Thread#3" [stack: 0x0000008954a00000,0x0000008954b00000] [id=5324]
  0x000001aa60adf7d0 GCTaskThread "GC Thread#4" [stack: 0x0000008954b00000,0x0000008954c00000] [id=17832]
  0x000001aa60adfa90 GCTaskThread "GC Thread#5" [stack: 0x0000008954c00000,0x0000008954d00000] [id=20492]
  0x000001aa60b1c3b0 GCTaskThread "GC Thread#6" [stack: 0x0000008954d00000,0x0000008954e00000] [id=20932]
  0x000001aa606a2600 GCTaskThread "GC Thread#7" [stack: 0x0000008955100000,0x0000008955200000] [id=19528]

Threads with active compile tasks:
C2 CompilerThread0    79925 7011       4       com.google.gson.stream.JsonWriter::beforeValue (139 bytes)
C2 CompilerThread1    79925 6986  s    4       org.eclipse.jdt.internal.core.JavaModelManager::getInfo (39 bytes)
C2 CompilerThread2    79925 6984       4       org.eclipse.jdt.internal.core.JavaModelCache::getInfo (156 bytes)

VM state: not at safepoint (normal execution)

VM Mutex/Monitor currently owned by a thread: None

Heap address: 0x00000000c0000000, size: 1024 MB, Compressed Oops mode: 32-bit

CDS archive(s) not mapped
Compressed class space mapped at: 0x0000000100000000-0x0000000140000000, reserved size: 1073741824
Narrow klass base: 0x0000000000000000, Narrow klass shift: 3, Narrow klass range: 0x140000000

GC Precious Log:
 CPUs: 8 total, 8 available
 Memory: 7967M
 Large Page Support: Disabled
 NUMA Support: Disabled
 Compressed Oops: Enabled (32-bit)
 Alignments: Space 512K, Generation 512K, Heap 2M
 Heap Min Capacity: 100M
 Heap Initial Capacity: 100M
 Heap Max Capacity: 1G
 Pre-touch: Disabled
 Parallel Workers: 8

Heap:
 PSYoungGen      total 15872K, used 7942K [0x00000000eab00000, 0x00000000ec200000, 0x0000000100000000)
  eden space 13312K, 40% used [0x00000000eab00000,0x00000000eb044288,0x00000000eb800000)
  from space 2560K, 99% used [0x00000000eba00000,0x00000000ebc7d838,0x00000000ebc80000)
  to   space 5120K, 0% used [0x00000000ebd00000,0x00000000ebd00000,0x00000000ec200000)
 ParOldGen       total 68608K, used 41729K [0x00000000c0000000, 0x00000000c4300000, 0x00000000eab00000)
  object space 68608K, 60% used [0x00000000c0000000,0x00000000c28c04e8,0x00000000c4300000)
 Metaspace       used 51559K, committed 52416K, reserved 1114112K
  class space    used 5054K, committed 5376K, reserved 1048576K

Card table byte_map: [0x000001aa57b20000,0x000001aa57d30000] _byte_map_base: 0x000001aa57520000

Marking Bits: (ParMarkBitMap*) 0x00007ffddb0d6940
 Begin Bits: [0x000001aa57e90000, 0x000001aa58e90000)
 End Bits:   [0x000001aa58e90000, 0x000001aa59e90000)

Polling page: 0x000001aa44550000

Metaspace:

Usage:
  Non-class:     45.42 MB used.
      Class:      4.94 MB used.
       Both:     50.35 MB used.

Virtual space:
  Non-class space:       64.00 MB reserved,      45.94 MB ( 72%) committed,  1 nodes.
      Class space:        1.00 GB reserved,       5.25 MB ( <1%) committed,  1 nodes.
             Both:        1.06 GB reserved,      51.19 MB (  5%) committed. 

Chunk freelists:
   Non-Class:  1.42 MB
       Class:  10.78 MB
        Both:  12.20 MB

MaxMetaspaceSize: unlimited
CompressedClassSpaceSize: 1.00 GB
Initial GC threshold: 21.00 MB
Current GC threshold: 58.38 MB
CDS: off
MetaspaceReclaimPolicy: balanced
 - commit_granule_bytes: 65536.
 - commit_granule_words: 8192.
 - virtual_space_node_default_size: 8388608.
 - enlarge_chunks_in_place: 1.
 - new_chunks_are_fully_committed: 0.
 - uncommit_free_chunks: 1.
 - use_allocation_guard: 0.
 - handle_deallocations: 1.


Internal statistics:

num_allocs_failed_limit: 6.
num_arena_births: 614.
num_arena_deaths: 14.
num_vsnodes_births: 2.
num_vsnodes_deaths: 0.
num_space_committed: 819.
num_space_uncommitted: 0.
num_chunks_returned_to_freelist: 20.
num_chunks_taken_from_freelist: 2553.
num_chunk_merges: 11.
num_chunk_splits: 1578.
num_chunks_enlarged: 918.
num_inconsistent_stats: 0.

CodeHeap 'non-profiled nmethods': size=120000Kb used=4391Kb max_used=4391Kb free=115608Kb
 bounds [0x000001aa50410000, 0x000001aa50860000, 0x000001aa57940000]
CodeHeap 'profiled nmethods': size=120000Kb used=13566Kb max_used=13566Kb free=106433Kb
 bounds [0x000001aa48940000, 0x000001aa49680000, 0x000001aa4fe70000]
CodeHeap 'non-nmethods': size=5760Kb used=1359Kb max_used=1478Kb free=4400Kb
 bounds [0x000001aa4fe70000, 0x000001aa500e0000, 0x000001aa50410000]
 total_blobs=6913 nmethods=6221 adapters=605
 compilation: enabled
              stopped_count=0, restarted_count=0
 full_count=0

Compilation events (20 events):
Event: 79.755 Thread 0x000001aa5f3bf870 6999  s    3       org.eclipse.jdt.core.dom.DefaultBindingResolver::getVariableBinding (230 bytes)
Event: 79.756 Thread 0x000001aa5f3bf870 nmethod 6999 0x000001aa4967c910 code [0x000001aa4967cbe0, 0x000001aa4967df48]
Event: 79.756 Thread 0x000001aa5f3bf870 7001       3       org.eclipse.jdt.core.dom.VariableBinding::getModifiers (37 bytes)
Event: 79.757 Thread 0x000001aa5f3bf870 nmethod 7001 0x000001aa4967e490 code [0x000001aa4967e660, 0x000001aa4967eb98]
Event: 79.757 Thread 0x000001aa5f3bf870 7002       3       org.eclipse.jdt.core.dom.VariableBinding::isDeprecated (20 bytes)
Event: 79.758 Thread 0x000001aa5f3bf870 nmethod 7002 0x000001aa4967ed10 code [0x000001aa4967eee0, 0x000001aa4967f338]
Event: 79.758 Thread 0x000001aa5f3bf870 7006       3       org.eclipse.jdt.core.dom.ExpressionStatement::accept0 (25 bytes)
Event: 79.758 Thread 0x000001aa5f3bf870 nmethod 7006 0x000001aa4967f490 code [0x000001aa4967f660, 0x000001aa4967fa38]
Event: 79.758 Thread 0x000001aa5f3bf870 7005       1       org.eclipse.jdt.core.dom.ASTVisitor::visit (2 bytes)
Event: 79.758 Thread 0x000001aa5f3bf870 nmethod 7005 0x000001aa50857990 code [0x000001aa50857b20, 0x000001aa50857bf8]
Event: 79.758 Thread 0x000001aa5f3bf870 6993       1       org.eclipse.jdt.core.dom.BodyDeclaration::getJavadoc (5 bytes)
Event: 79.758 Thread 0x000001aa5f3bf870 nmethod 6993 0x000001aa50857c90 code [0x000001aa50857e20, 0x000001aa50857ef8]
Event: 79.761 Thread 0x000001aa5f3bdea0 nmethod 6983 0x000001aa50857f90 code [0x000001aa50858120, 0x000001aa50858368]
Event: 79.761 Thread 0x000001aa5f3bdea0 6990       4       org.eclipse.jdt.internal.compiler.lookup.ReferenceBinding::hashCode (38 bytes)
Event: 79.768 Thread 0x000001aa5f3bdea0 nmethod 6990 0x000001aa50858490 code [0x000001aa50858620, 0x000001aa50858828]
Event: 79.768 Thread 0x000001aa5f3bdea0 7009       4       com.google.gson.stream.JsonWriter::newline (55 bytes)
Event: 79.769 Thread 0x000001aa5f3bdea0 nmethod 7009 0x000001aa50858990 code [0x000001aa50858b00, 0x000001aa50858b98]
Event: 79.769 Thread 0x000001aa5f3bdea0 7008       4       java.io.StringWriter::append (6 bytes)
Event: 79.784 Thread 0x000001aa5f3bdea0 nmethod 7008 0x000001aa50858c90 code [0x000001aa50858e40, 0x000001aa50859768]
Event: 79.784 Thread 0x000001aa5f3bdea0 7011       4       com.google.gson.stream.JsonWriter::beforeValue (139 bytes)

GC Heap History (20 events):
Event: 14.592 GC heap before
{Heap before GC invocations=20 (full 2):
 PSYoungGen      total 22528K, used 22208K [0x00000000eab00000, 0x00000000ec380000, 0x0000000100000000)
  eden space 21504K, 100% used [0x00000000eab00000,0x00000000ec000000,0x00000000ec000000)
  from space 1024K, 68% used [0x00000000ec100000,0x00000000ec1b0020,0x00000000ec200000)
  to   space 1536K, 0% used [0x00000000ec200000,0x00000000ec200000,0x00000000ec380000)
 ParOldGen       total 68608K, used 25882K [0x00000000c0000000, 0x00000000c4300000, 0x00000000eab00000)
  object space 68608K, 37% used [0x00000000c0000000,0x00000000c1946a70,0x00000000c4300000)
 Metaspace       used 43820K, committed 44608K, reserved 1114112K
  class space    used 4418K, committed 4736K, reserved 1048576K
}
Event: 14.593 GC heap after
{Heap after GC invocations=20 (full 2):
 PSYoungGen      total 22528K, used 1509K [0x00000000eab00000, 0x00000000ec500000, 0x0000000100000000)
  eden space 20992K, 0% used [0x00000000eab00000,0x00000000eab00000,0x00000000ebf80000)
  from space 1536K, 98% used [0x00000000ec200000,0x00000000ec379758,0x00000000ec380000)
  to   space 2560K, 0% used [0x00000000ebf80000,0x00000000ebf80000,0x00000000ec200000)
 ParOldGen       total 68608K, used 26530K [0x00000000c0000000, 0x00000000c4300000, 0x00000000eab00000)
  object space 68608K, 38% used [0x00000000c0000000,0x00000000c19e8ab0,0x00000000c4300000)
 Metaspace       used 43820K, committed 44608K, reserved 1114112K
  class space    used 4418K, committed 4736K, reserved 1048576K
}
Event: 14.737 GC heap before
{Heap before GC invocations=21 (full 2):
 PSYoungGen      total 22528K, used 22346K [0x00000000eab00000, 0x00000000ec500000, 0x0000000100000000)
  eden space 20992K, 99% used [0x00000000eab00000,0x00000000ebf592a0,0x00000000ebf80000)
  from space 1536K, 98% used [0x00000000ec200000,0x00000000ec379758,0x00000000ec380000)
  to   space 2560K, 0% used [0x00000000ebf80000,0x00000000ebf80000,0x00000000ec200000)
 ParOldGen       total 68608K, used 26530K [0x00000000c0000000, 0x00000000c4300000, 0x00000000eab00000)
  object space 68608K, 38% used [0x00000000c0000000,0x00000000c19e8ab0,0x00000000c4300000)
 Metaspace       used 43858K, committed 44672K, reserved 1114112K
  class space    used 4420K, committed 4736K, reserved 1048576K
}
Event: 14.740 GC heap after
{Heap after GC invocations=21 (full 2):
 PSYoungGen      total 22016K, used 901K [0x00000000eab00000, 0x00000000ec280000, 0x0000000100000000)
  eden space 20992K, 0% used [0x00000000eab00000,0x00000000eab00000,0x00000000ebf80000)
  from space 1024K, 88% used [0x00000000ebf80000,0x00000000ec0614d8,0x00000000ec080000)
  to   space 1536K, 0% used [0x00000000ec100000,0x00000000ec100000,0x00000000ec280000)
 ParOldGen       total 68608K, used 27532K [0x00000000c0000000, 0x00000000c4300000, 0x00000000eab00000)
  object space 68608K, 40% used [0x00000000c0000000,0x00000000c1ae33e8,0x00000000c4300000)
 Metaspace       used 43858K, committed 44672K, reserved 1114112K
  class space    used 4420K, committed 4736K, reserved 1048576K
}
Event: 15.467 GC heap before
{Heap before GC invocations=22 (full 2):
 PSYoungGen      total 22016K, used 21893K [0x00000000eab00000, 0x00000000ec280000, 0x0000000100000000)
  eden space 20992K, 100% used [0x00000000eab00000,0x00000000ebf80000,0x00000000ebf80000)
  from space 1024K, 88% used [0x00000000ebf80000,0x00000000ec0614d8,0x00000000ec080000)
  to   space 1536K, 0% used [0x00000000ec100000,0x00000000ec100000,0x00000000ec280000)
 ParOldGen       total 68608K, used 27532K [0x00000000c0000000, 0x00000000c4300000, 0x00000000eab00000)
  object space 68608K, 40% used [0x00000000c0000000,0x00000000c1ae33e8,0x00000000c4300000)
 Metaspace       used 45881K, committed 46720K, reserved 1114112K
  class space    used 4612K, committed 4928K, reserved 1048576K
}
Event: 15.469 GC heap after
{Heap after GC invocations=22 (full 2):
 PSYoungGen      total 22016K, used 672K [0x00000000eab00000, 0x00000000ec200000, 0x0000000100000000)
  eden space 20992K, 0% used [0x00000000eab00000,0x00000000eab00000,0x00000000ebf80000)
  from space 1024K, 65% used [0x00000000ec100000,0x00000000ec1a8000,0x00000000ec200000)
  to   space 1024K, 0% used [0x00000000ebf80000,0x00000000ebf80000,0x00000000ec080000)
 ParOldGen       total 68608K, used 27580K [0x00000000c0000000, 0x00000000c4300000, 0x00000000eab00000)
  object space 68608K, 40% used [0x00000000c0000000,0x00000000c1aef3e8,0x00000000c4300000)
 Metaspace       used 45881K, committed 46720K, reserved 1114112K
  class space    used 4612K, committed 4928K, reserved 1048576K
}
Event: 16.465 GC heap before
{Heap before GC invocations=23 (full 2):
 PSYoungGen      total 22016K, used 21664K [0x00000000eab00000, 0x00000000ec200000, 0x0000000100000000)
  eden space 20992K, 100% used [0x00000000eab00000,0x00000000ebf80000,0x00000000ebf80000)
  from space 1024K, 65% used [0x00000000ec100000,0x00000000ec1a8000,0x00000000ec200000)
  to   space 1024K, 0% used [0x00000000ebf80000,0x00000000ebf80000,0x00000000ec080000)
 ParOldGen       total 68608K, used 27580K [0x00000000c0000000, 0x00000000c4300000, 0x00000000eab00000)
  object space 68608K, 40% used [0x00000000c0000000,0x00000000c1aef3e8,0x00000000c4300000)
 Metaspace       used 47319K, committed 48128K, reserved 1114112K
  class space    used 4753K, committed 5056K, reserved 1048576K
}
Event: 16.467 GC heap after
{Heap after GC invocations=23 (full 2):
 PSYoungGen      total 22016K, used 948K [0x00000000eab00000, 0x00000000ec180000, 0x0000000100000000)
  eden space 20992K, 0% used [0x00000000eab00000,0x00000000eab00000,0x00000000ebf80000)
  from space 1024K, 92% used [0x00000000ebf80000,0x00000000ec06d178,0x00000000ec080000)
  to   space 1024K, 0% used [0x00000000ec080000,0x00000000ec080000,0x00000000ec180000)
 ParOldGen       total 68608K, used 28101K [0x00000000c0000000, 0x00000000c4300000, 0x00000000eab00000)
  object space 68608K, 40% used [0x00000000c0000000,0x00000000c1b71478,0x00000000c4300000)
 Metaspace       used 47319K, committed 48128K, reserved 1114112K
  class space    used 4753K, committed 5056K, reserved 1048576K
}
Event: 16.575 GC heap before
{Heap before GC invocations=24 (full 2):
 PSYoungGen      total 22016K, used 21940K [0x00000000eab00000, 0x00000000ec180000, 0x0000000100000000)
  eden space 20992K, 100% used [0x00000000eab00000,0x00000000ebf80000,0x00000000ebf80000)
  from space 1024K, 92% used [0x00000000ebf80000,0x00000000ec06d178,0x00000000ec080000)
  to   space 1024K, 0% used [0x00000000ec080000,0x00000000ec080000,0x00000000ec180000)
 ParOldGen       total 68608K, used 28101K [0x00000000c0000000, 0x00000000c4300000, 0x00000000eab00000)
  object space 68608K, 40% used [0x00000000c0000000,0x00000000c1b71478,0x00000000c4300000)
 Metaspace       used 47572K, committed 48448K, reserved 1114112K
  class space    used 4770K, committed 5120K, reserved 1048576K
}
Event: 16.578 GC heap after
{Heap after GC invocations=24 (full 2):
 PSYoungGen      total 19456K, used 1012K [0x00000000eab00000, 0x00000000ec680000, 0x0000000100000000)
  eden space 18432K, 0% used [0x00000000eab00000,0x00000000eab00000,0x00000000ebd00000)
  from space 1024K, 98% used [0x00000000ec080000,0x00000000ec17d010,0x00000000ec180000)
  to   space 3584K, 0% used [0x00000000ebd00000,0x00000000ebd00000,0x00000000ec080000)
 ParOldGen       total 68608K, used 29989K [0x00000000c0000000, 0x00000000c4300000, 0x00000000eab00000)
  object space 68608K, 43% used [0x00000000c0000000,0x00000000c1d49438,0x00000000c4300000)
 Metaspace       used 47572K, committed 48448K, reserved 1114112K
  class space    used 4770K, committed 5120K, reserved 1048576K
}
Event: 16.882 GC heap before
{Heap before GC invocations=25 (full 2):
 PSYoungGen      total 19456K, used 19444K [0x00000000eab00000, 0x00000000ec680000, 0x0000000100000000)
  eden space 18432K, 99% used [0x00000000eab00000,0x00000000ebcffff0,0x00000000ebd00000)
  from space 1024K, 98% used [0x00000000ec080000,0x00000000ec17d010,0x00000000ec180000)
  to   space 3584K, 0% used [0x00000000ebd00000,0x00000000ebd00000,0x00000000ec080000)
 ParOldGen       total 68608K, used 29989K [0x00000000c0000000, 0x00000000c4300000, 0x00000000eab00000)
  object space 68608K, 43% used [0x00000000c0000000,0x00000000c1d49438,0x00000000c4300000)
 Metaspace       used 48398K, committed 49216K, reserved 1114112K
  class space    used 4862K, committed 5184K, reserved 1048576K
}
Event: 16.886 GC heap after
{Heap after GC invocations=25 (full 2):
 PSYoungGen      total 22016K, used 3351K [0x00000000eab00000, 0x00000000ec400000, 0x0000000100000000)
  eden space 18432K, 0% used [0x00000000eab00000,0x00000000eab00000,0x00000000ebd00000)
  from space 3584K, 93% used [0x00000000ebd00000,0x00000000ec045d08,0x00000000ec080000)
  to   space 3584K, 0% used [0x00000000ec080000,0x00000000ec080000,0x00000000ec400000)
 ParOldGen       total 68608K, used 30974K [0x00000000c0000000, 0x00000000c4300000, 0x00000000eab00000)
  object space 68608K, 45% used [0x00000000c0000000,0x00000000c1e3f9a8,0x00000000c4300000)
 Metaspace       used 48398K, committed 49216K, reserved 1114112K
  class space    used 4862K, committed 5184K, reserved 1048576K
}
Event: 17.184 GC heap before
{Heap before GC invocations=26 (full 2):
 PSYoungGen      total 22016K, used 21783K [0x00000000eab00000, 0x00000000ec400000, 0x0000000100000000)
  eden space 18432K, 99% used [0x00000000eab00000,0x00000000ebcfffd8,0x00000000ebd00000)
  from space 3584K, 93% used [0x00000000ebd00000,0x00000000ec045d08,0x00000000ec080000)
  to   space 3584K, 0% used [0x00000000ec080000,0x00000000ec080000,0x00000000ec400000)
 ParOldGen       total 68608K, used 30974K [0x00000000c0000000, 0x00000000c4300000, 0x00000000eab00000)
  object space 68608K, 45% used [0x00000000c0000000,0x00000000c1e3f9a8,0x00000000c4300000)
 Metaspace       used 49081K, committed 49920K, reserved 1114112K
  class space    used 4905K, committed 5248K, reserved 1048576K
}
Event: 17.193 GC heap after
{Heap after GC invocations=26 (full 2):
 PSYoungGen      total 16896K, used 3576K [0x00000000eab00000, 0x00000000ece00000, 0x0000000100000000)
  eden space 13312K, 0% used [0x00000000eab00000,0x00000000eab00000,0x00000000eb800000)
  from space 3584K, 99% used [0x00000000ec080000,0x00000000ec3fe270,0x00000000ec400000)
  to   space 8704K, 0% used [0x00000000eb800000,0x00000000eb800000,0x00000000ec080000)
 ParOldGen       total 68608K, used 34887K [0x00000000c0000000, 0x00000000c4300000, 0x00000000eab00000)
  object space 68608K, 50% used [0x00000000c0000000,0x00000000c2211e98,0x00000000c4300000)
 Metaspace       used 49081K, committed 49920K, reserved 1114112K
  class space    used 4905K, committed 5248K, reserved 1048576K
}
Event: 17.473 GC heap before
{Heap before GC invocations=27 (full 2):
 PSYoungGen      total 16896K, used 16888K [0x00000000eab00000, 0x00000000ece00000, 0x0000000100000000)
  eden space 13312K, 100% used [0x00000000eab00000,0x00000000eb800000,0x00000000eb800000)
  from space 3584K, 99% used [0x00000000ec080000,0x00000000ec3fe270,0x00000000ec400000)
  to   space 8704K, 0% used [0x00000000eb800000,0x00000000eb800000,0x00000000ec080000)
 ParOldGen       total 68608K, used 34887K [0x00000000c0000000, 0x00000000c4300000, 0x00000000eab00000)
  object space 68608K, 50% used [0x00000000c0000000,0x00000000c2211e98,0x00000000c4300000)
 Metaspace       used 49740K, committed 50560K, reserved 1114112K
  class space    used 4954K, committed 5312K, reserved 1048576K
}
Event: 17.479 GC heap after
{Heap after GC invocations=27 (full 2):
 PSYoungGen      total 15872K, used 2074K [0x00000000eab00000, 0x00000000ec100000, 0x0000000100000000)
  eden space 13312K, 0% used [0x00000000eab00000,0x00000000eab00000,0x00000000eb800000)
  from space 2560K, 81% used [0x00000000eb800000,0x00000000eba06bb8,0x00000000eba80000)
  to   space 4096K, 0% used [0x00000000ebd00000,0x00000000ebd00000,0x00000000ec100000)
 ParOldGen       total 68608K, used 38063K [0x00000000c0000000, 0x00000000c4300000, 0x00000000eab00000)
  object space 68608K, 55% used [0x00000000c0000000,0x00000000c252be00,0x00000000c4300000)
 Metaspace       used 49740K, committed 50560K, reserved 1114112K
  class space    used 4954K, committed 5312K, reserved 1048576K
}
Event: 17.828 GC heap before
{Heap before GC invocations=28 (full 2):
 PSYoungGen      total 15872K, used 15386K [0x00000000eab00000, 0x00000000ec100000, 0x0000000100000000)
  eden space 13312K, 100% used [0x00000000eab00000,0x00000000eb800000,0x00000000eb800000)
  from space 2560K, 81% used [0x00000000eb800000,0x00000000eba06bb8,0x00000000eba80000)
  to   space 4096K, 0% used [0x00000000ebd00000,0x00000000ebd00000,0x00000000ec100000)
 ParOldGen       total 68608K, used 38063K [0x00000000c0000000, 0x00000000c4300000, 0x00000000eab00000)
  object space 68608K, 55% used [0x00000000c0000000,0x00000000c252be00,0x00000000c4300000)
 Metaspace       used 50976K, committed 51776K, reserved 1114112K
  class space    used 5033K, committed 5376K, reserved 1048576K
}
Event: 17.832 GC heap after
{Heap after GC invocations=28 (full 2):
 PSYoungGen      total 15360K, used 1794K [0x00000000eab00000, 0x00000000ebf00000, 0x0000000100000000)
  eden space 13312K, 0% used [0x00000000eab00000,0x00000000eab00000,0x00000000eb800000)
  from space 2048K, 87% used [0x00000000ebd00000,0x00000000ebec0858,0x00000000ebf00000)
  to   space 2560K, 0% used [0x00000000eba00000,0x00000000eba00000,0x00000000ebc80000)
 ParOldGen       total 68608K, used 39988K [0x00000000c0000000, 0x00000000c4300000, 0x00000000eab00000)
  object space 68608K, 58% used [0x00000000c0000000,0x00000000c270d398,0x00000000c4300000)
 Metaspace       used 50976K, committed 51776K, reserved 1114112K
  class space    used 5033K, committed 5376K, reserved 1048576K
}
Event: 19.254 GC heap before
{Heap before GC invocations=29 (full 2):
 PSYoungGen      total 15360K, used 15106K [0x00000000eab00000, 0x00000000ebf00000, 0x0000000100000000)
  eden space 13312K, 100% used [0x00000000eab00000,0x00000000eb800000,0x00000000eb800000)
  from space 2048K, 87% used [0x00000000ebd00000,0x00000000ebec0858,0x00000000ebf00000)
  to   space 2560K, 0% used [0x00000000eba00000,0x00000000eba00000,0x00000000ebc80000)
 ParOldGen       total 68608K, used 39988K [0x00000000c0000000, 0x00000000c4300000, 0x00000000eab00000)
  object space 68608K, 58% used [0x00000000c0000000,0x00000000c270d398,0x00000000c4300000)
 Metaspace       used 51370K, committed 52224K, reserved 1114112K
  class space    used 5054K, committed 5376K, reserved 1048576K
}
Event: 19.260 GC heap after
{Heap after GC invocations=29 (full 2):
 PSYoungGen      total 15872K, used 2550K [0x00000000eab00000, 0x00000000ec200000, 0x0000000100000000)
  eden space 13312K, 0% used [0x00000000eab00000,0x00000000eab00000,0x00000000eb800000)
  from space 2560K, 99% used [0x00000000eba00000,0x00000000ebc7d838,0x00000000ebc80000)
  to   space 5120K, 0% used [0x00000000ebd00000,0x00000000ebd00000,0x00000000ec200000)
 ParOldGen       total 68608K, used 41729K [0x00000000c0000000, 0x00000000c4300000, 0x00000000eab00000)
  object space 68608K, 60% used [0x00000000c0000000,0x00000000c28c04e8,0x00000000c4300000)
 Metaspace       used 51370K, committed 52224K, reserved 1114112K
  class space    used 5054K, committed 5376K, reserved 1048576K
}

Dll operation events (10 events):
Event: 0.038 Loaded shared library c:\Users\ManSiek\.cursor\extensions\redhat.java-1.36.0-win32-x64\jre\17.0.13-win32-x86_64\bin\java.dll
Event: 0.180 Loaded shared library c:\Users\ManSiek\.cursor\extensions\redhat.java-1.36.0-win32-x64\jre\17.0.13-win32-x86_64\bin\zip.dll
Event: 0.183 Loaded shared library C:\Users\ManSiek\.cursor\extensions\redhat.java-1.36.0-win32-x64\jre\17.0.13-win32-x86_64\bin\instrument.dll
Event: 0.196 Loaded shared library C:\Users\ManSiek\.cursor\extensions\redhat.java-1.36.0-win32-x64\jre\17.0.13-win32-x86_64\bin\net.dll
Event: 0.198 Loaded shared library C:\Users\ManSiek\.cursor\extensions\redhat.java-1.36.0-win32-x64\jre\17.0.13-win32-x86_64\bin\nio.dll
Event: 0.203 Loaded shared library C:\Users\ManSiek\.cursor\extensions\redhat.java-1.36.0-win32-x64\jre\17.0.13-win32-x86_64\bin\zip.dll
Event: 0.222 Loaded shared library C:\Users\ManSiek\.cursor\extensions\redhat.java-1.36.0-win32-x64\jre\17.0.13-win32-x86_64\bin\jimage.dll
Event: 0.309 Loaded shared library c:\Users\ManSiek\.cursor\extensions\redhat.java-1.36.0-win32-x64\jre\17.0.13-win32-x86_64\bin\verify.dll
Event: 6.732 Loaded shared library C:\Users\ManSiek\AppData\Roaming\Cursor\User\globalStorage\redhat.java\1.36.0\config_ss_win\org.eclipse.equinox.launcher\org.eclipse.equinox.launcher.win32.win32.x86_64_1.2.1100.v20240722-2106\eclipse_11904.dll
Event: 7.973 Loaded shared library C:\Users\ManSiek\AppData\Local\Temp\jna--1795468842\jna16560815774563670949.dll

Deoptimization events (20 events):
Event: 19.175 Thread 0x000001aa63b9c670 Uncommon trap: trap_request=0xffffffd6 fr.pc=0x000001aa507d9150 relative=0x0000000000000390
Event: 19.175 Thread 0x000001aa63b9c670 Uncommon trap: reason=array_check action=maybe_recompile pc=0x000001aa507d9150 method=java.util.TimSort.binarySort([Ljava/lang/Object;IIILjava/util/Comparator;)V @ 215 c2
Event: 19.175 Thread 0x000001aa63b9c670 DEOPT PACKING pc=0x000001aa507d9150 sp=0x00000089574fe0b0
Event: 19.175 Thread 0x000001aa63b9c670 DEOPT UNPACKING pc=0x000001aa4fec9ea3 sp=0x00000089574fe048 mode 2
Event: 19.175 Thread 0x000001aa63b9c670 Uncommon trap: trap_request=0xffffffd6 fr.pc=0x000001aa507d928c relative=0x00000000000004cc
Event: 19.175 Thread 0x000001aa63b9c670 Uncommon trap: reason=array_check action=maybe_recompile pc=0x000001aa507d928c method=java.util.TimSort.binarySort([Ljava/lang/Object;IIILjava/util/Comparator;)V @ 193 c2
Event: 19.175 Thread 0x000001aa63b9c670 DEOPT PACKING pc=0x000001aa507d928c sp=0x00000089574fe0b0
Event: 19.175 Thread 0x000001aa63b9c670 DEOPT UNPACKING pc=0x000001aa4fec9ea3 sp=0x00000089574fe048 mode 2
Event: 19.175 Thread 0x000001aa63b9c670 Uncommon trap: trap_request=0xffffffd6 fr.pc=0x000001aa507d928c relative=0x00000000000004cc
Event: 19.175 Thread 0x000001aa63b9c670 Uncommon trap: reason=array_check action=maybe_recompile pc=0x000001aa507d928c method=java.util.TimSort.binarySort([Ljava/lang/Object;IIILjava/util/Comparator;)V @ 193 c2
Event: 19.175 Thread 0x000001aa63b9c670 DEOPT PACKING pc=0x000001aa507d928c sp=0x00000089574fe0b0
Event: 19.175 Thread 0x000001aa63b9c670 DEOPT UNPACKING pc=0x000001aa4fec9ea3 sp=0x00000089574fe048 mode 2
Event: 19.274 Thread 0x000001aa63b9c670 Uncommon trap: trap_request=0xffffff3d fr.pc=0x000001aa507aec78 relative=0x0000000000000518
Event: 19.274 Thread 0x000001aa63b9c670 Uncommon trap: reason=unstable_fused_if action=reinterpret pc=0x000001aa507aec78 method=org.eclipse.jdt.internal.compiler.parser.Scanner.maybeAtLambdaOrCast()Z @ 15 c2
Event: 19.275 Thread 0x000001aa63b9c670 DEOPT PACKING pc=0x000001aa507aec78 sp=0x00000089574fec00
Event: 19.275 Thread 0x000001aa63b9c670 DEOPT UNPACKING pc=0x000001aa4fec9ea3 sp=0x00000089574feb18 mode 2
Event: 19.279 Thread 0x000001aa63b9c670 DEOPT PACKING pc=0x000001aa494d53ad sp=0x00000089574fe6b0
Event: 19.279 Thread 0x000001aa63b9c670 DEOPT UNPACKING pc=0x000001aa4feca9e3 sp=0x00000089574fdb28 mode 0
Event: 19.359 Thread 0x000001aa63b9c670 DEOPT PACKING pc=0x000001aa494d53ad sp=0x00000089574fe6b0
Event: 19.359 Thread 0x000001aa63b9c670 DEOPT UNPACKING pc=0x000001aa4feca9e3 sp=0x00000089574fdb28 mode 0

Classes loaded (20 events):
Event: 16.484 Loading class java/util/stream/MatchOps$BooleanTerminalSink
Event: 16.484 Loading class java/util/stream/MatchOps$BooleanTerminalSink done
Event: 16.484 Loading class java/util/stream/MatchOps$1MatchSink
Event: 16.484 Loading class java/util/stream/MatchOps$1MatchSink done
Event: 16.710 Loading class java/util/stream/ReduceOps$4
Event: 16.710 Loading class java/util/stream/ReduceOps$4 done
Event: 16.710 Loading class java/util/stream/ReduceOps$4ReducingSink
Event: 16.711 Loading class java/util/stream/ReduceOps$4ReducingSink done
Event: 16.740 Loading class java/nio/file/Files$2
Event: 16.740 Loading class java/nio/file/Files$2 done
Event: 16.924 Loading class java/util/concurrent/ArrayBlockingQueue
Event: 16.925 Loading class java/util/concurrent/ArrayBlockingQueue done
Event: 17.384 Loading class java/util/concurrent/ConcurrentHashMap$KeySpliterator
Event: 17.384 Loading class java/util/concurrent/ConcurrentHashMap$KeySpliterator done
Event: 19.000 Loading class java/util/stream/Streams$ConcatSpliterator$OfRef
Event: 19.000 Loading class java/util/stream/Streams$ConcatSpliterator
Event: 19.002 Loading class java/util/stream/Streams$ConcatSpliterator done
Event: 19.002 Loading class java/util/stream/Streams$ConcatSpliterator$OfRef done
Event: 19.003 Loading class java/util/stream/Streams$2
Event: 19.003 Loading class java/util/stream/Streams$2 done

Classes unloaded (7 events):
Event: 7.648 Thread 0x000001aa5f3814b0 Unloading class 0x000000010021b400 'java/lang/invoke/LambdaForm$MH+0x000000010021b400'
Event: 7.648 Thread 0x000001aa5f3814b0 Unloading class 0x000000010021b000 'java/lang/invoke/LambdaForm$MH+0x000000010021b000'
Event: 7.648 Thread 0x000001aa5f3814b0 Unloading class 0x000000010021ac00 'java/lang/invoke/LambdaForm$MH+0x000000010021ac00'
Event: 7.648 Thread 0x000001aa5f3814b0 Unloading class 0x000000010021a800 'java/lang/invoke/LambdaForm$MH+0x000000010021a800'
Event: 7.648 Thread 0x000001aa5f3814b0 Unloading class 0x000000010021a400 'java/lang/invoke/LambdaForm$BMH+0x000000010021a400'
Event: 7.648 Thread 0x000001aa5f3814b0 Unloading class 0x000000010021a000 'java/lang/invoke/LambdaForm$DMH+0x000000010021a000'
Event: 7.648 Thread 0x000001aa5f3814b0 Unloading class 0x0000000100214400 'java/lang/invoke/LambdaForm$DMH+0x0000000100214400'

Classes redefined (0 events):
No events

Internal exceptions (20 events):
Event: 16.564 Thread 0x000001aa5f47dad0 Exception <a 'sun/nio/fs/WindowsException'{0x00000000ebbe4c88}> (0x00000000ebbe4c88) 
thrown [s\src\hotspot\share\prims\jni.cpp, line 516]
Event: 16.575 Thread 0x000001aa5f47dad0 Exception <a 'sun/nio/fs/WindowsException'{0x00000000ebf19b08}> (0x00000000ebf19b08) 
thrown [s\src\hotspot\share\prims\jni.cpp, line 516]
Event: 16.585 Thread 0x000001aa5f47dad0 Exception <a 'sun/nio/fs/WindowsException'{0x00000000eaba2880}> (0x00000000eaba2880) 
thrown [s\src\hotspot\share\prims\jni.cpp, line 516]
Event: 16.593 Thread 0x000001aa5f47dad0 Exception <a 'sun/nio/fs/WindowsException'{0x00000000eabfcc90}> (0x00000000eabfcc90) 
thrown [s\src\hotspot\share\prims\jni.cpp, line 516]
Event: 16.600 Thread 0x000001aa5f47dad0 Exception <a 'sun/nio/fs/WindowsException'{0x00000000eac61cb0}> (0x00000000eac61cb0) 
thrown [s\src\hotspot\share\prims\jni.cpp, line 516]
Event: 16.608 Thread 0x000001aa5f47dad0 Exception <a 'sun/nio/fs/WindowsException'{0x00000000ead4e020}> (0x00000000ead4e020) 
thrown [s\src\hotspot\share\prims\jni.cpp, line 516]
Event: 16.645 Thread 0x000001aa63ba2190 Exception <a 'java/lang/NoSuchMethodError'{0x00000000eb369ab0}: 'int java.lang.invoke.DirectMethodHandle$Holder.invokeInterface(java.lang.Object, java.lang.Object)'> (0x00000000eb369ab0) 
thrown [s\src\hotspot\share\interpreter\linkResolver.cpp, line 759]
Event: 16.646 Thread 0x000001aa63ba2190 Exception <a 'java/lang/IncompatibleClassChangeError'{0x00000000eb36d040}: Found class java.lang.Object, but interface was expected> (0x00000000eb36d040) 
thrown [s\src\hotspot\share\interpreter\linkResolver.cpp, line 826]
Event: 16.680 Thread 0x000001aa63ba2190 Exception <a 'java/lang/NoSuchMethodError'{0x00000000eb4ccba8}: 'int java.lang.invoke.DirectMethodHandle$Holder.invokeStatic(java.lang.Object, java.lang.Object, java.lang.Object, int)'> (0x00000000eb4ccba8) 
thrown [s\src\hotspot\share\interpreter\linkResolver.cpp, line 759]
Event: 16.721 Thread 0x000001aa63ba2190 Exception <a 'java/lang/NoSuchMethodError'{0x00000000eb600a68}: 'int java.lang.invoke.DirectMethodHandle$Holder.invokeSpecialIFC(java.lang.Object, java.lang.Object, java.lang.Object)'> (0x00000000eb600a68) 
thrown [s\src\hotspot\share\interpreter\linkResolver.cpp, line 759]
Event: 16.801 Thread 0x000001aa5f47dad0 Implicit null exception at 0x000001aa5042029b to 0x000001aa5042045c
Event: 17.118 Thread 0x000001aa5f47d5c0 Exception <a 'java/lang/LinkageError'{0x00000000eba74990}: loader lombok.launch.ShadowClassLoader @63b47467 attempted duplicate class definition for lombok.launch.PatchFixesHider$ExtensionMethod. (lombok.launch.PatchFixesHider$ExtensionMethod is in unnamed module of loader lombok.launch.ShadowClassLoader @63b47467, parent loader org.eclipse.osgi.internal.loader.EquinoxClassLoader @75ec9bb7)> (0x00000000eba74990) 
thrown [s\src\hotspot\share\classfile\systemDictionary.cpp, line 1723]
Event: 17.120 Thread 0x000001aa63ba2190 Exception <a 'java/lang/LinkageError'{0x00000000eb976b48}: loader lombok.launch.ShadowClassLoader @63b47467 attempted duplicate class definition for lombok.launch.PatchFixesHider$ExtensionMethod. (lombok.launch.PatchFixesHider$ExtensionMethod is in unnamed module of loader lombok.launch.ShadowClassLoader @63b47467, parent loader org.eclipse.osgi.internal.loader.EquinoxClassLoader @75ec9bb7)> (0x00000000eb976b48) 
thrown [s\src\hotspot\share\classfile\systemDictionary.cpp, line 1723]
Event: 17.342 Thread 0x000001aa63b9c670 Exception <a 'java/lang/NoSuchMethodError'{0x00000000eb2419e8}: 'int java.lang.invoke.DirectMethodHandle$Holder.invokeStatic(java.lang.Object, int, java.lang.Object)'> (0x00000000eb2419e8) 
thrown [s\src\hotspot\share\interpreter\linkResolver.cpp, line 759]
Event: 17.396 Thread 0x000001aa5f47dad0 Exception <a 'java/lang/NoSuchMethodError'{0x00000000eb525ea0}: 'java.lang.Object java.lang.invoke.DirectMethodHandle$Holder.newInvokeSpecial(java.lang.Object, java.lang.Object, int, int, java.lang.Object)'> (0x00000000eb525ea0) 
thrown [s\src\hotspot\share\interpreter\linkResolver.cpp, line 759]
Event: 19.020 Thread 0x000001aa63b9c670 Exception <a 'java/lang/NoSuchMethodError'{0x00000000eb472ee0}: 'java.lang.Object java.lang.invoke.DirectMethodHandle$Holder.newInvokeSpecial(java.lang.Object, java.lang.Object, java.lang.Object, java.lang.Object, int)'> (0x00000000eb472ee0) 
thrown [s\src\hotspot\share\interpreter\linkResolver.cpp, line 759]
Event: 19.021 Thread 0x000001aa63b9c670 Exception <a 'java/lang/NoSuchMethodError'{0x00000000eb477520}: 'java.lang.Object java.lang.invoke.DirectMethodHandle$Holder.invokeSpecial(java.lang.Object, java.lang.Object, java.lang.Object, java.lang.Object, java.lang.Object, int)'> (0x00000000eb477520) 
thrown [s\src\hotspot\share\interpreter\linkResolver.cpp, line 759]
Event: 19.021 Thread 0x000001aa63b9c670 Exception <a 'java/lang/NoSuchMethodError'{0x00000000eb47b208}: 'java.lang.Object java.lang.invoke.Invokers$Holder.linkToTargetMethod(java.lang.Object, java.lang.Object, java.lang.Object, int, java.lang.Object)'> (0x00000000eb47b208) 
thrown [s\src\hotspot\share\interpreter\linkResolver.cpp, line 759]
Event: 19.405 Thread 0x000001aa5f47dad0 Exception <a 'sun/nio/fs/WindowsException'{0x00000000eaeb0658}> (0x00000000eaeb0658) 
thrown [s\src\hotspot\share\prims\jni.cpp, line 516]
Event: 19.405 Thread 0x000001aa5f47dad0 Exception <a 'sun/nio/fs/WindowsException'{0x00000000eaeb3c58}> (0x00000000eaeb3c58) 
thrown [s\src\hotspot\share\prims\jni.cpp, line 516]

VM Operations (20 events):
Event: 17.657 Executing VM operation: HandshakeAllThreads
Event: 17.657 Executing VM operation: HandshakeAllThreads done
Event: 17.692 Executing VM operation: ICBufferFull
Event: 17.704 Executing VM operation: ICBufferFull done
Event: 17.828 Executing VM operation: ParallelGCFailedAllocation
Event: 17.832 Executing VM operation: ParallelGCFailedAllocation done
Event: 18.759 Executing VM operation: ICBufferFull
Event: 18.759 Executing VM operation: ICBufferFull done
Event: 18.997 Executing VM operation: ICBufferFull
Event: 18.997 Executing VM operation: ICBufferFull done
Event: 19.008 Executing VM operation: HandshakeAllThreads
Event: 19.008 Executing VM operation: HandshakeAllThreads done
Event: 19.254 Executing VM operation: ParallelGCFailedAllocation
Event: 19.260 Executing VM operation: ParallelGCFailedAllocation done
Event: 21.272 Executing VM operation: Cleanup
Event: 21.273 Executing VM operation: Cleanup done
Event: 60.234 Executing VM operation: HandshakeAllThreads
Event: 60.234 Executing VM operation: HandshakeAllThreads done
Event: 62.254 Executing VM operation: Cleanup
Event: 62.254 Executing VM operation: Cleanup done

Memory protections (0 events):
No events

Nmethod flushes (20 events):
Event: 16.016 Thread 0x000001aa5a28cf30 flushing  nmethod 0x000001aa4919a410
Event: 16.016 Thread 0x000001aa5a28cf30 flushing  nmethod 0x000001aa4919a790
Event: 16.016 Thread 0x000001aa5a28cf30 flushing  nmethod 0x000001aa4919fc90
Event: 16.016 Thread 0x000001aa5a28cf30 flushing  nmethod 0x000001aa491c4290
Event: 16.016 Thread 0x000001aa5a28cf30 flushing  nmethod 0x000001aa491c9390
Event: 16.016 Thread 0x000001aa5a28cf30 flushing  nmethod 0x000001aa4923b690
Event: 16.017 Thread 0x000001aa5a28cf30 flushing  nmethod 0x000001aa4927c410
Event: 16.017 Thread 0x000001aa5a28cf30 flushing  nmethod 0x000001aa4928d210
Event: 16.017 Thread 0x000001aa5a28cf30 flushing  nmethod 0x000001aa4928d590
Event: 16.017 Thread 0x000001aa5a28cf30 flushing  nmethod 0x000001aa4928e490
Event: 16.017 Thread 0x000001aa5a28cf30 flushing  nmethod 0x000001aa4928e810
Event: 16.017 Thread 0x000001aa5a28cf30 flushing  nmethod 0x000001aa4928fa10
Event: 16.017 Thread 0x000001aa5a28cf30 flushing  nmethod 0x000001aa49290310
Event: 16.017 Thread 0x000001aa5a28cf30 flushing  nmethod 0x000001aa49290e90
Event: 16.017 Thread 0x000001aa5a28cf30 flushing  nmethod 0x000001aa4929d010
Event: 16.017 Thread 0x000001aa5a28cf30 flushing  nmethod 0x000001aa4929d590
Event: 16.017 Thread 0x000001aa5a28cf30 flushing  nmethod 0x000001aa4929f390
Event: 16.017 Thread 0x000001aa5a28cf30 flushing  nmethod 0x000001aa492ebe10
Event: 17.666 Thread 0x000001aa5a28cf30 flushing  nmethod 0x000001aa4908c010
Event: 17.668 Thread 0x000001aa5a28cf30 flushing  nmethod 0x000001aa4927d810

Events (20 events):
Event: 16.928 Thread 0x000001aa5f47dad0 Thread added: 0x000001aa63b9c670
Event: 17.398 Thread 0x000001aa5f47dad0 Thread added: 0x000001aa63b9e4d0
Event: 17.398 Thread 0x000001aa5f47dad0 Thread added: 0x000001aa63b9e9e0
Event: 17.810 Thread 0x000001aa5f47dad0 Thread added: 0x000001aa63b9dab0
Event: 18.736 Thread 0x000001aa6c950ab0 Thread exited: 0x000001aa6c950ab0
Event: 18.824 Thread 0x000001aa5f47dad0 Thread added: 0x000001aa63ba2bb0
Event: 18.826 Thread 0x000001aa625e9e90 Thread added: 0x000001aa643715f0
Event: 18.858 Thread 0x000001aa5f47dad0 Thread added: 0x000001aa63b9eef0
Event: 18.874 Thread 0x000001aa5f47dad0 Thread added: 0x000001aa63ba0840
Event: 25.235 Thread 0x000001aa643715f0 Thread exited: 0x000001aa643715f0
Event: 30.192 Thread 0x000001aa625e9e90 Thread exited: 0x000001aa625e9e90
Event: 61.569 Thread 0x000001aa5f3bf870 Thread added: 0x000001aa643715f0
Event: 61.569 Thread 0x000001aa5f3bf870 Thread added: 0x000001aa64371b40
Event: 66.738 Thread 0x000001aa64371b40 Thread exited: 0x000001aa64371b40
Event: 71.626 Thread 0x000001aa643715f0 Thread exited: 0x000001aa643715f0
Event: 76.545 Thread 0x000001aa6287b780 Thread exited: 0x000001aa6287b780
Event: 78.046 Thread 0x000001aa628812a0 Thread exited: 0x000001aa628812a0
Event: 79.413 Thread 0x000001aa63b9c670 Thread exited: 0x000001aa63b9c670
Event: 79.742 Thread 0x000001aa5f3bf870 Thread added: 0x000001aa6436f0c0
Event: 79.754 Thread 0x000001aa5f3bf870 Thread added: 0x000001aa643725e0


Dynamic libraries:
0x00007ff63ae60000 - 0x00007ff63ae6e000 	c:\Users\ManSiek\.cursor\extensions\redhat.java-1.36.0-win32-x64\jre\17.0.13-win32-x86_64\bin\java.exe
0x00007ffe54670000 - 0x00007ffe54887000 	C:\WINDOWS\SYSTEM32\ntdll.dll
0x00007ffe52eb0000 - 0x00007ffe52f74000 	C:\WINDOWS\System32\KERNEL32.DLL
0x00007ffe51d70000 - 0x00007ffe52129000 	C:\WINDOWS\System32\KERNELBASE.dll
0x00007ffe51c50000 - 0x00007ffe51d61000 	C:\WINDOWS\System32\ucrtbase.dll
0x00007ffe49c40000 - 0x00007ffe49c57000 	c:\Users\ManSiek\.cursor\extensions\redhat.java-1.36.0-win32-x64\jre\17.0.13-win32-x86_64\bin\jli.dll
0x00007ffe52920000 - 0x00007ffe52ace000 	C:\WINDOWS\System32\USER32.dll
0x00007ffe522a0000 - 0x00007ffe522c6000 	C:\WINDOWS\System32\win32u.dll
0x00007ffe476d0000 - 0x00007ffe47962000 	C:\WINDOWS\WinSxS\amd64_microsoft.windows.common-controls_6595b64144ccf1df_6.0.22621.4391_none_2715d37f73803e96\COMCTL32.dll
0x00007ffe53520000 - 0x00007ffe53549000 	C:\WINDOWS\System32\GDI32.dll
0x00007ffe52ba0000 - 0x00007ffe52c47000 	C:\WINDOWS\System32\msvcrt.dll
0x00007ffe51ac0000 - 0x00007ffe51bdb000 	C:\WINDOWS\System32\gdi32full.dll
0x00007ffe519a0000 - 0x00007ffe51a3a000 	C:\WINDOWS\System32\msvcp_win.dll
0x00007ffe49a50000 - 0x00007ffe49a6e000 	c:\Users\ManSiek\.cursor\extensions\redhat.java-1.36.0-win32-x64\jre\17.0.13-win32-x86_64\bin\VCRUNTIME140.dll
0x00007ffe534d0000 - 0x00007ffe53501000 	C:\WINDOWS\System32\IMM32.DLL
0x00007ffe49d00000 - 0x00007ffe49d0c000 	c:\Users\ManSiek\.cursor\extensions\redhat.java-1.36.0-win32-x64\jre\17.0.13-win32-x86_64\bin\vcruntime140_1.dll
0x00007ffe2e3c0000 - 0x00007ffe2e44d000 	c:\Users\ManSiek\.cursor\extensions\redhat.java-1.36.0-win32-x64\jre\17.0.13-win32-x86_64\bin\msvcp140.dll
0x00007ffdda530000 - 0x00007ffddb19b000 	c:\Users\ManSiek\.cursor\extensions\redhat.java-1.36.0-win32-x64\jre\17.0.13-win32-x86_64\bin\server\jvm.dll
0x00007ffe52f80000 - 0x00007ffe53032000 	C:\WINDOWS\System32\ADVAPI32.dll
0x00007ffe52870000 - 0x00007ffe52917000 	C:\WINDOWS\System32\sechost.dll
0x00007ffe51970000 - 0x00007ffe51998000 	C:\WINDOWS\System32\bcrypt.dll
0x00007ffe53550000 - 0x00007ffe53664000 	C:\WINDOWS\System32\RPCRT4.dll
0x00007ffe52b20000 - 0x00007ffe52b91000 	C:\WINDOWS\System32\WS2_32.dll
0x00007ffe51850000 - 0x00007ffe5189d000 	C:\WINDOWS\SYSTEM32\POWRPROF.dll
0x00007ffe497f0000 - 0x00007ffe497fa000 	C:\WINDOWS\SYSTEM32\VERSION.dll
0x00007ffe28180000 - 0x00007ffe281b4000 	C:\WINDOWS\SYSTEM32\WINMM.dll
0x00007ffe51820000 - 0x00007ffe51833000 	C:\WINDOWS\SYSTEM32\UMPDC.dll
0x00007ffe509b0000 - 0x00007ffe509c8000 	C:\WINDOWS\SYSTEM32\kernel.appcore.dll
0x00007ffe49b00000 - 0x00007ffe49b0a000 	c:\Users\ManSiek\.cursor\extensions\redhat.java-1.36.0-win32-x64\jre\17.0.13-win32-x86_64\bin\jimage.dll
0x00007ffe4f440000 - 0x00007ffe4f672000 	C:\WINDOWS\SYSTEM32\DBGHELP.DLL
0x00007ffe542a0000 - 0x00007ffe5462f000 	C:\WINDOWS\System32\combase.dll
0x00007ffe54000000 - 0x00007ffe540d7000 	C:\WINDOWS\System32\OLEAUT32.dll
0x00007ffe36620000 - 0x00007ffe36652000 	C:\WINDOWS\SYSTEM32\dbgcore.DLL
0x00007ffe51a40000 - 0x00007ffe51abb000 	C:\WINDOWS\System32\bcryptPrimitives.dll
0x00007ffe49a20000 - 0x00007ffe49a2e000 	c:\Users\ManSiek\.cursor\extensions\redhat.java-1.36.0-win32-x64\jre\17.0.13-win32-x86_64\bin\instrument.dll
0x00007ffe480a0000 - 0x00007ffe480c5000 	c:\Users\ManSiek\.cursor\extensions\redhat.java-1.36.0-win32-x64\jre\17.0.13-win32-x86_64\bin\java.dll
0x00007ffe472d0000 - 0x00007ffe472e8000 	c:\Users\ManSiek\.cursor\extensions\redhat.java-1.36.0-win32-x64\jre\17.0.13-win32-x86_64\bin\zip.dll
0x00007ffe536d0000 - 0x00007ffe53f46000 	C:\WINDOWS\System32\SHELL32.dll
0x00007ffe4f8b0000 - 0x00007ffe501b3000 	C:\WINDOWS\SYSTEM32\windows.storage.dll
0x00007ffe4f770000 - 0x00007ffe4f8af000 	C:\WINDOWS\SYSTEM32\wintypes.dll
0x00007ffe52770000 - 0x00007ffe52869000 	C:\WINDOWS\System32\SHCORE.dll
0x00007ffe52390000 - 0x00007ffe523ee000 	C:\WINDOWS\System32\shlwapi.dll
0x00007ffe518a0000 - 0x00007ffe518cb000 	C:\WINDOWS\SYSTEM32\profapi.dll
0x00007ffe47250000 - 0x00007ffe47269000 	C:\Users\ManSiek\.cursor\extensions\redhat.java-1.36.0-win32-x64\jre\17.0.13-win32-x86_64\bin\net.dll
0x00007ffe4a1f0000 - 0x00007ffe4a326000 	C:\WINDOWS\SYSTEM32\WINHTTP.dll
0x00007ffe50e30000 - 0x00007ffe50e99000 	C:\WINDOWS\system32\mswsock.dll
0x00007ffe3d9b0000 - 0x00007ffe3d9c6000 	C:\Users\ManSiek\.cursor\extensions\redhat.java-1.36.0-win32-x64\jre\17.0.13-win32-x86_64\bin\nio.dll
0x00007ffe49390000 - 0x00007ffe493a0000 	c:\Users\ManSiek\.cursor\extensions\redhat.java-1.36.0-win32-x64\jre\17.0.13-win32-x86_64\bin\verify.dll
0x00007ffe27cf0000 - 0x00007ffe27d35000 	C:\Users\ManSiek\AppData\Roaming\Cursor\User\globalStorage\redhat.java\1.36.0\config_ss_win\org.eclipse.equinox.launcher\org.eclipse.equinox.launcher.win32.win32.x86_64_1.2.1100.v20240722-2106\eclipse_11904.dll
0x00007ffe52520000 - 0x00007ffe526c5000 	C:\WINDOWS\System32\ole32.dll
0x00007ffe51090000 - 0x00007ffe510ab000 	C:\WINDOWS\SYSTEM32\CRYPTSP.dll
0x00007ffe50910000 - 0x00007ffe50945000 	C:\WINDOWS\system32\rsaenh.dll
0x00007ffe50f20000 - 0x00007ffe50f48000 	C:\WINDOWS\SYSTEM32\USERENV.dll
0x00007ffe51080000 - 0x00007ffe5108c000 	C:\WINDOWS\SYSTEM32\CRYPTBASE.dll
0x00007ffe50420000 - 0x00007ffe5044d000 	C:\WINDOWS\SYSTEM32\IPHLPAPI.DLL
0x00007ffe53510000 - 0x00007ffe53519000 	C:\WINDOWS\System32\NSI.dll
0x00007ffe49e80000 - 0x00007ffe49e99000 	C:\WINDOWS\SYSTEM32\dhcpcsvc6.DLL
0x00007ffe499a0000 - 0x00007ffe499bf000 	C:\WINDOWS\SYSTEM32\dhcpcsvc.DLL
0x00007ffe50490000 - 0x00007ffe50592000 	C:\WINDOWS\SYSTEM32\DNSAPI.dll
0x00007ffe15730000 - 0x00007ffe15779000 	C:\Users\ManSiek\AppData\Local\Temp\jna--1795468842\jna16560815774563670949.dll
0x00007ffe534c0000 - 0x00007ffe534c8000 	C:\WINDOWS\System32\PSAPI.DLL

dbghelp: loaded successfully - version: 4.0.5 - missing functions: none
symbol engine: initialized successfully - sym options: 0x614 - pdb path: .;c:\Users\ManSiek\.cursor\extensions\redhat.java-1.36.0-win32-x64\jre\17.0.13-win32-x86_64\bin;C:\WINDOWS\SYSTEM32;C:\WINDOWS\WinSxS\amd64_microsoft.windows.common-controls_6595b64144ccf1df_6.0.22621.4391_none_2715d37f73803e96;c:\Users\ManSiek\.cursor\extensions\redhat.java-1.36.0-win32-x64\jre\17.0.13-win32-x86_64\bin\server;C:\Users\ManSiek\AppData\Roaming\Cursor\User\globalStorage\redhat.java\1.36.0\config_ss_win\org.eclipse.equinox.launcher\org.eclipse.equinox.launcher.win32.win32.x86_64_1.2.1100.v20240722-2106;C:\Users\ManSiek\AppData\Local\Temp\jna--1795468842

VM Arguments:
jvm_args: --add-modules=ALL-SYSTEM --add-opens=java.base/java.util=ALL-UNNAMED --add-opens=java.base/java.lang=ALL-UNNAMED --add-opens=java.base/sun.nio.fs=ALL-UNNAMED -Declipse.application=org.eclipse.jdt.ls.core.id1 -Dosgi.bundles.defaultStartLevel=4 -Declipse.product=org.eclipse.jdt.ls.core.product -Djava.import.generatesMetadataFilesAtProjectRoot=false -DDetectVMInstallationsJob.disabled=true -Dfile.encoding=utf8 -XX:+UseParallelGC -XX:GCTimeRatio=4 -XX:AdaptiveSizePolicyWeight=90 -Dsun.zip.disableMemoryMapping=true -Xmx1G -Xms100m -Xlog:disable -javaagent:c:\Users\ManSiek\.cursor\extensions\redhat.java-1.36.0-win32-x64\lombok\lombok-1.18.35.jar 
java_command: c:\Users\ManSiek\.cursor\extensions\redhat.java-1.36.0-win32-x64\server\plugins\org.eclipse.equinox.launcher_1.6.900.v20240613-2009.jar -configuration c:\Users\ManSiek\AppData\Roaming\Cursor\User\globalStorage\redhat.java\1.36.0\config_ss_win -data c:\Users\ManSiek\AppData\Roaming\Cursor\User\workspaceStorage\1fb9b20678c8910858ca9e0fdacec41e\redhat.java\ss_ws --pipe=\\.\pipe\lsp-f9b356da846b4cd2053817e4fba2891f-sock
java_class_path (initial): c:\Users\ManSiek\.cursor\extensions\redhat.java-1.36.0-win32-x64\server\plugins\org.eclipse.equinox.launcher_1.6.900.v20240613-2009.jar
Launcher Type: SUN_STANDARD

[Global flags]
    uintx AdaptiveSizePolicyWeight                 = 90                                        {product} {command line}
     intx CICompilerCount                          = 4                                         {product} {ergonomic}
    uintx GCTimeRatio                              = 4                                         {product} {command line}
   size_t InitialHeapSize                          = 104857600                                 {product} {command line}
   size_t MaxHeapSize                              = 1073741824                                {product} {command line}
   size_t MaxNewSize                               = 357564416                                 {product} {ergonomic}
   size_t MinHeapDeltaBytes                        = 524288                                    {product} {ergonomic}
   size_t MinHeapSize                              = 104857600                                 {product} {command line}
   size_t NewSize                                  = 34603008                                  {product} {ergonomic}
    uintx NonNMethodCodeHeapSize                   = 5839372                                {pd product} {ergonomic}
    uintx NonProfiledCodeHeapSize                  = 122909434                              {pd product} {ergonomic}
   size_t OldSize                                  = 70254592                                  {product} {ergonomic}
    uintx ProfiledCodeHeapSize                     = 122909434                              {pd product} {ergonomic}
    uintx ReservedCodeCacheSize                    = 251658240                              {pd product} {ergonomic}
     bool SegmentedCodeCache                       = true                                      {product} {ergonomic}
   size_t SoftMaxHeapSize                          = 1073741824                             {manageable} {ergonomic}
     bool UseCompressedClassPointers               = true                           {product lp64_product} {ergonomic}
     bool UseCompressedOops                        = true                           {product lp64_product} {ergonomic}
     bool UseLargePagesIndividualAllocation        = false                                  {pd product} {ergonomic}
     bool UseParallelGC                            = true                                      {product} {command line}

Logging:
Log output configuration:
 #0: stdout all=off uptime,level,tags
 #1: stderr all=off uptime,level,tags

Environment Variables:
PATH=C:\Program Files\Common Files\Oracle\Java\javapath;C:\WINDOWS\system32;C:\WINDOWS;C:\WINDOWS\System32\Wbem;C:\WINDOWS\System32\WindowsPowerShell\v1.0\;C:\WINDOWS\System32\OpenSSH\;C:\Program Files\Microsoft SQL Server\Client SDK\ODBC\170\Tools\Binn\;C:\Program Files (x86)\Microsoft SQL Server\160\DTS\Binn\;C:\Program Files (x86)\Microsoft SQL Server\160\Tools\Binn\;C:\Program Files\Microsoft SQL Server\160\Tools\Binn\;C:\Program Files\Microsoft SQL Server\160\DTS\Binn\;C:\Program Files\Microsoft SQL Server\150\Tools\Binn\;C:\Program Files\dotnet\;C:\Program Files\nodejs\;C:\Users\ManSiek\AppData\Local\Microsoft\WindowsApps;D:\Application\Microsoft VS Code\bin;C:\Users\ManSiek\.dotnet\tools;C:\Users\ManSiek\AppData\Roaming\npm
USERNAME=ManSiek
OS=Windows_NT
PROCESSOR_IDENTIFIER=Intel64 Family 6 Model 126 Stepping 5, GenuineIntel
TMP=C:\Users\ManSiek\AppData\Local\Temp
TEMP=C:\Users\ManSiek\AppData\Local\Temp



Periodic native trim disabled


---------------  S Y S T E M  ---------------

OS:
 Windows 11 , 64 bit Build 22621 (10.0.22621.4391)
OS uptime: 1 days 8:56 hours

CPU: total 8 (initial active 8) (4 cores per cpu, 2 threads per core) family 6 model 126 stepping 5 microcode 0x86, cx8, cmov, fxsr, ht, mmx, 3dnowpref, sse, sse2, sse3, ssse3, sse4.1, sse4.2, popcnt, lzcnt, tsc, tscinvbit, avx, avx2, aes, erms, clmul, bmi1, bmi2, adx, avx512f, avx512dq, avx512cd, avx512bw, avx512vl, sha, fma, vzeroupper, avx512_vpopcntdq, avx512_vpclmulqdq, avx512_vaes, avx512_vnni, clflush, clflushopt, avx512_vbmi2, avx512_vbmi
Processor Information for all 8 processors :
  Max Mhz: 1190, Current Mhz: 991, Mhz Limit: 987

Memory: 4k page, system-wide physical 7967M (635M free)
TotalPageFile size 16599M (AvailPageFile size 2M)
current process WorkingSet (physical memory assigned to process): 199M, peak: 268M
current process commit charge ("private bytes"): 269M, peak: 338M

vm_info: OpenJDK 64-Bit Server VM (17.0.13+11) for windows-amd64 JRE (17.0.13+11), built on Oct 16 2024 00:10:08 by "admin" with MS VC++ 17.7 (VS2022)

END.
