#
# There is insufficient memory for the Java Runtime Environment to continue.
# Native memory allocation (malloc) failed to allocate 1846080 bytes. Error detail: Chunk::new
# Possible reasons:
#   The system is out of physical RAM or swap space
#   This process is running with CompressedOops enabled, and the Java Heap may be blocking the growth of the native heap
# Possible solutions:
#   Reduce memory load on the system
#   Increase physical memory or swap space
#   Check if swap backing store is full
#   Decrease Java heap size (-Xmx/-Xms)
#   Decrease number of Java threads
#   Decrease Java thread stack sizes (-Xss)
#   Set larger code cache with -XX:ReservedCodeCacheSize=
#   JVM is running with Unscaled Compressed Oops mode in which the Java heap is
#     placed in the first 4GB address space. The Java Heap base address is the
#     maximum limit for the native heap growth. Please use -XX:HeapBaseMinAddress
#     to set the Java Heap base and to place the Java Heap above 4GB virtual address.
# This output file may be truncated or incomplete.
#
#  Out of Memory Error (arena.cpp:191), pid=17804, tid=17716
#
# JRE version: OpenJDK Runtime Environment Temurin-17.0.13+11 (17.0.13+11) (build 17.0.13+11)
# Java VM: OpenJDK 64-Bit Server VM Temurin-17.0.13+11 (17.0.13+11, mixed mode, tiered, compressed oops, compressed class ptrs, parallel gc, windows-amd64)
# No core dump will be written. Minidumps are not enabled by default on client versions of Windows
#

---------------  S U M M A R Y ------------

Command Line: --add-modules=ALL-SYSTEM --add-opens=java.base/java.util=ALL-UNNAMED --add-opens=java.base/java.lang=ALL-UNNAMED --add-opens=java.base/sun.nio.fs=ALL-UNNAMED -Declipse.application=org.eclipse.jdt.ls.core.id1 -Dosgi.bundles.defaultStartLevel=4 -Declipse.product=org.eclipse.jdt.ls.core.product -Djava.import.generatesMetadataFilesAtProjectRoot=false -DDetectVMInstallationsJob.disabled=true -Dfile.encoding=utf8 -XX:+UseParallelGC -XX:GCTimeRatio=4 -XX:AdaptiveSizePolicyWeight=90 -Dsun.zip.disableMemoryMapping=true -Xmx1G -Xms100m -Xlog:disable -javaagent:c:\Users\ManSiek\.cursor\extensions\redhat.java-1.36.0-win32-x64\lombok\lombok-1.18.35.jar -XX:+HeapDumpOnOutOfMemoryError -XX:HeapDumpPath=c:\Users\ManSiek\AppData\Roaming\Cursor\User\workspaceStorage\1fb9b20678c8910858ca9e0fdacec41e\redhat.java -Daether.dependencyCollector.impl=bf c:\Users\ManSiek\.cursor\extensions\redhat.java-1.36.0-win32-x64\server\plugins\org.eclipse.equinox.launcher_1.6.900.v20240613-2009.jar -configuration c:\Users\ManSiek\AppData\Roaming\Cursor\User\globalStorage\redhat.java\1.36.0\config_win -data c:\Users\ManSiek\AppData\Roaming\Cursor\User\workspaceStorage\1fb9b20678c8910858ca9e0fdacec41e\redhat.java\jdt_ws --pipe=\\.\pipe\lsp-cb95d75c7ab5b3b0795181fe031e06b5-sock

Host: Intel(R) Core(TM) i5-1035G1 CPU @ 1.00GHz, 8 cores, 7G,  Windows 11 , 64 bit Build 22621 (10.0.22621.4391)
Time: Wed Nov 13 16:44:59 2024 SE Asia Standard Time elapsed time: 86.613418 seconds (0d 0h 1m 26s)

---------------  T H R E A D  ---------------

Current thread (0x000002aa5639deb0):  JavaThread "C2 CompilerThread0" daemon [_thread_in_native, id=17716, stack(0x000000c52cc00000,0x000000c52cd00000)]


Current CompileTask:
C2:  86613 10632       4       org.eclipse.jdt.internal.compiler.parser.Parser::consumeRule (7904 bytes)

Stack: [0x000000c52cc00000,0x000000c52cd00000]
Native frames: (J=compiled Java code, j=interpreted, Vv=VM code, C=native code)
V  [jvm.dll+0x682a19]
V  [jvm.dll+0x839538]
V  [jvm.dll+0x83afe3]
V  [jvm.dll+0x83b653]
V  [jvm.dll+0x24704f]
V  [jvm.dll+0xace34]
V  [jvm.dll+0xad4cc]
V  [jvm.dll+0x36597e]
V  [jvm.dll+0x32fbd8]
V  [jvm.dll+0x32f05a]
V  [jvm.dll+0x21804f]
V  [jvm.dll+0x21748f]
V  [jvm.dll+0x1a3070]
V  [jvm.dll+0x22788c]
V  [jvm.dll+0x2259eb]
V  [jvm.dll+0x7eec98]
V  [jvm.dll+0x7e8ffc]
V  [jvm.dll+0x6818f7]
C  [ucrtbase.dll+0x29333]
C  [KERNEL32.DLL+0x1259d]
C  [ntdll.dll+0x5af38]


---------------  P R O C E S S  ---------------

Threads class SMR info:
_java_thread_list=0x000002aa6e50d4b0, length=70, elements={
0x000002aa3d49e770, 0x000002aa51321010, 0x000002aa51323510, 0x000002aa56399330,
0x000002aa56399d00, 0x000002aa5639a7d0, 0x000002aa5639b2a0, 0x000002aa5639deb0,
0x000002aa563fe300, 0x000002aa564133e0, 0x000002aa56519930, 0x000002aa5665eb30,
0x000002aa57857a00, 0x000002aa57c29160, 0x000002aa57723b30, 0x000002aa566444d0,
0x000002aa57ee2650, 0x000002aa57ee0eb0, 0x000002aa57eddc10, 0x000002aa57edf050,
0x000002aa57edd700, 0x000002aa57ede120, 0x000002aa57edfa70, 0x000002aa57edf560,
0x000002aa57edff80, 0x000002aa57ee0490, 0x000002aa57ee09a0, 0x000002aa596c8310,
0x000002aa596c4b60, 0x000002aa596c4650, 0x000002aa596c8d30, 0x000002aa596ca170,
0x000002aa596c5580, 0x000002aa596cbac0, 0x000002aa596c7e00, 0x000002aa596c5070,
0x000002aa596c8820, 0x000002aa596c78f0, 0x000002aa596c69c0, 0x000002aa596ca680,
0x000002aa596c6ed0, 0x000002aa596cab90, 0x000002aa596cb0a0, 0x000002aa596cbfd0,
0x000002aa596cb5b0, 0x000002aa596c64b0, 0x000002aa596c73e0, 0x000002aa57ede630,
0x000002aa57edeb40, 0x000002aa5847e4c0, 0x000002aa58480830, 0x000002aa58480d40,
0x000002aa5847c150, 0x000002aa5847eee0, 0x000002aa58481250, 0x000002aa5847f900,
0x000002aa5847daa0, 0x000002aa5847b220, 0x000002aa58481760, 0x000002aa5847fe10,
0x000002aa5847cb70, 0x000002aa5bd7c4d0, 0x000002aa5847a800, 0x000002aa5847c660,
0x000002aa58481c70, 0x000002aa58480320, 0x000002aa5847ad10, 0x000002aa5847bc40,
0x000002aa5847d080, 0x000002aa5847d590
}

Java Threads: ( => current thread )
  0x000002aa3d49e770 JavaThread "main" [_thread_blocked, id=13544, stack(0x000000c52c300000,0x000000c52c400000)]
  0x000002aa51321010 JavaThread "Reference Handler" daemon [_thread_blocked, id=9872, stack(0x000000c52c600000,0x000000c52c700000)]
  0x000002aa51323510 JavaThread "Finalizer" daemon [_thread_blocked, id=12564, stack(0x000000c52c700000,0x000000c52c800000)]
  0x000002aa56399330 JavaThread "Signal Dispatcher" daemon [_thread_blocked, id=18760, stack(0x000000c52c800000,0x000000c52c900000)]
  0x000002aa56399d00 JavaThread "Attach Listener" daemon [_thread_blocked, id=14868, stack(0x000000c52c900000,0x000000c52ca00000)]
  0x000002aa5639a7d0 JavaThread "Service Thread" daemon [_thread_blocked, id=16768, stack(0x000000c52ca00000,0x000000c52cb00000)]
  0x000002aa5639b2a0 JavaThread "Monitor Deflation Thread" daemon [_thread_blocked, id=16672, stack(0x000000c52cb00000,0x000000c52cc00000)]
=>0x000002aa5639deb0 JavaThread "C2 CompilerThread0" daemon [_thread_in_native, id=17716, stack(0x000000c52cc00000,0x000000c52cd00000)]
  0x000002aa563fe300 JavaThread "C1 CompilerThread0" daemon [_thread_blocked, id=14144, stack(0x000000c52cd00000,0x000000c52ce00000)]
  0x000002aa564133e0 JavaThread "Sweeper thread" daemon [_thread_blocked, id=3916, stack(0x000000c52ce00000,0x000000c52cf00000)]
  0x000002aa56519930 JavaThread "Common-Cleaner" daemon [_thread_blocked, id=17740, stack(0x000000c52cf00000,0x000000c52d000000)]
  0x000002aa5665eb30 JavaThread "Notification Thread" daemon [_thread_blocked, id=9552, stack(0x000000c52d100000,0x000000c52d200000)]
  0x000002aa57857a00 JavaThread "Active Thread: Equinox Container: b2af4dc5-673a-4a61-bf69-86a346b23951" [_thread_blocked, id=6052, stack(0x000000c52d800000,0x000000c52d900000)]
  0x000002aa57c29160 JavaThread "Refresh Thread: Equinox Container: b2af4dc5-673a-4a61-bf69-86a346b23951" daemon [_thread_blocked, id=14984, stack(0x000000c52d900000,0x000000c52da00000)]
  0x000002aa57723b30 JavaThread "Framework Event Dispatcher: Equinox Container: b2af4dc5-673a-4a61-bf69-86a346b23951" daemon [_thread_blocked, id=8612, stack(0x000000c52da00000,0x000000c52db00000)]
  0x000002aa566444d0 JavaThread "Start Level: Equinox Container: b2af4dc5-673a-4a61-bf69-86a346b23951" daemon [_thread_blocked, id=17556, stack(0x000000c52db00000,0x000000c52dc00000)]
  0x000002aa57ee2650 JavaThread "Bundle File Closer" daemon [_thread_blocked, id=5608, stack(0x000000c52dd00000,0x000000c52de00000)]
  0x000002aa57ee0eb0 JavaThread "SCR Component Actor" daemon [_thread_blocked, id=20196, stack(0x000000c52c000000,0x000000c52c100000)]
  0x000002aa57eddc10 JavaThread "Worker-JM" [_thread_blocked, id=8748, stack(0x000000c52df00000,0x000000c52e000000)]
  0x000002aa57edf050 JavaThread "JNA Cleaner" daemon [_thread_blocked, id=3124, stack(0x000000c52de00000,0x000000c52df00000)]
  0x000002aa57edd700 JavaThread "Worker-0: Validate documents" [_thread_blocked, id=8480, stack(0x000000c52e000000,0x000000c52e100000)]
  0x000002aa57ede120 JavaThread "Worker-1" [_thread_blocked, id=19760, stack(0x000000c52e100000,0x000000c52e200000)]
  0x000002aa57edfa70 JavaThread "Worker-2" [_thread_blocked, id=17844, stack(0x000000c52e200000,0x000000c52e300000)]
  0x000002aa57edf560 JavaThread "Java indexing" daemon [_thread_in_Java, id=12844, stack(0x000000c52e500000,0x000000c52e600000)]
  0x000002aa57edff80 JavaThread "Worker-3: Java indexing... " [_thread_blocked, id=18768, stack(0x000000c52e600000,0x000000c52e700000)]
  0x000002aa57ee0490 JavaThread "Worker-4" [_thread_blocked, id=14284, stack(0x000000c52e700000,0x000000c52e800000)]
  0x000002aa57ee09a0 JavaThread "Thread-2" daemon [_thread_in_native, id=20188, stack(0x000000c52ea00000,0x000000c52eb00000)]
  0x000002aa596c8310 JavaThread "Thread-3" daemon [_thread_in_native, id=3356, stack(0x000000c52eb00000,0x000000c52ec00000)]
  0x000002aa596c4b60 JavaThread "Thread-4" daemon [_thread_in_native, id=13524, stack(0x000000c52ec00000,0x000000c52ed00000)]
  0x000002aa596c4650 JavaThread "Thread-5" daemon [_thread_in_native, id=18312, stack(0x000000c52ed00000,0x000000c52ee00000)]
  0x000002aa596c8d30 JavaThread "Thread-6" daemon [_thread_in_native, id=19132, stack(0x000000c52ee00000,0x000000c52ef00000)]
  0x000002aa596ca170 JavaThread "Thread-7" daemon [_thread_in_native, id=14072, stack(0x000000c52ef00000,0x000000c52f000000)]
  0x000002aa596c5580 JavaThread "Thread-8" daemon [_thread_in_native, id=128, stack(0x000000c52f000000,0x000000c52f100000)]
  0x000002aa596cbac0 JavaThread "Thread-9" daemon [_thread_in_native, id=13232, stack(0x000000c52f100000,0x000000c52f200000)]
  0x000002aa596c7e00 JavaThread "Thread-10" daemon [_thread_in_Java, id=17092, stack(0x000000c52f200000,0x000000c52f300000)]
  0x000002aa596c5070 JavaThread "pool-2-thread-1" [_thread_blocked, id=15008, stack(0x000000c52f300000,0x000000c52f400000)]
  0x000002aa596c8820 JavaThread "Worker-5: Initialize workspace" [_thread_blocked, id=18536, stack(0x000000c52f400000,0x000000c52f500000)]
  0x000002aa596c78f0 JavaThread "WorkspaceEventsHandler" [_thread_blocked, id=8104, stack(0x000000c52f500000,0x000000c52f600000)]
  0x000002aa596c69c0 JavaThread "pool-1-thread-1" [_thread_blocked, id=15332, stack(0x000000c52f600000,0x000000c52f700000)]
  0x000002aa596ca680 JavaThread "Worker-6: Building" [_thread_blocked, id=5988, stack(0x000000c52c200000,0x000000c52c300000)]
  0x000002aa596c6ed0 JavaThread "LocalFile Deleter" daemon [_thread_blocked, id=8496, stack(0x000000c52f700000,0x000000c52f800000)]
  0x000002aa596cab90 JavaThread "LocalFile Deleter" daemon [_thread_blocked, id=15184, stack(0x000000c52f800000,0x000000c52f900000)]
  0x000002aa596cb0a0 JavaThread "LocalFile Deleter" daemon [_thread_blocked, id=18452, stack(0x000000c52f900000,0x000000c52fa00000)]
  0x000002aa596cbfd0 JavaThread "LocalFile Deleter" daemon [_thread_blocked, id=2044, stack(0x000000c52fa00000,0x000000c52fb00000)]
  0x000002aa596cb5b0 JavaThread "LocalFile Deleter" daemon [_thread_blocked, id=7708, stack(0x000000c52fb00000,0x000000c52fc00000)]
  0x000002aa596c64b0 JavaThread "LocalFile Deleter" daemon [_thread_blocked, id=19048, stack(0x000000c52fc00000,0x000000c52fd00000)]
  0x000002aa596c73e0 JavaThread "LocalFile Deleter" daemon [_thread_blocked, id=19500, stack(0x000000c52fd00000,0x000000c52fe00000)]
  0x000002aa57ede630 JavaThread "LocalFile Deleter" daemon [_thread_blocked, id=2424, stack(0x000000c52fe00000,0x000000c52ff00000)]
  0x000002aa57edeb40 JavaThread "Compiler Source File Reader" daemon [_thread_blocked, id=19184, stack(0x000000c52ff00000,0x000000c530000000)]
  0x000002aa5847e4c0 JavaThread "Compiler Source File Reader" daemon [_thread_blocked, id=14220, stack(0x000000c530000000,0x000000c530100000)]
  0x000002aa58480830 JavaThread "Compiler Source File Reader" daemon [_thread_blocked, id=12788, stack(0x000000c530100000,0x000000c530200000)]
  0x000002aa58480d40 JavaThread "Compiler Source File Reader" daemon [_thread_blocked, id=11032, stack(0x000000c530200000,0x000000c530300000)]
  0x000002aa5847c150 JavaThread "Compiler Source File Reader" daemon [_thread_blocked, id=18192, stack(0x000000c530300000,0x000000c530400000)]
  0x000002aa5847eee0 JavaThread "Compiler Source File Reader" daemon [_thread_blocked, id=20052, stack(0x000000c530400000,0x000000c530500000)]
  0x000002aa58481250 JavaThread "Compiler Processing Task" daemon [_thread_in_Java, id=5644, stack(0x000000c530500000,0x000000c530600000)]
  0x000002aa5847f900 JavaThread "Compiler Class File Writer" daemon [_thread_blocked, id=19876, stack(0x000000c530600000,0x000000c530700000)]
  0x000002aa5847daa0 JavaThread "Compiler Class File Writer" daemon [_thread_blocked, id=18724, stack(0x000000c530700000,0x000000c530800000)]
  0x000002aa5847b220 JavaThread "Compiler Class File Writer" daemon [_thread_blocked, id=18188, stack(0x000000c530800000,0x000000c530900000)]
  0x000002aa58481760 JavaThread "Compiler Class File Writer" daemon [_thread_blocked, id=19484, stack(0x000000c530900000,0x000000c530a00000)]
  0x000002aa5847fe10 JavaThread "Compiler Class File Writer" daemon [_thread_blocked, id=14656, stack(0x000000c530a00000,0x000000c530b00000)]
  0x000002aa5847cb70 JavaThread "Compiler Class File Writer" daemon [_thread_blocked, id=3688, stack(0x000000c530b00000,0x000000c530c00000)]
  0x000002aa5bd7c4d0 JavaThread "C2 CompilerThread1" daemon [_thread_in_native, id=5264, stack(0x000000c52e300000,0x000000c52e400000)]
  0x000002aa5847a800 JavaThread "ForkJoinPool.commonPool-worker-1" daemon [_thread_blocked, id=3496, stack(0x000000c52e400000,0x000000c52e500000)]
  0x000002aa5847c660 JavaThread "ForkJoinPool.commonPool-worker-2" daemon [_thread_blocked, id=19508, stack(0x000000c530c00000,0x000000c530d00000)]
  0x000002aa58481c70 JavaThread "ForkJoinPool.commonPool-worker-3" daemon [_thread_blocked, id=13536, stack(0x000000c530d00000,0x000000c530e00000)]
  0x000002aa58480320 JavaThread "ForkJoinPool.commonPool-worker-4" daemon [_thread_blocked, id=17208, stack(0x000000c530e00000,0x000000c530f00000)]
  0x000002aa5847ad10 JavaThread "ForkJoinPool.commonPool-worker-5" daemon [_thread_blocked, id=17132, stack(0x000000c530f00000,0x000000c531000000)]
  0x000002aa5847bc40 JavaThread "ForkJoinPool.commonPool-worker-6" daemon [_thread_blocked, id=20176, stack(0x000000c531000000,0x000000c531100000)]
  0x000002aa5847d080 JavaThread "Thread-11" daemon [_thread_in_native, id=17100, stack(0x000000c531100000,0x000000c531200000)]
  0x000002aa5847d590 JavaThread "ForkJoinPool.commonPool-worker-7" daemon [_thread_blocked, id=20024, stack(0x000000c531200000,0x000000c531300000)]

Other Threads:
  0x000002aa563714b0 VMThread "VM Thread" [stack: 0x000000c52c500000,0x000000c52c600000] [id=17204]
  0x000002aa5665f010 WatcherThread [stack: 0x000000c52d200000,0x000000c52d300000] [id=18020]
  0x000002aa3d4b5410 GCTaskThread "GC Thread#0" [stack: 0x000000c52c400000,0x000000c52c500000] [id=15768]
  0x000002aa57961750 GCTaskThread "GC Thread#1" [stack: 0x000000c52d000000,0x000000c52d100000] [id=20108]
  0x000002aa579151d0 GCTaskThread "GC Thread#2" [stack: 0x000000c52d300000,0x000000c52d400000] [id=15400]
  0x000002aa57915490 GCTaskThread "GC Thread#3" [stack: 0x000000c52d400000,0x000000c52d500000] [id=15436]
  0x000002aa57915750 GCTaskThread "GC Thread#4" [stack: 0x000000c52d500000,0x000000c52d600000] [id=14352]
  0x000002aa57915a10 GCTaskThread "GC Thread#5" [stack: 0x000000c52d600000,0x000000c52d700000] [id=6744]
  0x000002aa57915cd0 GCTaskThread "GC Thread#6" [stack: 0x000000c52d700000,0x000000c52d800000] [id=18996]
  0x000002aa57c24630 GCTaskThread "GC Thread#7" [stack: 0x000000c52dc00000,0x000000c52dd00000] [id=14152]

Threads with active compile tasks:
C2 CompilerThread0    86704 10632       4       org.eclipse.jdt.internal.compiler.parser.Parser::consumeRule (7904 bytes)
C2 CompilerThread1    86705 10071   !   4       org.eclipse.jdt.internal.core.search.indexing.BinaryIndexer::indexDocument (1157 bytes)

VM state: not at safepoint (normal execution)

VM Mutex/Monitor currently owned by a thread: None

Heap address: 0x00000000c0000000, size: 1024 MB, Compressed Oops mode: 32-bit

CDS archive(s) not mapped
Compressed class space mapped at: 0x0000000100000000-0x0000000140000000, reserved size: 1073741824
Narrow klass base: 0x0000000000000000, Narrow klass shift: 3, Narrow klass range: 0x140000000

GC Precious Log:
 CPUs: 8 total, 8 available
 Memory: 7967M
 Large Page Support: Disabled
 NUMA Support: Disabled
 Compressed Oops: Enabled (32-bit)
 Alignments: Space 512K, Generation 512K, Heap 2M
 Heap Min Capacity: 100M
 Heap Initial Capacity: 100M
 Heap Max Capacity: 1G
 Pre-touch: Disabled
 Parallel Workers: 8

Heap:
 PSYoungGen      total 17920K, used 10810K [0x00000000eab00000, 0x00000000ec800000, 0x0000000100000000)
  eden space 12288K, 42% used [0x00000000eab00000,0x00000000eb00eab0,0x00000000eb700000)
  from space 5632K, 99% used [0x00000000ebe80000,0x00000000ec3fff88,0x00000000ec400000)
  to   space 7680K, 0% used [0x00000000eb700000,0x00000000eb700000,0x00000000ebe80000)
 ParOldGen       total 153088K, used 137658K [0x00000000c0000000, 0x00000000c9580000, 0x00000000eab00000)
  object space 153088K, 89% used [0x00000000c0000000,0x00000000c866e8e8,0x00000000c9580000)
 Metaspace       used 68188K, committed 69440K, reserved 1114112K
  class space    used 7035K, committed 7552K, reserved 1048576K

Card table byte_map: [0x000002aa3ce30000,0x000002aa3d040000] _byte_map_base: 0x000002aa3c830000

Marking Bits: (ParMarkBitMap*) 0x00007ffe00476940
 Begin Bits: [0x000002aa4f130000, 0x000002aa50130000)
 End Bits:   [0x000002aa50130000, 0x000002aa51130000)

Polling page: 0x000002aa3b3b0000

Metaspace:

Usage:
  Non-class:     59.72 MB used.
      Class:      6.87 MB used.
       Both:     66.59 MB used.

Virtual space:
  Non-class space:       64.00 MB reserved,      60.44 MB ( 94%) committed,  1 nodes.
      Class space:        1.00 GB reserved,       7.38 MB ( <1%) committed,  1 nodes.
             Both:        1.06 GB reserved,      67.81 MB (  6%) committed. 

Chunk freelists:
   Non-Class:  3.23 MB
       Class:  8.47 MB
        Both:  11.70 MB

MaxMetaspaceSize: unlimited
CompressedClassSpaceSize: 1.00 GB
Initial GC threshold: 21.00 MB
Current GC threshold: 108.44 MB
CDS: off
MetaspaceReclaimPolicy: balanced
 - commit_granule_bytes: 65536.
 - commit_granule_words: 8192.
 - virtual_space_node_default_size: 8388608.
 - enlarge_chunks_in_place: 1.
 - new_chunks_are_fully_committed: 0.
 - uncommit_free_chunks: 1.
 - use_allocation_guard: 0.
 - handle_deallocations: 1.


Internal statistics:

num_allocs_failed_limit: 9.
num_arena_births: 752.
num_arena_deaths: 28.
num_vsnodes_births: 2.
num_vsnodes_deaths: 0.
num_space_committed: 1085.
num_space_uncommitted: 0.
num_chunks_returned_to_freelist: 39.
num_chunks_taken_from_freelist: 3629.
num_chunk_merges: 15.
num_chunk_splits: 2187.
num_chunks_enlarged: 1242.
num_inconsistent_stats: 0.

CodeHeap 'non-profiled nmethods': size=120000Kb used=5676Kb max_used=5680Kb free=114323Kb
 bounds [0x000002aa47c00000, 0x000002aa48190000, 0x000002aa4f130000]
CodeHeap 'profiled nmethods': size=120000Kb used=20117Kb max_used=20117Kb free=99882Kb
 bounds [0x000002aa40130000, 0x000002aa414e0000, 0x000002aa47660000]
CodeHeap 'non-nmethods': size=5760Kb used=1374Kb max_used=1458Kb free=4385Kb
 bounds [0x000002aa47660000, 0x000002aa478d0000, 0x000002aa47c00000]
 total_blobs=9863 nmethods=9158 adapters=617
 compilation: enabled
              stopped_count=0, restarted_count=0
 full_count=0

Compilation events (20 events):
Event: 86.564 Thread 0x000002aa563fe300 nmethod 10821 0x000002aa40cf7990 code [0x000002aa40cf7b20, 0x000002aa40cf7c38]
Event: 86.574 Thread 0x000002aa563fe300 10822   !   2       sun.nio.fs.WindowsChannelFactory::open (457 bytes)
Event: 86.576 Thread 0x000002aa563fe300 nmethod 10822 0x000002aa414c2e10 code [0x000002aa414c3060, 0x000002aa414c38c8]
Event: 86.578 Thread 0x000002aa563fe300 10824   !   2       org.eclipse.osgi.internal.log.ExtendedLogReaderServiceFactory::isLoggablePrivileged (147 bytes)
Event: 86.579 Thread 0x000002aa563fe300 nmethod 10824 0x000002aa414c3e90 code [0x000002aa414c4100, 0x000002aa414c46a8]
Event: 86.579 Thread 0x000002aa563fe300 10823       2       org.eclipse.osgi.internal.log.ExtendedLogReaderServiceFactory::isLoggable (35 bytes)
Event: 86.579 Thread 0x000002aa563fe300 nmethod 10823 0x000002aa414c4b90 code [0x000002aa414c4d60, 0x000002aa414c4fd8]
Event: 86.579 Thread 0x000002aa563fe300 10825   !   2       org.apache.aries.spifly.ConsumerBundleTrackerCustomizer::addingBundle (27 bytes)
Event: 86.580 Thread 0x000002aa563fe300 nmethod 10825 0x000002aa414c5190 code [0x000002aa414c5340, 0x000002aa414c5538]
Event: 86.583 Thread 0x000002aa563fe300 10826       2       sun.nio.fs.WindowsChannelFactory$Flags::<init> (20 bytes)
Event: 86.583 Thread 0x000002aa563fe300 nmethod 10826 0x000002aa41020e10 code [0x000002aa41020fa0, 0x000002aa410210b8]
Event: 86.585 Thread 0x000002aa563fe300 10827       2       sun.nio.ch.FileChannelImpl$Closer::<init> (10 bytes)
Event: 86.590 Thread 0x000002aa563fe300 nmethod 10827 0x000002aa414c5690 code [0x000002aa414c5820, 0x000002aa414c5938]
Event: 86.590 Thread 0x000002aa563fe300 10830       2       org.eclipse.jdt.internal.compiler.parser.Parser::pushOnRealBlockStack (54 bytes)
Event: 86.600 Thread 0x000002aa563fe300 nmethod 10830 0x000002aa414c5a10 code [0x000002aa414c5bc0, 0x000002aa414c5e68]
Event: 86.601 Thread 0x000002aa563fe300 10831   !   2       org.eclipse.jdt.internal.compiler.parser.Parser::checkNonNLSAfterBodyEnd (51 bytes)
Event: 86.604 Thread 0x000002aa563fe300 nmethod 10831 0x000002aa414c6010 code [0x000002aa414c61c0, 0x000002aa414c63e8]
Event: 86.604 Thread 0x000002aa563fe300 10833       2       org.eclipse.jdt.internal.compiler.lookup.BinaryTypeBinding::detectCircularHierarchy (125 bytes)
Event: 86.607 Thread 0x000002aa563fe300 nmethod 10833 0x000002aa414c6510 code [0x000002aa414c6720, 0x000002aa414c6bf8]
Event: 86.607 Thread 0x000002aa563fe300 10834       2       java.util.TimSort::mergeCollapse (134 bytes)

GC Heap History (20 events):
Event: 84.340 GC heap before
{Heap before GC invocations=60 (full 6):
 PSYoungGen      total 22016K, used 21565K [0x00000000eab00000, 0x00000000ec900000, 0x0000000100000000)
  eden space 17408K, 100% used [0x00000000eab00000,0x00000000ebc00000,0x00000000ebc00000)
  from space 4608K, 90% used [0x00000000ec480000,0x00000000ec88f638,0x00000000ec900000)
  to   space 5632K, 0% used [0x00000000ebe00000,0x00000000ebe00000,0x00000000ec380000)
 ParOldGen       total 127488K, used 126363K [0x00000000c0000000, 0x00000000c7c80000, 0x00000000eab00000)
  object space 127488K, 99% used [0x00000000c0000000,0x00000000c7b66e50,0x00000000c7c80000)
 Metaspace       used 65585K, committed 66624K, reserved 1114112K
  class space    used 6764K, committed 7232K, reserved 1048576K
}
Event: 84.488 GC heap after
{Heap after GC invocations=60 (full 6):
 PSYoungGen      total 17920K, used 0K [0x00000000eab00000, 0x00000000ec700000, 0x0000000100000000)
  eden space 17408K, 0% used [0x00000000eab00000,0x00000000eab00000,0x00000000ebc00000)
  from space 512K, 0% used [0x00000000ebe00000,0x00000000ebe00000,0x00000000ebe80000)
  to   space 5632K, 0% used [0x00000000ec180000,0x00000000ec180000,0x00000000ec700000)
 ParOldGen       total 153088K, used 122084K [0x00000000c0000000, 0x00000000c9580000, 0x00000000eab00000)
  object space 153088K, 79% used [0x00000000c0000000,0x00000000c7739370,0x00000000c9580000)
 Metaspace       used 65585K, committed 66624K, reserved 1114112K
  class space    used 6764K, committed 7232K, reserved 1048576K
}
Event: 84.812 GC heap before
{Heap before GC invocations=61 (full 6):
 PSYoungGen      total 17920K, used 17408K [0x00000000eab00000, 0x00000000ec700000, 0x0000000100000000)
  eden space 17408K, 100% used [0x00000000eab00000,0x00000000ebc00000,0x00000000ebc00000)
  from space 512K, 0% used [0x00000000ebe00000,0x00000000ebe00000,0x00000000ebe80000)
  to   space 5632K, 0% used [0x00000000ec180000,0x00000000ec180000,0x00000000ec700000)
 ParOldGen       total 153088K, used 122084K [0x00000000c0000000, 0x00000000c9580000, 0x00000000eab00000)
  object space 153088K, 79% used [0x00000000c0000000,0x00000000c7739370,0x00000000c9580000)
 Metaspace       used 65911K, committed 66944K, reserved 1114112K
  class space    used 6792K, committed 7232K, reserved 1048576K
}
Event: 84.815 GC heap after
{Heap after GC invocations=61 (full 6):
 PSYoungGen      total 20992K, used 3518K [0x00000000eab00000, 0x00000000ec500000, 0x0000000100000000)
  eden space 17408K, 0% used [0x00000000eab00000,0x00000000eab00000,0x00000000ebc00000)
  from space 3584K, 98% used [0x00000000ec180000,0x00000000ec4ef940,0x00000000ec500000)
  to   space 4096K, 0% used [0x00000000ebd00000,0x00000000ebd00000,0x00000000ec100000)
 ParOldGen       total 153088K, used 122092K [0x00000000c0000000, 0x00000000c9580000, 0x00000000eab00000)
  object space 153088K, 79% used [0x00000000c0000000,0x00000000c773b370,0x00000000c9580000)
 Metaspace       used 65911K, committed 66944K, reserved 1114112K
  class space    used 6792K, committed 7232K, reserved 1048576K
}
Event: 85.025 GC heap before
{Heap before GC invocations=62 (full 6):
 PSYoungGen      total 20992K, used 20925K [0x00000000eab00000, 0x00000000ec500000, 0x0000000100000000)
  eden space 17408K, 99% used [0x00000000eab00000,0x00000000ebbffd98,0x00000000ebc00000)
  from space 3584K, 98% used [0x00000000ec180000,0x00000000ec4ef940,0x00000000ec500000)
  to   space 4096K, 0% used [0x00000000ebd00000,0x00000000ebd00000,0x00000000ec100000)
 ParOldGen       total 153088K, used 122092K [0x00000000c0000000, 0x00000000c9580000, 0x00000000eab00000)
  object space 153088K, 79% used [0x00000000c0000000,0x00000000c773b370,0x00000000c9580000)
 Metaspace       used 66564K, committed 67648K, reserved 1114112K
  class space    used 6871K, committed 7360K, reserved 1048576K
}
Event: 85.031 GC heap after
{Heap after GC invocations=62 (full 6):
 PSYoungGen      total 21504K, used 4078K [0x00000000eab00000, 0x00000000ec900000, 0x0000000100000000)
  eden space 17408K, 0% used [0x00000000eab00000,0x00000000eab00000,0x00000000ebc00000)
  from space 4096K, 99% used [0x00000000ebd00000,0x00000000ec0fbb20,0x00000000ec100000)
  to   space 6656K, 0% used [0x00000000ec280000,0x00000000ec280000,0x00000000ec900000)
 ParOldGen       total 153088K, used 123765K [0x00000000c0000000, 0x00000000c9580000, 0x00000000eab00000)
  object space 153088K, 80% used [0x00000000c0000000,0x00000000c78dd4a0,0x00000000c9580000)
 Metaspace       used 66564K, committed 67648K, reserved 1114112K
  class space    used 6871K, committed 7360K, reserved 1048576K
}
Event: 85.273 GC heap before
{Heap before GC invocations=63 (full 6):
 PSYoungGen      total 21504K, used 21479K [0x00000000eab00000, 0x00000000ec900000, 0x0000000100000000)
  eden space 17408K, 99% used [0x00000000eab00000,0x00000000ebbfe458,0x00000000ebc00000)
  from space 4096K, 99% used [0x00000000ebd00000,0x00000000ec0fbb20,0x00000000ec100000)
  to   space 6656K, 0% used [0x00000000ec280000,0x00000000ec280000,0x00000000ec900000)
 ParOldGen       total 153088K, used 123765K [0x00000000c0000000, 0x00000000c9580000, 0x00000000eab00000)
  object space 153088K, 80% used [0x00000000c0000000,0x00000000c78dd4a0,0x00000000c9580000)
 Metaspace       used 66823K, committed 67968K, reserved 1114112K
  class space    used 6912K, committed 7424K, reserved 1048576K
}
Event: 85.284 GC heap after
{Heap after GC invocations=63 (full 6):
 PSYoungGen      total 20992K, used 3414K [0x00000000eab00000, 0x00000000ec600000, 0x0000000100000000)
  eden space 17408K, 0% used [0x00000000eab00000,0x00000000eab00000,0x00000000ebc00000)
  from space 3584K, 95% used [0x00000000ec280000,0x00000000ec5d5bc8,0x00000000ec600000)
  to   space 4608K, 0% used [0x00000000ebd00000,0x00000000ebd00000,0x00000000ec180000)
 ParOldGen       total 153088K, used 126018K [0x00000000c0000000, 0x00000000c9580000, 0x00000000eab00000)
  object space 153088K, 82% used [0x00000000c0000000,0x00000000c7b108d8,0x00000000c9580000)
 Metaspace       used 66823K, committed 67968K, reserved 1114112K
  class space    used 6912K, committed 7424K, reserved 1048576K
}
Event: 85.394 GC heap before
{Heap before GC invocations=64 (full 6):
 PSYoungGen      total 20992K, used 20822K [0x00000000eab00000, 0x00000000ec600000, 0x0000000100000000)
  eden space 17408K, 100% used [0x00000000eab00000,0x00000000ebc00000,0x00000000ebc00000)
  from space 3584K, 95% used [0x00000000ec280000,0x00000000ec5d5bc8,0x00000000ec600000)
  to   space 4608K, 0% used [0x00000000ebd00000,0x00000000ebd00000,0x00000000ec180000)
 ParOldGen       total 153088K, used 126018K [0x00000000c0000000, 0x00000000c9580000, 0x00000000eab00000)
  object space 153088K, 82% used [0x00000000c0000000,0x00000000c7b108d8,0x00000000c9580000)
 Metaspace       used 66836K, committed 67968K, reserved 1114112K
  class space    used 6914K, committed 7424K, reserved 1048576K
}
Event: 85.410 GC heap after
{Heap after GC invocations=64 (full 6):
 PSYoungGen      total 22016K, used 4598K [0x00000000eab00000, 0x00000000ec700000, 0x0000000100000000)
  eden space 17408K, 0% used [0x00000000eab00000,0x00000000eab00000,0x00000000ebc00000)
  from space 4608K, 99% used [0x00000000ebd00000,0x00000000ec17daf0,0x00000000ec180000)
  to   space 5632K, 0% used [0x00000000ec180000,0x00000000ec180000,0x00000000ec700000)
 ParOldGen       total 153088K, used 126383K [0x00000000c0000000, 0x00000000c9580000, 0x00000000eab00000)
  object space 153088K, 82% used [0x00000000c0000000,0x00000000c7b6bc38,0x00000000c9580000)
 Metaspace       used 66836K, committed 67968K, reserved 1114112K
  class space    used 6914K, committed 7424K, reserved 1048576K
}
Event: 85.477 GC heap before
{Heap before GC invocations=65 (full 6):
 PSYoungGen      total 22016K, used 22006K [0x00000000eab00000, 0x00000000ec700000, 0x0000000100000000)
  eden space 17408K, 100% used [0x00000000eab00000,0x00000000ebc00000,0x00000000ebc00000)
  from space 4608K, 99% used [0x00000000ebd00000,0x00000000ec17daf0,0x00000000ec180000)
  to   space 5632K, 0% used [0x00000000ec180000,0x00000000ec180000,0x00000000ec700000)
 ParOldGen       total 153088K, used 126383K [0x00000000c0000000, 0x00000000c9580000, 0x00000000eab00000)
  object space 153088K, 82% used [0x00000000c0000000,0x00000000c7b6bc38,0x00000000c9580000)
 Metaspace       used 66916K, committed 68032K, reserved 1114112K
  class space    used 6914K, committed 7424K, reserved 1048576K
}
Event: 85.485 GC heap after
{Heap after GC invocations=65 (full 6):
 PSYoungGen      total 20992K, used 3488K [0x00000000eab00000, 0x00000000ec500000, 0x0000000100000000)
  eden space 17408K, 0% used [0x00000000eab00000,0x00000000eab00000,0x00000000ebc00000)
  from space 3584K, 97% used [0x00000000ec180000,0x00000000ec4e8010,0x00000000ec500000)
  to   space 4096K, 0% used [0x00000000ebd00000,0x00000000ebd00000,0x00000000ec100000)
 ParOldGen       total 153088K, used 129327K [0x00000000c0000000, 0x00000000c9580000, 0x00000000eab00000)
  object space 153088K, 84% used [0x00000000c0000000,0x00000000c7e4bd48,0x00000000c9580000)
 Metaspace       used 66916K, committed 68032K, reserved 1114112K
  class space    used 6914K, committed 7424K, reserved 1048576K
}
Event: 85.664 GC heap before
{Heap before GC invocations=66 (full 6):
 PSYoungGen      total 20992K, used 20896K [0x00000000eab00000, 0x00000000ec500000, 0x0000000100000000)
  eden space 17408K, 100% used [0x00000000eab00000,0x00000000ebc00000,0x00000000ebc00000)
  from space 3584K, 97% used [0x00000000ec180000,0x00000000ec4e8010,0x00000000ec500000)
  to   space 4096K, 0% used [0x00000000ebd00000,0x00000000ebd00000,0x00000000ec100000)
 ParOldGen       total 153088K, used 129327K [0x00000000c0000000, 0x00000000c9580000, 0x00000000eab00000)
  object space 153088K, 84% used [0x00000000c0000000,0x00000000c7e4bd48,0x00000000c9580000)
 Metaspace       used 67170K, committed 68224K, reserved 1114112K
  class space    used 6937K, committed 7424K, reserved 1048576K
}
Event: 85.672 GC heap after
{Heap after GC invocations=66 (full 6):
 PSYoungGen      total 20992K, used 3199K [0x00000000eab00000, 0x00000000ec300000, 0x0000000100000000)
  eden space 17408K, 0% used [0x00000000eab00000,0x00000000eab00000,0x00000000ebc00000)
  from space 3584K, 89% used [0x00000000ebd00000,0x00000000ec01fe28,0x00000000ec080000)
  to   space 2560K, 0% used [0x00000000ec080000,0x00000000ec080000,0x00000000ec300000)
 ParOldGen       total 153088K, used 130967K [0x00000000c0000000, 0x00000000c9580000, 0x00000000eab00000)
  object space 153088K, 85% used [0x00000000c0000000,0x00000000c7fe5d48,0x00000000c9580000)
 Metaspace       used 67170K, committed 68224K, reserved 1114112K
  class space    used 6937K, committed 7424K, reserved 1048576K
}
Event: 85.975 GC heap before
{Heap before GC invocations=67 (full 6):
 PSYoungGen      total 20992K, used 20607K [0x00000000eab00000, 0x00000000ec300000, 0x0000000100000000)
  eden space 17408K, 100% used [0x00000000eab00000,0x00000000ebc00000,0x00000000ebc00000)
  from space 3584K, 89% used [0x00000000ebd00000,0x00000000ec01fe28,0x00000000ec080000)
  to   space 2560K, 0% used [0x00000000ec080000,0x00000000ec080000,0x00000000ec300000)
 ParOldGen       total 153088K, used 130967K [0x00000000c0000000, 0x00000000c9580000, 0x00000000eab00000)
  object space 153088K, 85% used [0x00000000c0000000,0x00000000c7fe5d48,0x00000000c9580000)
 Metaspace       used 67447K, committed 68608K, reserved 1114112K
  class space    used 6967K, committed 7488K, reserved 1048576K
}
Event: 85.986 GC heap after
{Heap after GC invocations=67 (full 6):
 PSYoungGen      total 16896K, used 2544K [0x00000000eab00000, 0x00000000ecb00000, 0x0000000100000000)
  eden space 14336K, 0% used [0x00000000eab00000,0x00000000eab00000,0x00000000eb900000)
  from space 2560K, 99% used [0x00000000ec080000,0x00000000ec2fc350,0x00000000ec300000)
  to   space 7680K, 0% used [0x00000000eb900000,0x00000000eb900000,0x00000000ec080000)
 ParOldGen       total 153088K, used 135285K [0x00000000c0000000, 0x00000000c9580000, 0x00000000eab00000)
  object space 153088K, 88% used [0x00000000c0000000,0x00000000c841d648,0x00000000c9580000)
 Metaspace       used 67447K, committed 68608K, reserved 1114112K
  class space    used 6967K, committed 7488K, reserved 1048576K
}
Event: 86.159 GC heap before
{Heap before GC invocations=68 (full 6):
 PSYoungGen      total 16896K, used 16880K [0x00000000eab00000, 0x00000000ecb00000, 0x0000000100000000)
  eden space 14336K, 100% used [0x00000000eab00000,0x00000000eb900000,0x00000000eb900000)
  from space 2560K, 99% used [0x00000000ec080000,0x00000000ec2fc350,0x00000000ec300000)
  to   space 7680K, 0% used [0x00000000eb900000,0x00000000eb900000,0x00000000ec080000)
 ParOldGen       total 153088K, used 135285K [0x00000000c0000000, 0x00000000c9580000, 0x00000000eab00000)
  object space 153088K, 88% used [0x00000000c0000000,0x00000000c841d648,0x00000000c9580000)
 Metaspace       used 67512K, committed 68672K, reserved 1114112K
  class space    used 6968K, committed 7488K, reserved 1048576K
}
Event: 86.169 GC heap after
{Heap after GC invocations=68 (full 6):
 PSYoungGen      total 18944K, used 4508K [0x00000000eab00000, 0x00000000ec400000, 0x0000000100000000)
  eden space 14336K, 0% used [0x00000000eab00000,0x00000000eab00000,0x00000000eb900000)
  from space 4608K, 97% used [0x00000000eb900000,0x00000000ebd67298,0x00000000ebd80000)
  to   space 5632K, 0% used [0x00000000ebe80000,0x00000000ebe80000,0x00000000ec400000)
 ParOldGen       total 153088K, used 136239K [0x00000000c0000000, 0x00000000c9580000, 0x00000000eab00000)
  object space 153088K, 88% used [0x00000000c0000000,0x00000000c850bcd0,0x00000000c9580000)
 Metaspace       used 67512K, committed 68672K, reserved 1114112K
  class space    used 6968K, committed 7488K, reserved 1048576K
}
Event: 86.527 GC heap before
{Heap before GC invocations=69 (full 6):
 PSYoungGen      total 18944K, used 18844K [0x00000000eab00000, 0x00000000ec400000, 0x0000000100000000)
  eden space 14336K, 100% used [0x00000000eab00000,0x00000000eb900000,0x00000000eb900000)
  from space 4608K, 97% used [0x00000000eb900000,0x00000000ebd67298,0x00000000ebd80000)
  to   space 5632K, 0% used [0x00000000ebe80000,0x00000000ebe80000,0x00000000ec400000)
 ParOldGen       total 153088K, used 136239K [0x00000000c0000000, 0x00000000c9580000, 0x00000000eab00000)
  object space 153088K, 88% used [0x00000000c0000000,0x00000000c850bcd0,0x00000000c9580000)
 Metaspace       used 67955K, committed 69056K, reserved 1114112K
  class space    used 7004K, committed 7488K, reserved 1048576K
}
Event: 86.538 GC heap after
{Heap after GC invocations=69 (full 6):
 PSYoungGen      total 17920K, used 5631K [0x00000000eab00000, 0x00000000ec800000, 0x0000000100000000)
  eden space 12288K, 0% used [0x00000000eab00000,0x00000000eab00000,0x00000000eb700000)
  from space 5632K, 99% used [0x00000000ebe80000,0x00000000ec3fff88,0x00000000ec400000)
  to   space 7680K, 0% used [0x00000000eb700000,0x00000000eb700000,0x00000000ebe80000)
 ParOldGen       total 153088K, used 137658K [0x00000000c0000000, 0x00000000c9580000, 0x00000000eab00000)
  object space 153088K, 89% used [0x00000000c0000000,0x00000000c866e8e8,0x00000000c9580000)
 Metaspace       used 67955K, committed 69056K, reserved 1114112K
  class space    used 7004K, committed 7488K, reserved 1048576K
}

Dll operation events (10 events):
Event: 0.177 Loaded shared library c:\Users\ManSiek\.cursor\extensions\redhat.java-1.36.0-win32-x64\jre\17.0.13-win32-x86_64\bin\java.dll
Event: 0.548 Loaded shared library c:\Users\ManSiek\.cursor\extensions\redhat.java-1.36.0-win32-x64\jre\17.0.13-win32-x86_64\bin\zip.dll
Event: 0.567 Loaded shared library C:\Users\ManSiek\.cursor\extensions\redhat.java-1.36.0-win32-x64\jre\17.0.13-win32-x86_64\bin\instrument.dll
Event: 0.611 Loaded shared library C:\Users\ManSiek\.cursor\extensions\redhat.java-1.36.0-win32-x64\jre\17.0.13-win32-x86_64\bin\net.dll
Event: 0.616 Loaded shared library C:\Users\ManSiek\.cursor\extensions\redhat.java-1.36.0-win32-x64\jre\17.0.13-win32-x86_64\bin\nio.dll
Event: 0.634 Loaded shared library C:\Users\ManSiek\.cursor\extensions\redhat.java-1.36.0-win32-x64\jre\17.0.13-win32-x86_64\bin\zip.dll
Event: 0.734 Loaded shared library C:\Users\ManSiek\.cursor\extensions\redhat.java-1.36.0-win32-x64\jre\17.0.13-win32-x86_64\bin\jimage.dll
Event: 1.023 Loaded shared library c:\Users\ManSiek\.cursor\extensions\redhat.java-1.36.0-win32-x64\jre\17.0.13-win32-x86_64\bin\verify.dll
Event: 30.200 Loaded shared library C:\Users\ManSiek\AppData\Roaming\Cursor\User\globalStorage\redhat.java\1.36.0\config_win\org.eclipse.equinox.launcher\org.eclipse.equinox.launcher.win32.win32.x86_64_1.2.1100.v20240722-2106\eclipse_11904.dll
Event: 63.148 Loaded shared library C:\Users\ManSiek\AppData\Local\Temp\jna--1795468842\jna17331531389564309909.dll

Deoptimization events (20 events):
Event: 86.373 Thread 0x000002aa58481250 Uncommon trap: trap_request=0xffffffc6 fr.pc=0x000002aa480e1850 relative=0x0000000000008510
Event: 86.373 Thread 0x000002aa58481250 Uncommon trap: reason=bimorphic_or_optimized_type_check action=maybe_recompile pc=0x000002aa480e1850 method=org.eclipse.jdt.internal.compiler.lookup.BinaryTypeBinding.createMethod(Lorg/eclipse/jdt/internal/compiler/env/IBinaryMethod;Lorg/eclipse/jdt/inter
Event: 86.373 Thread 0x000002aa58481250 DEOPT PACKING pc=0x000002aa480e1850 sp=0x000000c5305fd830
Event: 86.373 Thread 0x000002aa58481250 DEOPT UNPACKING pc=0x000002aa476b9ea3 sp=0x000000c5305fd800 mode 2
Event: 86.373 Thread 0x000002aa58481250 Uncommon trap: trap_request=0xffffffc6 fr.pc=0x000002aa480e1850 relative=0x0000000000008510
Event: 86.373 Thread 0x000002aa58481250 Uncommon trap: reason=bimorphic_or_optimized_type_check action=maybe_recompile pc=0x000002aa480e1850 method=org.eclipse.jdt.internal.compiler.lookup.BinaryTypeBinding.createMethod(Lorg/eclipse/jdt/internal/compiler/env/IBinaryMethod;Lorg/eclipse/jdt/inter
Event: 86.373 Thread 0x000002aa58481250 DEOPT PACKING pc=0x000002aa480e1850 sp=0x000000c5305fd830
Event: 86.373 Thread 0x000002aa58481250 DEOPT UNPACKING pc=0x000002aa476b9ea3 sp=0x000000c5305fd800 mode 2
Event: 86.420 Thread 0x000002aa58481250 Uncommon trap: trap_request=0xffffff45 fr.pc=0x000002aa480e18d0 relative=0x0000000000008590
Event: 86.420 Thread 0x000002aa58481250 Uncommon trap: reason=unstable_if action=reinterpret pc=0x000002aa480e18d0 method=org.eclipse.jdt.internal.compiler.lookup.BinaryTypeBinding.createMethod(Lorg/eclipse/jdt/internal/compiler/env/IBinaryMethod;Lorg/eclipse/jdt/internal/compiler/env/IBinaryTy
Event: 86.420 Thread 0x000002aa58481250 DEOPT PACKING pc=0x000002aa480e18d0 sp=0x000000c5305fd2c0
Event: 86.421 Thread 0x000002aa58481250 DEOPT UNPACKING pc=0x000002aa476b9ea3 sp=0x000000c5305fd290 mode 2
Event: 86.590 Thread 0x000002aa5847c660 Uncommon trap: trap_request=0xffffff45 fr.pc=0x000002aa48066384 relative=0x0000000000000164
Event: 86.590 Thread 0x000002aa5847c660 Uncommon trap: reason=unstable_if action=reinterpret pc=0x000002aa48066384 method=org.eclipse.core.runtime.Path.computeLength()I @ 92 c2
Event: 86.590 Thread 0x000002aa5847c660 DEOPT PACKING pc=0x000002aa48066384 sp=0x000000c530cfe260
Event: 86.590 Thread 0x000002aa5847c660 DEOPT UNPACKING pc=0x000002aa476b9ea3 sp=0x000000c530cfe1d8 mode 2
Event: 86.591 Thread 0x000002aa596c69c0 Uncommon trap: trap_request=0xffffff45 fr.pc=0x000002aa4803a060 relative=0x00000000000003a0
Event: 86.594 Thread 0x000002aa596c69c0 Uncommon trap: reason=unstable_if action=reinterpret pc=0x000002aa4803a060 method=com.google.gson.stream.JsonReader.isLiteral(C)Z @ 1 c2
Event: 86.596 Thread 0x000002aa596c69c0 DEOPT PACKING pc=0x000002aa4803a060 sp=0x000000c52f6fe6d0
Event: 86.596 Thread 0x000002aa596c69c0 DEOPT UNPACKING pc=0x000002aa476b9ea3 sp=0x000000c52f6fe578 mode 2

Classes loaded (20 events):
Event: 85.633 Loading class java/nio/charset/CharacterCodingException
Event: 85.633 Loading class java/nio/charset/CharacterCodingException done
Event: 85.660 Loading class java/io/SequenceInputStream
Event: 85.661 Loading class java/io/SequenceInputStream done
Event: 86.217 Loading class java/util/concurrent/CompletableFuture$UniApply
Event: 86.224 Loading class java/util/concurrent/CompletableFuture$UniCompletion
Event: 86.224 Loading class java/util/concurrent/CompletableFuture$UniCompletion done
Event: 86.224 Loading class java/util/concurrent/CompletableFuture$UniApply done
Event: 86.225 Loading class java/util/concurrent/ForkJoinPool$DefaultCommonPoolForkJoinWorkerThreadFactory$1
Event: 86.226 Loading class java/util/concurrent/ForkJoinPool$DefaultCommonPoolForkJoinWorkerThreadFactory$1 done
Event: 86.226 Loading class java/util/concurrent/CompletableFuture$UniAccept
Event: 86.226 Loading class java/util/concurrent/CompletableFuture$UniAccept done
Event: 86.226 Loading class java/util/concurrent/CompletableFuture$UniExceptionally
Event: 86.227 Loading class java/util/concurrent/CompletableFuture$UniExceptionally done
Event: 86.442 Loading class java/util/Hashtable$KeySet
Event: 86.443 Loading class java/util/Hashtable$KeySet done
Event: 86.449 Loading class java/util/HashMap$ValueSpliterator
Event: 86.449 Loading class java/util/HashMap$ValueSpliterator done
Event: 86.577 Loading class jdk/internal/event/SecurityPropertyModificationEvent
Event: 86.577 Loading class jdk/internal/event/SecurityPropertyModificationEvent done

Classes unloaded (14 events):
Event: 65.993 Thread 0x000002aa563714b0 Unloading class 0x000000010038a800 'java/lang/invoke/LambdaForm$MH+0x000000010038a800'
Event: 65.993 Thread 0x000002aa563714b0 Unloading class 0x000000010038a000 'java/lang/invoke/LambdaForm$MH+0x000000010038a000'
Event: 65.993 Thread 0x000002aa563714b0 Unloading class 0x0000000100389400 'java/lang/invoke/LambdaForm$MH+0x0000000100389400'
Event: 65.993 Thread 0x000002aa563714b0 Unloading class 0x0000000100388c00 'java/lang/invoke/LambdaForm$MH+0x0000000100388c00'
Event: 65.993 Thread 0x000002aa563714b0 Unloading class 0x0000000100388800 'java/lang/invoke/LambdaForm$DMH+0x0000000100388800'
Event: 65.993 Thread 0x000002aa563714b0 Unloading class 0x0000000100385c00 'java/lang/invoke/LambdaForm$MH+0x0000000100385c00'
Event: 65.993 Thread 0x000002aa563714b0 Unloading class 0x0000000100385400 'java/lang/invoke/LambdaForm$MH+0x0000000100385400'
Event: 65.993 Thread 0x000002aa563714b0 Unloading class 0x0000000100252000 'java/lang/invoke/LambdaForm$MH+0x0000000100252000'
Event: 65.993 Thread 0x000002aa563714b0 Unloading class 0x0000000100251c00 'java/lang/invoke/LambdaForm$MH+0x0000000100251c00'
Event: 65.993 Thread 0x000002aa563714b0 Unloading class 0x0000000100251800 'java/lang/invoke/LambdaForm$MH+0x0000000100251800'
Event: 65.993 Thread 0x000002aa563714b0 Unloading class 0x0000000100251400 'java/lang/invoke/LambdaForm$MH+0x0000000100251400'
Event: 65.993 Thread 0x000002aa563714b0 Unloading class 0x0000000100251000 'java/lang/invoke/LambdaForm$BMH+0x0000000100251000'
Event: 65.993 Thread 0x000002aa563714b0 Unloading class 0x0000000100250c00 'java/lang/invoke/LambdaForm$DMH+0x0000000100250c00'
Event: 65.993 Thread 0x000002aa563714b0 Unloading class 0x000000010024c400 'java/lang/invoke/LambdaForm$DMH+0x000000010024c400'

Classes redefined (0 events):
No events

Internal exceptions (20 events):
Event: 85.758 Thread 0x000002aa596c69c0 Exception <a 'java/io/FileNotFoundException'{0x00000000eadd0200}> (0x00000000eadd0200) 
thrown [s\src\hotspot\share\prims\jni.cpp, line 516]
Event: 86.151 Thread 0x000002aa58481250 Implicit null exception at 0x000002aa40ae492c to 0x000002aa40ae7ed3
Event: 86.151 Thread 0x000002aa58481250 Exception <a 'java/lang/NullPointerException'{0x00000000eb7be1c0}> (0x00000000eb7be1c0) 
thrown [s\src\hotspot\share\runtime\sharedRuntime.cpp, line 631]
Event: 86.157 Thread 0x000002aa58481250 Implicit null exception at 0x000002aa40ae492c to 0x000002aa40ae7ed3
Event: 86.157 Thread 0x000002aa58481250 Exception <a 'java/lang/NullPointerException'{0x00000000eb8333f8}> (0x00000000eb8333f8) 
thrown [s\src\hotspot\share\runtime\sharedRuntime.cpp, line 631]
Event: 86.177 Thread 0x000002aa58481250 Implicit null exception at 0x000002aa40ae492c to 0x000002aa40ae7ed3
Event: 86.177 Thread 0x000002aa58481250 Exception <a 'java/lang/NullPointerException'{0x00000000eab04ad0}> (0x00000000eab04ad0) 
thrown [s\src\hotspot\share\runtime\sharedRuntime.cpp, line 631]
Event: 86.187 Thread 0x000002aa596c69c0 Exception <a 'sun/nio/fs/WindowsException'{0x00000000eab857a8}> (0x00000000eab857a8) 
thrown [s\src\hotspot\share\prims\jni.cpp, line 516]
Event: 86.198 Thread 0x000002aa596c69c0 Exception <a 'sun/nio/fs/WindowsException'{0x00000000eaba1b80}> (0x00000000eaba1b80) 
thrown [s\src\hotspot\share\prims\jni.cpp, line 516]
Event: 86.198 Thread 0x000002aa596c69c0 Exception <a 'sun/nio/fs/WindowsException'{0x00000000eaba21b8}> (0x00000000eaba21b8) 
thrown [s\src\hotspot\share\prims\jni.cpp, line 516]
Event: 86.200 Thread 0x000002aa596c69c0 Exception <a 'sun/nio/fs/WindowsException'{0x00000000eaba5908}> (0x00000000eaba5908) 
thrown [s\src\hotspot\share\prims\jni.cpp, line 516]
Event: 86.201 Thread 0x000002aa596c69c0 Exception <a 'sun/nio/fs/WindowsException'{0x00000000eaba5f40}> (0x00000000eaba5f40) 
thrown [s\src\hotspot\share\prims\jni.cpp, line 516]
Event: 86.205 Thread 0x000002aa596c69c0 Exception <a 'sun/nio/fs/WindowsException'{0x00000000eaba6f58}> (0x00000000eaba6f58) 
thrown [s\src\hotspot\share\prims\jni.cpp, line 516]
Event: 86.205 Thread 0x000002aa596c69c0 Exception <a 'sun/nio/fs/WindowsException'{0x00000000eaba7590}> (0x00000000eaba7590) 
thrown [s\src\hotspot\share\prims\jni.cpp, line 516]
Event: 86.206 Thread 0x000002aa596c69c0 Exception <a 'sun/nio/fs/WindowsException'{0x00000000eaba8130}> (0x00000000eaba8130) 
thrown [s\src\hotspot\share\prims\jni.cpp, line 516]
Event: 86.206 Thread 0x000002aa596c69c0 Exception <a 'sun/nio/fs/WindowsException'{0x00000000eaba8768}> (0x00000000eaba8768) 
thrown [s\src\hotspot\share\prims\jni.cpp, line 516]
Event: 86.208 Thread 0x000002aa596c69c0 Exception <a 'sun/nio/fs/WindowsException'{0x00000000eaba93d0}> (0x00000000eaba93d0) 
thrown [s\src\hotspot\share\prims\jni.cpp, line 516]
Event: 86.208 Thread 0x000002aa596c69c0 Exception <a 'sun/nio/fs/WindowsException'{0x00000000eac1b360}> (0x00000000eac1b360) 
thrown [s\src\hotspot\share\prims\jni.cpp, line 516]
Event: 86.209 Thread 0x000002aa596c69c0 Exception <a 'sun/nio/fs/WindowsException'{0x00000000eac1bf00}> (0x00000000eac1bf00) 
thrown [s\src\hotspot\share\prims\jni.cpp, line 516]
Event: 86.209 Thread 0x000002aa596c69c0 Exception <a 'sun/nio/fs/WindowsException'{0x00000000eac1c538}> (0x00000000eac1c538) 
thrown [s\src\hotspot\share\prims\jni.cpp, line 516]

VM Operations (20 events):
Event: 84.987 Executing VM operation: HandshakeAllThreads
Event: 84.987 Executing VM operation: HandshakeAllThreads done
Event: 85.025 Executing VM operation: ParallelGCFailedAllocation
Event: 85.031 Executing VM operation: ParallelGCFailedAllocation done
Event: 85.246 Executing VM operation: ParallelGCFailedAllocation
Event: 85.284 Executing VM operation: ParallelGCFailedAllocation done
Event: 85.363 Executing VM operation: ParallelGCFailedAllocation
Event: 85.410 Executing VM operation: ParallelGCFailedAllocation done
Event: 85.477 Executing VM operation: ParallelGCFailedAllocation
Event: 85.485 Executing VM operation: ParallelGCFailedAllocation done
Event: 85.664 Executing VM operation: ParallelGCFailedAllocation
Event: 85.672 Executing VM operation: ParallelGCFailedAllocation done
Event: 85.974 Executing VM operation: ParallelGCFailedAllocation
Event: 85.986 Executing VM operation: ParallelGCFailedAllocation done
Event: 86.159 Executing VM operation: ParallelGCFailedAllocation
Event: 86.169 Executing VM operation: ParallelGCFailedAllocation done
Event: 86.420 Executing VM operation: HandshakeAllThreads
Event: 86.527 Executing VM operation: HandshakeAllThreads done
Event: 86.527 Executing VM operation: ParallelGCFailedAllocation
Event: 86.538 Executing VM operation: ParallelGCFailedAllocation done

Memory protections (0 events):
No events

Nmethod flushes (20 events):
Event: 82.233 Thread 0x000002aa564133e0 flushing  nmethod 0x000002aa4027e090
Event: 82.233 Thread 0x000002aa564133e0 flushing  nmethod 0x000002aa402a4b10
Event: 82.234 Thread 0x000002aa564133e0 flushing  nmethod 0x000002aa402a5710
Event: 82.241 Thread 0x000002aa564133e0 flushing  nmethod 0x000002aa408aa390
Event: 82.243 Thread 0x000002aa564133e0 flushing  nmethod 0x000002aa40a0c590
Event: 82.243 Thread 0x000002aa564133e0 flushing  nmethod 0x000002aa40a28410
Event: 82.243 Thread 0x000002aa564133e0 flushing  nmethod 0x000002aa40a2aa90
Event: 82.243 Thread 0x000002aa564133e0 flushing  nmethod 0x000002aa40a2b390
Event: 82.249 Thread 0x000002aa564133e0 flushing  nmethod 0x000002aa4101f210
Event: 82.249 Thread 0x000002aa564133e0 flushing  nmethod 0x000002aa4102f590
Event: 82.249 Thread 0x000002aa564133e0 flushing  nmethod 0x000002aa4102fe10
Event: 82.249 Thread 0x000002aa564133e0 flushing  nmethod 0x000002aa41030910
Event: 82.249 Thread 0x000002aa564133e0 flushing  nmethod 0x000002aa41030e90
Event: 82.249 Thread 0x000002aa564133e0 flushing  nmethod 0x000002aa41031590
Event: 82.249 Thread 0x000002aa564133e0 flushing  nmethod 0x000002aa41039990
Event: 82.249 Thread 0x000002aa564133e0 flushing  nmethod 0x000002aa41039f90
Event: 82.249 Thread 0x000002aa564133e0 flushing  nmethod 0x000002aa4103bf90
Event: 86.539 Thread 0x000002aa564133e0 flushing  nmethod 0x000002aa47e35310
Event: 86.562 Thread 0x000002aa564133e0 flushing  nmethod 0x000002aa40cf7990
Event: 86.566 Thread 0x000002aa564133e0 flushing  nmethod 0x000002aa41020e10

Events (20 events):
Event: 75.538 Thread 0x000002aa596c8820 Thread added: 0x000002aa5847c150
Event: 75.538 Thread 0x000002aa596c8820 Thread added: 0x000002aa5847eee0
Event: 79.431 Thread 0x000002aa596c8820 Thread added: 0x000002aa58481250
Event: 79.907 Thread 0x000002aa596c8820 Thread added: 0x000002aa5847f900
Event: 80.188 Thread 0x000002aa596c8820 Thread added: 0x000002aa5847daa0
Event: 80.671 Thread 0x000002aa596c8820 Thread added: 0x000002aa5847b220
Event: 80.844 Thread 0x000002aa596c8820 Thread added: 0x000002aa58481760
Event: 81.050 Thread 0x000002aa596c8820 Thread added: 0x000002aa5847fe10
Event: 81.172 Thread 0x000002aa596c8820 Thread added: 0x000002aa5847cb70
Event: 84.045 Thread 0x000002aa58a59860 Thread exited: 0x000002aa58a59860
Event: 84.045 Thread 0x000002aa5928d830 Thread exited: 0x000002aa5928d830
Event: 84.061 Thread 0x000002aa563fe300 Thread added: 0x000002aa5bd7c4d0
Event: 86.226 Thread 0x000002aa596c69c0 Thread added: 0x000002aa5847a800
Event: 86.442 Thread 0x000002aa596c69c0 Thread added: 0x000002aa5847c660
Event: 86.449 Thread 0x000002aa5847c660 Thread added: 0x000002aa58481c70
Event: 86.453 Thread 0x000002aa58481c70 Thread added: 0x000002aa58480320
Event: 86.499 Thread 0x000002aa58480320 Thread added: 0x000002aa5847ad10
Event: 86.570 Thread 0x000002aa5847ad10 Thread added: 0x000002aa5847bc40
Event: 86.583 Thread 0x000002aa5847bc40 Thread added: 0x000002aa5847d080
Event: 86.590 Thread 0x000002aa596c69c0 Thread added: 0x000002aa5847d590


Dynamic libraries:
0x00007ff6e3ed0000 - 0x00007ff6e3ede000 	c:\Users\ManSiek\.cursor\extensions\redhat.java-1.36.0-win32-x64\jre\17.0.13-win32-x86_64\bin\java.exe
0x00007ffe54670000 - 0x00007ffe54887000 	C:\WINDOWS\SYSTEM32\ntdll.dll
0x00007ffe52eb0000 - 0x00007ffe52f74000 	C:\WINDOWS\System32\KERNEL32.DLL
0x00007ffe51d70000 - 0x00007ffe52129000 	C:\WINDOWS\System32\KERNELBASE.dll
0x00007ffe51c50000 - 0x00007ffe51d61000 	C:\WINDOWS\System32\ucrtbase.dll
0x00007ffe49a50000 - 0x00007ffe49a67000 	c:\Users\ManSiek\.cursor\extensions\redhat.java-1.36.0-win32-x64\jre\17.0.13-win32-x86_64\bin\jli.dll
0x00007ffe52920000 - 0x00007ffe52ace000 	C:\WINDOWS\System32\USER32.dll
0x00007ffe522a0000 - 0x00007ffe522c6000 	C:\WINDOWS\System32\win32u.dll
0x00007ffe53520000 - 0x00007ffe53549000 	C:\WINDOWS\System32\GDI32.dll
0x00007ffe472d0000 - 0x00007ffe472ee000 	c:\Users\ManSiek\.cursor\extensions\redhat.java-1.36.0-win32-x64\jre\17.0.13-win32-x86_64\bin\VCRUNTIME140.dll
0x00007ffe51ac0000 - 0x00007ffe51bdb000 	C:\WINDOWS\System32\gdi32full.dll
0x00007ffe519a0000 - 0x00007ffe51a3a000 	C:\WINDOWS\System32\msvcp_win.dll
0x00007ffe476d0000 - 0x00007ffe47962000 	C:\WINDOWS\WinSxS\amd64_microsoft.windows.common-controls_6595b64144ccf1df_6.0.22621.4391_none_2715d37f73803e96\COMCTL32.dll
0x00007ffe52ba0000 - 0x00007ffe52c47000 	C:\WINDOWS\System32\msvcrt.dll
0x00007ffe534d0000 - 0x00007ffe53501000 	C:\WINDOWS\System32\IMM32.DLL
0x00007ffe49390000 - 0x00007ffe4939c000 	c:\Users\ManSiek\.cursor\extensions\redhat.java-1.36.0-win32-x64\jre\17.0.13-win32-x86_64\bin\vcruntime140_1.dll
0x00007ffe2e3c0000 - 0x00007ffe2e44d000 	c:\Users\ManSiek\.cursor\extensions\redhat.java-1.36.0-win32-x64\jre\17.0.13-win32-x86_64\bin\msvcp140.dll
0x00007ffdff8d0000 - 0x00007ffe0053b000 	c:\Users\ManSiek\.cursor\extensions\redhat.java-1.36.0-win32-x64\jre\17.0.13-win32-x86_64\bin\server\jvm.dll
0x00007ffe52f80000 - 0x00007ffe53032000 	C:\WINDOWS\System32\ADVAPI32.dll
0x00007ffe52870000 - 0x00007ffe52917000 	C:\WINDOWS\System32\sechost.dll
0x00007ffe51970000 - 0x00007ffe51998000 	C:\WINDOWS\System32\bcrypt.dll
0x00007ffe53550000 - 0x00007ffe53664000 	C:\WINDOWS\System32\RPCRT4.dll
0x00007ffe52b20000 - 0x00007ffe52b91000 	C:\WINDOWS\System32\WS2_32.dll
0x00007ffe51850000 - 0x00007ffe5189d000 	C:\WINDOWS\SYSTEM32\POWRPROF.dll
0x00007ffe497f0000 - 0x00007ffe497fa000 	C:\WINDOWS\SYSTEM32\VERSION.dll
0x00007ffe28180000 - 0x00007ffe281b4000 	C:\WINDOWS\SYSTEM32\WINMM.dll
0x00007ffe51820000 - 0x00007ffe51833000 	C:\WINDOWS\SYSTEM32\UMPDC.dll
0x00007ffe509b0000 - 0x00007ffe509c8000 	C:\WINDOWS\SYSTEM32\kernel.appcore.dll
0x00007ffe47da0000 - 0x00007ffe47daa000 	c:\Users\ManSiek\.cursor\extensions\redhat.java-1.36.0-win32-x64\jre\17.0.13-win32-x86_64\bin\jimage.dll
0x00007ffe4f440000 - 0x00007ffe4f672000 	C:\WINDOWS\SYSTEM32\DBGHELP.DLL
0x00007ffe542a0000 - 0x00007ffe5462f000 	C:\WINDOWS\System32\combase.dll
0x00007ffe54000000 - 0x00007ffe540d7000 	C:\WINDOWS\System32\OLEAUT32.dll
0x00007ffe36620000 - 0x00007ffe36652000 	C:\WINDOWS\SYSTEM32\dbgcore.DLL
0x00007ffe51a40000 - 0x00007ffe51abb000 	C:\WINDOWS\System32\bcryptPrimitives.dll
0x00007ffe47d70000 - 0x00007ffe47d7e000 	c:\Users\ManSiek\.cursor\extensions\redhat.java-1.36.0-win32-x64\jre\17.0.13-win32-x86_64\bin\instrument.dll
0x00007ffe35210000 - 0x00007ffe35235000 	c:\Users\ManSiek\.cursor\extensions\redhat.java-1.36.0-win32-x64\jre\17.0.13-win32-x86_64\bin\java.dll
0x00007ffe3d9b0000 - 0x00007ffe3d9c8000 	c:\Users\ManSiek\.cursor\extensions\redhat.java-1.36.0-win32-x64\jre\17.0.13-win32-x86_64\bin\zip.dll
0x00007ffe536d0000 - 0x00007ffe53f46000 	C:\WINDOWS\System32\SHELL32.dll
0x00007ffe4f8b0000 - 0x00007ffe501b3000 	C:\WINDOWS\SYSTEM32\windows.storage.dll
0x00007ffe4f770000 - 0x00007ffe4f8af000 	C:\WINDOWS\SYSTEM32\wintypes.dll
0x00007ffe52770000 - 0x00007ffe52869000 	C:\WINDOWS\System32\SHCORE.dll
0x00007ffe52390000 - 0x00007ffe523ee000 	C:\WINDOWS\System32\shlwapi.dll
0x00007ffe518a0000 - 0x00007ffe518cb000 	C:\WINDOWS\SYSTEM32\profapi.dll
0x00007ffe36980000 - 0x00007ffe36999000 	C:\Users\ManSiek\.cursor\extensions\redhat.java-1.36.0-win32-x64\jre\17.0.13-win32-x86_64\bin\net.dll
0x00007ffe4a1f0000 - 0x00007ffe4a326000 	C:\WINDOWS\SYSTEM32\WINHTTP.dll
0x00007ffe50e30000 - 0x00007ffe50e99000 	C:\WINDOWS\system32\mswsock.dll
0x00007ffe351f0000 - 0x00007ffe35206000 	C:\Users\ManSiek\.cursor\extensions\redhat.java-1.36.0-win32-x64\jre\17.0.13-win32-x86_64\bin\nio.dll
0x00007ffe3c7a0000 - 0x00007ffe3c7b0000 	c:\Users\ManSiek\.cursor\extensions\redhat.java-1.36.0-win32-x64\jre\17.0.13-win32-x86_64\bin\verify.dll
0x00007ffe2e2f0000 - 0x00007ffe2e335000 	C:\Users\ManSiek\AppData\Roaming\Cursor\User\globalStorage\redhat.java\1.36.0\config_win\org.eclipse.equinox.launcher\org.eclipse.equinox.launcher.win32.win32.x86_64_1.2.1100.v20240722-2106\eclipse_11904.dll
0x00007ffe52520000 - 0x00007ffe526c5000 	C:\WINDOWS\System32\ole32.dll
0x00007ffe51090000 - 0x00007ffe510ab000 	C:\WINDOWS\SYSTEM32\CRYPTSP.dll
0x00007ffe50910000 - 0x00007ffe50945000 	C:\WINDOWS\system32\rsaenh.dll
0x00007ffe50f20000 - 0x00007ffe50f48000 	C:\WINDOWS\SYSTEM32\USERENV.dll
0x00007ffe51080000 - 0x00007ffe5108c000 	C:\WINDOWS\SYSTEM32\CRYPTBASE.dll
0x00007ffe50420000 - 0x00007ffe5044d000 	C:\WINDOWS\SYSTEM32\IPHLPAPI.DLL
0x00007ffe53510000 - 0x00007ffe53519000 	C:\WINDOWS\System32\NSI.dll
0x00007ffe49e80000 - 0x00007ffe49e99000 	C:\WINDOWS\SYSTEM32\dhcpcsvc6.DLL
0x00007ffe499a0000 - 0x00007ffe499bf000 	C:\WINDOWS\SYSTEM32\dhcpcsvc.DLL
0x00007ffe50490000 - 0x00007ffe50592000 	C:\WINDOWS\SYSTEM32\DNSAPI.dll
0x00007ffe17090000 - 0x00007ffe170d9000 	C:\Users\ManSiek\AppData\Local\Temp\jna--1795468842\jna17331531389564309909.dll
0x00007ffe534c0000 - 0x00007ffe534c8000 	C:\WINDOWS\System32\PSAPI.DLL

dbghelp: loaded successfully - version: 4.0.5 - missing functions: none
symbol engine: initialized successfully - sym options: 0x614 - pdb path: .;c:\Users\ManSiek\.cursor\extensions\redhat.java-1.36.0-win32-x64\jre\17.0.13-win32-x86_64\bin;C:\WINDOWS\SYSTEM32;C:\WINDOWS\WinSxS\amd64_microsoft.windows.common-controls_6595b64144ccf1df_6.0.22621.4391_none_2715d37f73803e96;c:\Users\ManSiek\.cursor\extensions\redhat.java-1.36.0-win32-x64\jre\17.0.13-win32-x86_64\bin\server;C:\Users\ManSiek\AppData\Roaming\Cursor\User\globalStorage\redhat.java\1.36.0\config_win\org.eclipse.equinox.launcher\org.eclipse.equinox.launcher.win32.win32.x86_64_1.2.1100.v20240722-2106;C:\Users\ManSiek\AppData\Local\Temp\jna--1795468842

VM Arguments:
jvm_args: --add-modules=ALL-SYSTEM --add-opens=java.base/java.util=ALL-UNNAMED --add-opens=java.base/java.lang=ALL-UNNAMED --add-opens=java.base/sun.nio.fs=ALL-UNNAMED -Declipse.application=org.eclipse.jdt.ls.core.id1 -Dosgi.bundles.defaultStartLevel=4 -Declipse.product=org.eclipse.jdt.ls.core.product -Djava.import.generatesMetadataFilesAtProjectRoot=false -DDetectVMInstallationsJob.disabled=true -Dfile.encoding=utf8 -XX:+UseParallelGC -XX:GCTimeRatio=4 -XX:AdaptiveSizePolicyWeight=90 -Dsun.zip.disableMemoryMapping=true -Xmx1G -Xms100m -Xlog:disable -javaagent:c:\Users\ManSiek\.cursor\extensions\redhat.java-1.36.0-win32-x64\lombok\lombok-1.18.35.jar -XX:+HeapDumpOnOutOfMemoryError -XX:HeapDumpPath=c:\Users\ManSiek\AppData\Roaming\Cursor\User\workspaceStorage\1fb9b20678c8910858ca9e0fdacec41e\redhat.java -Daether.dependencyCollector.impl=bf 
java_command: c:\Users\ManSiek\.cursor\extensions\redhat.java-1.36.0-win32-x64\server\plugins\org.eclipse.equinox.launcher_1.6.900.v20240613-2009.jar -configuration c:\Users\ManSiek\AppData\Roaming\Cursor\User\globalStorage\redhat.java\1.36.0\config_win -data c:\Users\ManSiek\AppData\Roaming\Cursor\User\workspaceStorage\1fb9b20678c8910858ca9e0fdacec41e\redhat.java\jdt_ws --pipe=\\.\pipe\lsp-cb95d75c7ab5b3b0795181fe031e06b5-sock
java_class_path (initial): c:\Users\ManSiek\.cursor\extensions\redhat.java-1.36.0-win32-x64\server\plugins\org.eclipse.equinox.launcher_1.6.900.v20240613-2009.jar
Launcher Type: SUN_STANDARD

[Global flags]
    uintx AdaptiveSizePolicyWeight                 = 90                                        {product} {command line}
     intx CICompilerCount                          = 4                                         {product} {ergonomic}
    uintx GCTimeRatio                              = 4                                         {product} {command line}
     bool HeapDumpOnOutOfMemoryError               = true                                   {manageable} {command line}
    ccstr HeapDumpPath                             = c:\Users\ManSiek\AppData\Roaming\Cursor\User\workspaceStorage\1fb9b20678c8910858ca9e0fdacec41e\redhat.java         {manageable} {command line}
   size_t InitialHeapSize                          = 104857600                                 {product} {command line}
   size_t MaxHeapSize                              = 1073741824                                {product} {command line}
   size_t MaxNewSize                               = 357564416                                 {product} {ergonomic}
   size_t MinHeapDeltaBytes                        = 524288                                    {product} {ergonomic}
   size_t MinHeapSize                              = 104857600                                 {product} {command line}
   size_t NewSize                                  = 34603008                                  {product} {ergonomic}
    uintx NonNMethodCodeHeapSize                   = 5839372                                {pd product} {ergonomic}
    uintx NonProfiledCodeHeapSize                  = 122909434                              {pd product} {ergonomic}
   size_t OldSize                                  = 70254592                                  {product} {ergonomic}
    uintx ProfiledCodeHeapSize                     = 122909434                              {pd product} {ergonomic}
    uintx ReservedCodeCacheSize                    = 251658240                              {pd product} {ergonomic}
     bool SegmentedCodeCache                       = true                                      {product} {ergonomic}
   size_t SoftMaxHeapSize                          = 1073741824                             {manageable} {ergonomic}
     bool UseCompressedClassPointers               = true                           {product lp64_product} {ergonomic}
     bool UseCompressedOops                        = true                           {product lp64_product} {ergonomic}
     bool UseLargePagesIndividualAllocation        = false                                  {pd product} {ergonomic}
     bool UseParallelGC                            = true                                      {product} {command line}

Logging:
Log output configuration:
 #0: stdout all=off uptime,level,tags
 #1: stderr all=off uptime,level,tags

Environment Variables:
PATH=C:\Program Files\Common Files\Oracle\Java\javapath;C:\WINDOWS\system32;C:\WINDOWS;C:\WINDOWS\System32\Wbem;C:\WINDOWS\System32\WindowsPowerShell\v1.0\;C:\WINDOWS\System32\OpenSSH\;C:\Program Files\Microsoft SQL Server\Client SDK\ODBC\170\Tools\Binn\;C:\Program Files (x86)\Microsoft SQL Server\160\DTS\Binn\;C:\Program Files (x86)\Microsoft SQL Server\160\Tools\Binn\;C:\Program Files\Microsoft SQL Server\160\Tools\Binn\;C:\Program Files\Microsoft SQL Server\160\DTS\Binn\;C:\Program Files\Microsoft SQL Server\150\Tools\Binn\;C:\Program Files\dotnet\;C:\Program Files\nodejs\;C:\Users\ManSiek\AppData\Local\Microsoft\WindowsApps;D:\Application\Microsoft VS Code\bin;C:\Users\ManSiek\.dotnet\tools;C:\Users\ManSiek\AppData\Roaming\npm
USERNAME=ManSiek
OS=Windows_NT
PROCESSOR_IDENTIFIER=Intel64 Family 6 Model 126 Stepping 5, GenuineIntel
TMP=C:\Users\ManSiek\AppData\Local\Temp
TEMP=C:\Users\ManSiek\AppData\Local\Temp



Periodic native trim disabled


---------------  S Y S T E M  ---------------

OS:
 Windows 11 , 64 bit Build 22621 (10.0.22621.4391)
OS uptime: 1 days 1:41 hours

CPU: total 8 (initial active 8) (4 cores per cpu, 2 threads per core) family 6 model 126 stepping 5 microcode 0x86, cx8, cmov, fxsr, ht, mmx, 3dnowpref, sse, sse2, sse3, ssse3, sse4.1, sse4.2, popcnt, lzcnt, tsc, tscinvbit, avx, avx2, aes, erms, clmul, bmi1, bmi2, adx, avx512f, avx512dq, avx512cd, avx512bw, avx512vl, sha, fma, vzeroupper, avx512_vpopcntdq, avx512_vpclmulqdq, avx512_vaes, avx512_vnni, clflush, clflushopt, avx512_vbmi2, avx512_vbmi
Processor Information for all 8 processors :
  Max Mhz: 1190, Current Mhz: 991, Mhz Limit: 987

Memory: 4k page, system-wide physical 7967M (500M free)
TotalPageFile size 16599M (AvailPageFile size 21M)
current process WorkingSet (physical memory assigned to process): 456M, peak: 456M
current process commit charge ("private bytes"): 473M, peak: 475M

vm_info: OpenJDK 64-Bit Server VM (17.0.13+11) for windows-amd64 JRE (17.0.13+11), built on Oct 16 2024 00:10:08 by "admin" with MS VC++ 17.7 (VS2022)

END.
